<?xml version="1.0" encoding="utf-8"?>
<CoverageSession xmlns:xsd="http://www.w3.org/2001/XMLSchema" xmlns:xsi="http://www.w3.org/2001/XMLSchema-instance" Version="4.7.922.0">
  <Summary numSequencePoints="841" visitedSequencePoints="93" numBranchPoints="234" visitedBranchPoints="50" sequenceCoverage="11.06" branchCoverage="21.37" maxCyclomaticComplexity="10" minCyclomaticComplexity="1" maxCrapScore="110" minCrapScore="1" visitedClasses="9" numClasses="13" visitedMethods="25" numMethods="96" />
  <Modules>
    <Module hash="98-5A-EC-81-59-F6-C2-87-89-7B-0C-7F-D8-E0-29-5C-1B-5B-24-81">
      <Summary numSequencePoints="841" visitedSequencePoints="93" numBranchPoints="234" visitedBranchPoints="50" sequenceCoverage="11.06" branchCoverage="21.37" maxCyclomaticComplexity="10" minCyclomaticComplexity="1" maxCrapScore="110" minCrapScore="1" visitedClasses="9" numClasses="13" visitedMethods="25" numMethods="96" />
      <ModulePath>C:\Users\Michaltchuk\Desktop\NDD\ControleDeTarefas\ControleDeTarefas_2.0\Testes\bin\Debug\fine-code-coverage\build-output\ControleDeTarefas_2.0.ConsoleApp.exe</ModulePath>
      <ModuleTime>2021-06-28T02:06:07.2621533Z</ModuleTime>
      <ModuleName>ControleDeTarefas_2.0.ConsoleApp</ModuleName>
      <Files>
        <File uid="1" fullPath="C:\Users\Michaltchuk\Desktop\NDD\ControleDeTarefas\ControleDeTarefas_2.0\ControleDeTarefas_2.0.ConsoleApp\Program.cs" />
        <File uid="2" fullPath="C:\Users\Michaltchuk\Desktop\NDD\ControleDeTarefas\ControleDeTarefas_2.0\ControleDeTarefas_2.0.ConsoleApp\Telas\TelaCadastro.cs" />
        <File uid="3" fullPath="C:\Users\Michaltchuk\Desktop\NDD\ControleDeTarefas\ControleDeTarefas_2.0\ControleDeTarefas_2.0.ConsoleApp\Telas\TelaCompromisso.cs" />
        <File uid="4" fullPath="C:\Users\Michaltchuk\Desktop\NDD\ControleDeTarefas\ControleDeTarefas_2.0\ControleDeTarefas_2.0.ConsoleApp\Telas\TelaContato.cs" />
        <File uid="5" fullPath="C:\Users\Michaltchuk\Desktop\NDD\ControleDeTarefas\ControleDeTarefas_2.0\ControleDeTarefas_2.0.ConsoleApp\Telas\TelaTarefa.cs" />
        <File uid="6" fullPath="C:\Users\Michaltchuk\Desktop\NDD\ControleDeTarefas\ControleDeTarefas_2.0\ControleDeTarefas_2.0.ConsoleApp\Dominio\Tarefa.cs" />
        <File uid="7" fullPath="C:\Users\Michaltchuk\Desktop\NDD\ControleDeTarefas\ControleDeTarefas_2.0\ControleDeTarefas_2.0.ConsoleApp\Telas\TelaBase.cs" />
        <File uid="8" fullPath="C:\Users\Michaltchuk\Desktop\NDD\ControleDeTarefas\ControleDeTarefas_2.0\ControleDeTarefas_2.0.ConsoleApp\Telas\TelaPrincipal.cs" />
        <File uid="9" fullPath="C:\Users\Michaltchuk\Desktop\NDD\ControleDeTarefas\ControleDeTarefas_2.0\ControleDeTarefas_2.0.ConsoleApp\Dominio\Compromisso.cs" />
        <File uid="10" fullPath="C:\Users\Michaltchuk\Desktop\NDD\ControleDeTarefas\ControleDeTarefas_2.0\ControleDeTarefas_2.0.ConsoleApp\Dominio\Contatos.cs" />
        <File uid="11" fullPath="C:\Users\Michaltchuk\Desktop\NDD\ControleDeTarefas\ControleDeTarefas_2.0\ControleDeTarefas_2.0.ConsoleApp\Controladores\ControladorCompromisso.cs" />
        <File uid="12" fullPath="C:\Users\Michaltchuk\Desktop\NDD\ControleDeTarefas\ControleDeTarefas_2.0\ControleDeTarefas_2.0.ConsoleApp\Controladores\ControladorContatos.cs" />
        <File uid="13" fullPath="C:\Users\Michaltchuk\Desktop\NDD\ControleDeTarefas\ControleDeTarefas_2.0\ControleDeTarefas_2.0.ConsoleApp\Controladores\ControladorTarefa.cs" />
      </Files>
      <Classes>
        <Class>
          <Summary numSequencePoints="22" visitedSequencePoints="0" numBranchPoints="14" visitedBranchPoints="0" sequenceCoverage="0" branchCoverage="0" maxCyclomaticComplexity="7" minCyclomaticComplexity="1" maxCrapScore="56" minCrapScore="2" visitedClasses="0" numClasses="1" visitedMethods="0" numMethods="2" />
          <FullName>ControleDeTarefas_2._0.ConsoleApp.Program</FullName>
          <Methods>
            <Method visited="false" cyclomaticComplexity="7" nPathComplexity="64" sequenceCoverage="0" branchCoverage="0" crapScore="56" isConstructor="false" isStatic="true" isGetter="false" isSetter="false">
              <Summary numSequencePoints="21" visitedSequencePoints="0" numBranchPoints="13" visitedBranchPoints="0" sequenceCoverage="0" branchCoverage="0" maxCyclomaticComplexity="7" minCyclomaticComplexity="7" maxCrapScore="56" minCrapScore="56" visitedClasses="0" numClasses="0" visitedMethods="0" numMethods="1" />
              <MetadataToken>100663297</MetadataToken>
              <Name>System.Void ControleDeTarefas_2._0.ConsoleApp.Program::Main(System.String[])</Name>
              <FileRef uid="1" />
              <SequencePoints>
                <SequencePoint vc="0" uspid="1" ordinal="0" offset="0" sl="16" sc="9" el="16" ec="10" bec="0" bev="0" fileid="1" />
                <SequencePoint vc="0" uspid="2" ordinal="1" offset="6" sl="18" sc="13" el="18" ec="14" bec="0" bev="0" fileid="1" />
                <SequencePoint vc="0" uspid="3" ordinal="2" offset="7" sl="19" sc="17" el="19" ec="88" bec="0" bev="0" fileid="1" />
                <SequencePoint vc="0" uspid="4" ordinal="3" offset="23" sl="21" sc="17" el="21" ec="45" bec="2" bev="0" fileid="1" />
                <SequencePoint vc="0" uspid="5" ordinal="4" offset="31" sl="22" sc="21" el="22" ec="27" bec="0" bev="0" fileid="1" />
                <SequencePoint vc="0" uspid="6" ordinal="5" offset="36" sl="24" sc="17" el="24" ec="33" bec="0" bev="0" fileid="1" />
                <SequencePoint vc="0" uspid="7" ordinal="6" offset="42" sl="26" sc="17" el="26" ec="61" bec="0" bev="0" fileid="1" />
                <SequencePoint vc="0" uspid="8" ordinal="7" offset="49" sl="28" sc="17" el="28" ec="75" bec="2" bev="0" fileid="1" />
                <SequencePoint vc="0" uspid="9" ordinal="8" offset="65" sl="29" sc="21" el="29" ec="30" bec="0" bev="0" fileid="1" />
                <SequencePoint vc="0" uspid="10" ordinal="9" offset="67" sl="31" sc="21" el="31" ec="38" bec="2" bev="0" fileid="1" />
                <SequencePoint vc="0" uspid="11" ordinal="10" offset="84" sl="32" sc="25" el="32" ec="63" bec="0" bev="0" fileid="1" />
                <SequencePoint vc="0" uspid="12" ordinal="11" offset="93" sl="34" sc="26" el="34" ec="43" bec="2" bev="0" fileid="1" />
                <SequencePoint vc="0" uspid="13" ordinal="12" offset="110" sl="35" sc="25" el="35" ec="63" bec="0" bev="0" fileid="1" />
                <SequencePoint vc="0" uspid="14" ordinal="13" offset="119" sl="37" sc="26" el="37" ec="43" bec="2" bev="0" fileid="1" />
                <SequencePoint vc="0" uspid="15" ordinal="14" offset="136" sl="38" sc="25" el="38" ec="58" bec="0" bev="0" fileid="1" />
                <SequencePoint vc="0" uspid="16" ordinal="15" offset="145" sl="40" sc="26" el="40" ec="43" bec="2" bev="0" fileid="1" />
                <SequencePoint vc="0" uspid="17" ordinal="16" offset="162" sl="41" sc="25" el="41" ec="59" bec="0" bev="0" fileid="1" />
                <SequencePoint vc="0" uspid="18" ordinal="17" offset="169" sl="43" sc="17" el="43" ec="33" bec="0" bev="0" fileid="1" />
                <SequencePoint vc="0" uspid="19" ordinal="18" offset="175" sl="44" sc="13" el="44" ec="14" bec="0" bev="0" fileid="1" />
                <SequencePoint vc="0" uspid="20" ordinal="19" offset="176" sl="17" sc="13" el="17" ec="25" bec="0" bev="0" fileid="1" />
                <SequencePoint vc="0" uspid="21" ordinal="20" offset="184" sl="45" sc="9" el="45" ec="10" bec="0" bev="0" fileid="1" />
              </SequencePoints>
              <BranchPoints>
                <BranchPoint vc="0" uspid="22" ordinal="0" offset="29" sl="21" path="0" offsetchain="31" offsetend="184" fileid="1" />
                <BranchPoint vc="0" uspid="23" ordinal="1" offset="29" sl="21" path="1" offsetend="36" fileid="1" />
                <BranchPoint vc="0" uspid="24" ordinal="2" offset="63" sl="28" path="0" offsetchain="65" offsetend="176" fileid="1" />
                <BranchPoint vc="0" uspid="25" ordinal="3" offset="63" sl="28" path="1" offsetend="67" fileid="1" />
                <BranchPoint vc="0" uspid="26" ordinal="4" offset="82" sl="31" path="0" offsetend="84" fileid="1" />
                <BranchPoint vc="0" uspid="27" ordinal="5" offset="82" sl="31" path="1" offsetend="93" fileid="1" />
                <BranchPoint vc="0" uspid="28" ordinal="6" offset="108" sl="34" path="0" offsetend="110" fileid="1" />
                <BranchPoint vc="0" uspid="29" ordinal="7" offset="108" sl="34" path="1" offsetend="119" fileid="1" />
                <BranchPoint vc="0" uspid="30" ordinal="8" offset="134" sl="37" path="0" offsetend="136" fileid="1" />
                <BranchPoint vc="0" uspid="31" ordinal="9" offset="134" sl="37" path="1" offsetend="145" fileid="1" />
                <BranchPoint vc="0" uspid="32" ordinal="10" offset="160" sl="40" path="0" offsetend="162" fileid="1" />
                <BranchPoint vc="0" uspid="33" ordinal="11" offset="160" sl="40" path="1" offsetend="169" fileid="1" />
              </BranchPoints>
              <MethodPoint xsi:type="SequencePoint" vc="0" uspid="1" ordinal="0" offset="0" sl="16" sc="9" el="16" ec="10" bec="0" bev="0" fileid="1" />
            </Method>
            <Method visited="false" cyclomaticComplexity="1" nPathComplexity="0" sequenceCoverage="0" branchCoverage="0" crapScore="2" isConstructor="true" isStatic="false" isGetter="false" isSetter="false">
              <Summary numSequencePoints="0" visitedSequencePoints="0" numBranchPoints="0" visitedBranchPoints="0" sequenceCoverage="0" branchCoverage="0" maxCyclomaticComplexity="1" minCyclomaticComplexity="1" maxCrapScore="2" minCrapScore="2" visitedClasses="0" numClasses="0" visitedMethods="0" numMethods="0" />
              <MetadataToken>100663298</MetadataToken>
              <Name>System.Void ControleDeTarefas_2._0.ConsoleApp.Program::.ctor()</Name>
              <SequencePoints />
              <BranchPoints />
              <MethodPoint vc="0" uspid="34" ordinal="0" offset="0" />
            </Method>
            <Method visited="false" cyclomaticComplexity="1" nPathComplexity="0" sequenceCoverage="0" branchCoverage="0" crapScore="2" isConstructor="true" isStatic="true" isGetter="false" isSetter="false">
              <Summary numSequencePoints="1" visitedSequencePoints="0" numBranchPoints="1" visitedBranchPoints="0" sequenceCoverage="0" branchCoverage="0" maxCyclomaticComplexity="1" minCyclomaticComplexity="1" maxCrapScore="2" minCrapScore="2" visitedClasses="0" numClasses="0" visitedMethods="0" numMethods="1" />
              <MetadataToken>100663299</MetadataToken>
              <Name>System.Void ControleDeTarefas_2._0.ConsoleApp.Program::.cctor()</Name>
              <FileRef uid="1" />
              <SequencePoints>
                <SequencePoint vc="0" uspid="35" ordinal="0" offset="0" sl="13" sc="9" el="13" ec="66" bec="0" bev="0" fileid="1" />
              </SequencePoints>
              <BranchPoints />
              <MethodPoint xsi:type="SequencePoint" vc="0" uspid="35" ordinal="0" offset="0" sl="13" sc="9" el="13" ec="66" bec="0" bev="0" fileid="1" />
            </Method>
          </Methods>
        </Class>
        <Class>
          <Summary numSequencePoints="39" visitedSequencePoints="4" numBranchPoints="11" visitedBranchPoints="1" sequenceCoverage="10.26" branchCoverage="9.09" maxCyclomaticComplexity="2" minCyclomaticComplexity="1" maxCrapScore="6" minCrapScore="1" visitedClasses="1" numClasses="1" visitedMethods="1" numMethods="5" />
          <FullName>ControleDeTarefas_2._0.ConsoleApp.Telas.TelaCadastros`1</FullName>
          <Methods>
            <Method visited="true" cyclomaticComplexity="1" nPathComplexity="0" sequenceCoverage="100" branchCoverage="100" crapScore="1" isConstructor="true" isStatic="false" isGetter="false" isSetter="false">
              <Summary numSequencePoints="4" visitedSequencePoints="4" numBranchPoints="1" visitedBranchPoints="1" sequenceCoverage="100" branchCoverage="100" maxCyclomaticComplexity="1" minCyclomaticComplexity="1" maxCrapScore="1" minCrapScore="1" visitedClasses="0" numClasses="0" visitedMethods="1" numMethods="1" />
              <MetadataToken>100663305</MetadataToken>
              <Name>System.Void ControleDeTarefas_2._0.ConsoleApp.Telas.TelaCadastros`1::.ctor(System.String,ControleDeTarefas_2._0.ConsoleApp.Controladores.Controlador`1&lt;T&gt;)</Name>
              <FileRef uid="2" />
              <SequencePoints>
                <SequencePoint vc="63" uspid="36" ordinal="0" offset="0" sl="19" sc="9" el="19" ec="72" bec="0" bev="0" fileid="2" />
                <SequencePoint vc="63" uspid="37" ordinal="1" offset="7" sl="20" sc="9" el="20" ec="10" bec="0" bev="0" fileid="2" />
                <SequencePoint vc="63" uspid="38" ordinal="2" offset="8" sl="21" sc="13" el="21" ec="44" bec="0" bev="0" fileid="2" />
                <SequencePoint vc="63" uspid="39" ordinal="3" offset="15" sl="22" sc="9" el="22" ec="10" bec="0" bev="0" fileid="2" />
              </SequencePoints>
              <BranchPoints />
              <MethodPoint xsi:type="SequencePoint" vc="63" uspid="36" ordinal="0" offset="0" sl="19" sc="9" el="19" ec="72" bec="0" bev="0" fileid="2" />
            </Method>
            <Method visited="false" cyclomaticComplexity="2" nPathComplexity="2" sequenceCoverage="0" branchCoverage="0" crapScore="6" isConstructor="false" isStatic="false" isGetter="false" isSetter="false">
              <Summary numSequencePoints="8" visitedSequencePoints="0" numBranchPoints="3" visitedBranchPoints="0" sequenceCoverage="0" branchCoverage="0" maxCyclomaticComplexity="2" minCyclomaticComplexity="2" maxCrapScore="6" minCrapScore="6" visitedClasses="0" numClasses="0" visitedMethods="0" numMethods="1" />
              <MetadataToken>100663306</MetadataToken>
              <Name>System.Void ControleDeTarefas_2._0.ConsoleApp.Telas.TelaCadastros`1::InserirNovoRegistro()</Name>
              <FileRef uid="2" />
              <SequencePoints>
                <SequencePoint vc="0" uspid="40" ordinal="0" offset="0" sl="25" sc="9" el="25" ec="10" bec="0" bev="0" fileid="2" />
                <SequencePoint vc="0" uspid="41" ordinal="1" offset="1" sl="26" sc="13" el="26" ec="61" bec="0" bev="0" fileid="2" />
                <SequencePoint vc="0" uspid="42" ordinal="2" offset="13" sl="28" sc="13" el="28" ec="60" bec="0" bev="0" fileid="2" />
                <SequencePoint vc="0" uspid="43" ordinal="3" offset="21" sl="30" sc="13" el="30" ec="73" bec="0" bev="0" fileid="2" />
                <SequencePoint vc="0" uspid="44" ordinal="4" offset="34" sl="32" sc="13" el="32" ec="63" bec="2" bev="0" fileid="2" />
                <SequencePoint vc="0" uspid="45" ordinal="5" offset="49" sl="33" sc="17" el="33" ec="76" bec="0" bev="0" fileid="2" />
                <SequencePoint vc="0" uspid="46" ordinal="6" offset="60" sl="35" sc="17" el="35" ec="73" bec="0" bev="0" fileid="2" />
                <SequencePoint vc="0" uspid="47" ordinal="7" offset="69" sl="36" sc="9" el="36" ec="10" bec="0" bev="0" fileid="2" />
              </SequencePoints>
              <BranchPoints>
                <BranchPoint vc="0" uspid="48" ordinal="0" offset="47" sl="32" path="0" offsetend="49" fileid="2" />
                <BranchPoint vc="0" uspid="49" ordinal="1" offset="47" sl="32" path="1" offsetend="60" fileid="2" />
              </BranchPoints>
              <MethodPoint xsi:type="SequencePoint" vc="0" uspid="40" ordinal="0" offset="0" sl="25" sc="9" el="25" ec="10" bec="0" bev="0" fileid="2" />
            </Method>
            <Method visited="false" cyclomaticComplexity="2" nPathComplexity="2" sequenceCoverage="0" branchCoverage="0" crapScore="6" isConstructor="false" isStatic="false" isGetter="false" isSetter="false">
              <Summary numSequencePoints="12" visitedSequencePoints="0" numBranchPoints="3" visitedBranchPoints="0" sequenceCoverage="0" branchCoverage="0" maxCyclomaticComplexity="2" minCyclomaticComplexity="2" maxCrapScore="6" minCrapScore="6" visitedClasses="0" numClasses="0" visitedMethods="0" numMethods="1" />
              <MetadataToken>100663307</MetadataToken>
              <Name>System.Void ControleDeTarefas_2._0.ConsoleApp.Telas.TelaCadastros`1::EditarRegistro()</Name>
              <FileRef uid="2" />
              <SequencePoints>
                <SequencePoint vc="0" uspid="50" ordinal="0" offset="0" sl="39" sc="9" el="39" ec="10" bec="0" bev="0" fileid="2" />
                <SequencePoint vc="0" uspid="51" ordinal="1" offset="1" sl="40" sc="13" el="40" ec="52" bec="0" bev="0" fileid="2" />
                <SequencePoint vc="0" uspid="52" ordinal="2" offset="13" sl="41" sc="13" el="41" ec="26" bec="0" bev="0" fileid="2" />
                <SequencePoint vc="0" uspid="53" ordinal="3" offset="20" sl="43" sc="13" el="43" ec="79" bec="0" bev="0" fileid="2" />
                <SequencePoint vc="0" uspid="54" ordinal="4" offset="31" sl="44" sc="13" el="44" ec="68" bec="0" bev="0" fileid="2" />
                <SequencePoint vc="0" uspid="55" ordinal="5" offset="42" sl="45" sc="13" el="45" ec="29" bec="0" bev="0" fileid="2" />
                <SequencePoint vc="0" uspid="56" ordinal="6" offset="48" sl="47" sc="13" el="47" ec="59" bec="0" bev="0" fileid="2" />
                <SequencePoint vc="0" uspid="57" ordinal="7" offset="56" sl="48" sc="13" el="48" ec="90" bec="0" bev="0" fileid="2" />
                <SequencePoint vc="0" uspid="58" ordinal="8" offset="70" sl="50" sc="13" el="50" ec="63" bec="2" bev="0" fileid="2" />
                <SequencePoint vc="0" uspid="59" ordinal="9" offset="85" sl="51" sc="17" el="51" ec="76" bec="0" bev="0" fileid="2" />
                <SequencePoint vc="0" uspid="60" ordinal="10" offset="96" sl="53" sc="17" el="53" ec="73" bec="0" bev="0" fileid="2" />
                <SequencePoint vc="0" uspid="61" ordinal="11" offset="105" sl="54" sc="9" el="54" ec="10" bec="0" bev="0" fileid="2" />
              </SequencePoints>
              <BranchPoints>
                <BranchPoint vc="0" uspid="62" ordinal="0" offset="83" sl="50" path="0" offsetend="85" fileid="2" />
                <BranchPoint vc="0" uspid="63" ordinal="1" offset="83" sl="50" path="1" offsetend="96" fileid="2" />
              </BranchPoints>
              <MethodPoint xsi:type="SequencePoint" vc="0" uspid="50" ordinal="0" offset="0" sl="39" sc="9" el="39" ec="10" bec="0" bev="0" fileid="2" />
            </Method>
            <Method visited="false" cyclomaticComplexity="2" nPathComplexity="2" sequenceCoverage="0" branchCoverage="0" crapScore="6" isConstructor="false" isStatic="false" isGetter="false" isSetter="false">
              <Summary numSequencePoints="11" visitedSequencePoints="0" numBranchPoints="3" visitedBranchPoints="0" sequenceCoverage="0" branchCoverage="0" maxCyclomaticComplexity="2" minCyclomaticComplexity="2" maxCrapScore="6" minCrapScore="6" visitedClasses="0" numClasses="0" visitedMethods="0" numMethods="1" />
              <MetadataToken>100663308</MetadataToken>
              <Name>System.Void ControleDeTarefas_2._0.ConsoleApp.Telas.TelaCadastros`1::ExcluirRegistro()</Name>
              <FileRef uid="2" />
              <SequencePoints>
                <SequencePoint vc="0" uspid="64" ordinal="0" offset="0" sl="57" sc="9" el="57" ec="10" bec="0" bev="0" fileid="2" />
                <SequencePoint vc="0" uspid="65" ordinal="1" offset="1" sl="58" sc="13" el="58" ec="53" bec="0" bev="0" fileid="2" />
                <SequencePoint vc="0" uspid="66" ordinal="2" offset="13" sl="59" sc="13" el="59" ec="26" bec="0" bev="0" fileid="2" />
                <SequencePoint vc="0" uspid="67" ordinal="3" offset="20" sl="61" sc="13" el="61" ec="80" bec="0" bev="0" fileid="2" />
                <SequencePoint vc="0" uspid="68" ordinal="4" offset="31" sl="62" sc="13" el="62" ec="68" bec="0" bev="0" fileid="2" />
                <SequencePoint vc="0" uspid="69" ordinal="5" offset="42" sl="64" sc="13" el="64" ec="76" bec="0" bev="0" fileid="2" />
                <SequencePoint vc="0" uspid="70" ordinal="6" offset="55" sl="65" sc="13" el="65" ec="77" bec="0" bev="0" fileid="2" />
                <SequencePoint vc="0" uspid="71" ordinal="7" offset="68" sl="67" sc="13" el="67" ec="61" bec="2" bev="0" fileid="2" />
                <SequencePoint vc="0" uspid="72" ordinal="8" offset="83" sl="68" sc="17" el="68" ec="76" bec="0" bev="0" fileid="2" />
                <SequencePoint vc="0" uspid="73" ordinal="9" offset="94" sl="70" sc="17" el="70" ec="73" bec="0" bev="0" fileid="2" />
                <SequencePoint vc="0" uspid="74" ordinal="10" offset="103" sl="71" sc="9" el="71" ec="10" bec="0" bev="0" fileid="2" />
              </SequencePoints>
              <BranchPoints>
                <BranchPoint vc="0" uspid="75" ordinal="0" offset="81" sl="67" path="0" offsetend="83" fileid="2" />
                <BranchPoint vc="0" uspid="76" ordinal="1" offset="81" sl="67" path="1" offsetend="94" fileid="2" />
              </BranchPoints>
              <MethodPoint xsi:type="SequencePoint" vc="0" uspid="64" ordinal="0" offset="0" sl="57" sc="9" el="57" ec="10" bec="0" bev="0" fileid="2" />
            </Method>
            <Method visited="false" cyclomaticComplexity="1" nPathComplexity="0" sequenceCoverage="0" branchCoverage="0" crapScore="2" isConstructor="false" isStatic="false" isGetter="false" isSetter="false">
              <Summary numSequencePoints="4" visitedSequencePoints="0" numBranchPoints="1" visitedBranchPoints="0" sequenceCoverage="0" branchCoverage="0" maxCyclomaticComplexity="1" minCyclomaticComplexity="1" maxCrapScore="2" minCrapScore="2" visitedClasses="0" numClasses="0" visitedMethods="0" numMethods="1" />
              <MetadataToken>100663309</MetadataToken>
              <Name>System.Boolean ControleDeTarefas_2._0.ConsoleApp.Telas.TelaCadastros`1::VisualizarRegistros()</Name>
              <FileRef uid="2" />
              <SequencePoints>
                <SequencePoint vc="0" uspid="77" ordinal="0" offset="0" sl="74" sc="9" el="74" ec="10" bec="0" bev="0" fileid="2" />
                <SequencePoint vc="0" uspid="78" ordinal="1" offset="1" sl="75" sc="13" el="75" ec="26" bec="0" bev="0" fileid="2" />
                <SequencePoint vc="0" uspid="79" ordinal="2" offset="8" sl="76" sc="13" el="76" ec="25" bec="0" bev="0" fileid="2" />
                <SequencePoint vc="0" uspid="80" ordinal="3" offset="12" sl="77" sc="9" el="77" ec="10" bec="0" bev="0" fileid="2" />
              </SequencePoints>
              <BranchPoints />
              <MethodPoint xsi:type="SequencePoint" vc="0" uspid="77" ordinal="0" offset="0" sl="74" sc="9" el="74" ec="10" bec="0" bev="0" fileid="2" />
            </Method>
          </Methods>
        </Class>
        <Class>
          <Summary numSequencePoints="128" visitedSequencePoints="30" numBranchPoints="32" visitedBranchPoints="14" sequenceCoverage="23.44" branchCoverage="43.75" maxCyclomaticComplexity="10" minCyclomaticComplexity="1" maxCrapScore="110" minCrapScore="1" visitedClasses="1" numClasses="1" visitedMethods="3" numMethods="6" />
          <FullName>ControleDeTarefas_2._0.ConsoleApp.Telas.TelaCompromisso</FullName>
          <Methods>
            <Method visited="true" cyclomaticComplexity="1" nPathComplexity="0" sequenceCoverage="100" branchCoverage="100" crapScore="1" isConstructor="true" isStatic="false" isGetter="false" isSetter="false">
              <Summary numSequencePoints="5" visitedSequencePoints="5" numBranchPoints="1" visitedBranchPoints="1" sequenceCoverage="100" branchCoverage="100" maxCyclomaticComplexity="1" minCyclomaticComplexity="1" maxCrapScore="1" minCrapScore="1" visitedClasses="0" numClasses="0" visitedMethods="1" numMethods="1" />
              <MetadataToken>100663312</MetadataToken>
              <Name>System.Void ControleDeTarefas_2._0.ConsoleApp.Telas.TelaCompromisso::.ctor(ControleDeTarefas_2._0.ConsoleApp.Controladores.ControladorCompromisso)</Name>
              <FileRef uid="3" />
              <SequencePoints>
                <SequencePoint vc="18" uspid="81" ordinal="0" offset="0" sl="16" sc="9" el="16" ec="72" bec="0" bev="0" fileid="3" />
                <SequencePoint vc="18" uspid="82" ordinal="1" offset="16" sl="18" sc="70" el="18" ec="111" bec="0" bev="0" fileid="3" />
                <SequencePoint vc="18" uspid="83" ordinal="2" offset="29" sl="19" sc="9" el="19" ec="10" bec="0" bev="0" fileid="3" />
                <SequencePoint vc="18" uspid="84" ordinal="3" offset="30" sl="20" sc="13" el="20" ec="50" bec="0" bev="0" fileid="3" />
                <SequencePoint vc="18" uspid="85" ordinal="4" offset="37" sl="21" sc="9" el="21" ec="10" bec="0" bev="0" fileid="3" />
              </SequencePoints>
              <BranchPoints />
              <MethodPoint xsi:type="SequencePoint" vc="18" uspid="81" ordinal="0" offset="0" sl="16" sc="9" el="16" ec="72" bec="0" bev="0" fileid="3" />
            </Method>
            <Method visited="false" cyclomaticComplexity="1" nPathComplexity="0" sequenceCoverage="0" branchCoverage="0" crapScore="2" isConstructor="false" isStatic="false" isGetter="false" isSetter="false">
              <Summary numSequencePoints="11" visitedSequencePoints="0" numBranchPoints="1" visitedBranchPoints="0" sequenceCoverage="0" branchCoverage="0" maxCyclomaticComplexity="1" minCyclomaticComplexity="1" maxCrapScore="2" minCrapScore="2" visitedClasses="0" numClasses="0" visitedMethods="0" numMethods="1" />
              <MetadataToken>100663313</MetadataToken>
              <Name>System.String ControleDeTarefas_2._0.ConsoleApp.Telas.TelaCompromisso::ObterOpcao()</Name>
              <FileRef uid="3" />
              <SequencePoints>
                <SequencePoint vc="0" uspid="86" ordinal="0" offset="0" sl="25" sc="9" el="25" ec="10" bec="0" bev="0" fileid="3" />
                <SequencePoint vc="0" uspid="87" ordinal="1" offset="1" sl="26" sc="13" el="26" ec="73" bec="0" bev="0" fileid="3" />
                <SequencePoint vc="0" uspid="88" ordinal="2" offset="12" sl="27" sc="13" el="27" ec="72" bec="0" bev="0" fileid="3" />
                <SequencePoint vc="0" uspid="89" ordinal="3" offset="23" sl="28" sc="13" el="28" ec="67" bec="0" bev="0" fileid="3" />
                <SequencePoint vc="0" uspid="90" ordinal="4" offset="34" sl="29" sc="13" el="29" ec="71" bec="0" bev="0" fileid="3" />
                <SequencePoint vc="0" uspid="91" ordinal="5" offset="45" sl="31" sc="13" el="31" ec="55" bec="0" bev="0" fileid="3" />
                <SequencePoint vc="0" uspid="92" ordinal="6" offset="56" sl="32" sc="13" el="32" ec="33" bec="0" bev="0" fileid="3" />
                <SequencePoint vc="0" uspid="93" ordinal="7" offset="62" sl="34" sc="13" el="34" ec="38" bec="0" bev="0" fileid="3" />
                <SequencePoint vc="0" uspid="94" ordinal="8" offset="73" sl="35" sc="13" el="35" ec="47" bec="0" bev="0" fileid="3" />
                <SequencePoint vc="0" uspid="95" ordinal="9" offset="79" sl="37" sc="13" el="37" ec="26" bec="0" bev="0" fileid="3" />
                <SequencePoint vc="0" uspid="96" ordinal="10" offset="83" sl="38" sc="9" el="38" ec="10" bec="0" bev="0" fileid="3" />
              </SequencePoints>
              <BranchPoints />
              <MethodPoint xsi:type="SequencePoint" vc="0" uspid="86" ordinal="0" offset="0" sl="25" sc="9" el="25" ec="10" bec="0" bev="0" fileid="3" />
            </Method>
            <Method visited="false" cyclomaticComplexity="2" nPathComplexity="2" sequenceCoverage="0" branchCoverage="0" crapScore="6" isConstructor="false" isStatic="false" isGetter="false" isSetter="false">
              <Summary numSequencePoints="24" visitedSequencePoints="0" numBranchPoints="3" visitedBranchPoints="0" sequenceCoverage="0" branchCoverage="0" maxCyclomaticComplexity="2" minCyclomaticComplexity="2" maxCrapScore="6" minCrapScore="6" visitedClasses="0" numClasses="0" visitedMethods="0" numMethods="1" />
              <MetadataToken>100663314</MetadataToken>
              <Name>ControleDeTarefas_2._0.ConsoleApp.Dominio.Compromisso ControleDeTarefas_2._0.ConsoleApp.Telas.TelaCompromisso::ObterRegistro(ControleDeTarefas_2._0.ConsoleApp.Telas.TipoAcao)</Name>
              <FileRef uid="3" />
              <SequencePoints>
                <SequencePoint vc="0" uspid="97" ordinal="0" offset="0" sl="41" sc="9" el="41" ec="10" bec="0" bev="0" fileid="3" />
                <SequencePoint vc="0" uspid="98" ordinal="1" offset="1" sl="42" sc="13" el="42" ec="64" bec="0" bev="0" fileid="3" />
                <SequencePoint vc="0" uspid="99" ordinal="2" offset="12" sl="43" sc="13" el="43" ec="49" bec="0" bev="0" fileid="3" />
                <SequencePoint vc="0" uspid="100" ordinal="3" offset="18" sl="45" sc="13" el="45" ec="59" bec="0" bev="0" fileid="3" />
                <SequencePoint vc="0" uspid="101" ordinal="4" offset="29" sl="46" sc="13" el="46" ec="47" bec="0" bev="0" fileid="3" />
                <SequencePoint vc="0" uspid="102" ordinal="5" offset="35" sl="48" sc="13" el="48" ec="74" bec="0" bev="0" fileid="3" />
                <SequencePoint vc="0" uspid="103" ordinal="6" offset="46" sl="49" sc="13" el="49" ec="68" bec="0" bev="0" fileid="3" />
                <SequencePoint vc="0" uspid="104" ordinal="7" offset="57" sl="51" sc="13" el="51" ec="64" bec="0" bev="0" fileid="3" />
                <SequencePoint vc="0" uspid="105" ordinal="8" offset="68" sl="52" sc="13" el="52" ec="52" bec="0" bev="0" fileid="3" />
                <SequencePoint vc="0" uspid="106" ordinal="9" offset="74" sl="54" sc="13" el="54" ec="65" bec="0" bev="0" fileid="3" />
                <SequencePoint vc="0" uspid="107" ordinal="10" offset="85" sl="55" sc="13" el="55" ec="53" bec="0" bev="0" fileid="3" />
                <SequencePoint vc="0" uspid="108" ordinal="11" offset="92" sl="57" sc="13" el="57" ec="38" bec="0" bev="0" fileid="3" />
                <SequencePoint vc="0" uspid="109" ordinal="12" offset="104" sl="58" sc="13" el="58" ec="55" bec="0" bev="0" fileid="3" />
                <SequencePoint vc="0" uspid="110" ordinal="13" offset="115" sl="59" sc="13" el="59" ec="65" bec="0" bev="0" fileid="3" />
                <SequencePoint vc="0" uspid="111" ordinal="14" offset="127" sl="61" sc="13" el="61" ec="57" bec="0" bev="0" fileid="3" />
                <SequencePoint vc="0" uspid="112" ordinal="15" offset="138" sl="62" sc="13" el="62" ec="46" bec="0" bev="0" fileid="3" />
                <SequencePoint vc="0" uspid="113" ordinal="16" offset="145" sl="64" sc="13" el="64" ec="117" bec="2" bev="0" fileid="3" />
                <SequencePoint vc="0" uspid="114" ordinal="17" offset="182" sl="65" sc="13" el="65" ec="14" bec="0" bev="0" fileid="3" />
                <SequencePoint vc="0" uspid="115" ordinal="18" offset="183" sl="66" sc="17" el="66" ec="92" bec="0" bev="0" fileid="3" />
                <SequencePoint vc="0" uspid="116" ordinal="19" offset="196" sl="67" sc="17" el="67" ec="51" bec="0" bev="0" fileid="3" />
                <SequencePoint vc="0" uspid="117" ordinal="20" offset="204" sl="68" sc="13" el="68" ec="14" bec="0" bev="0" fileid="3" />
                <SequencePoint vc="0" uspid="118" ordinal="21" offset="205" sl="71" sc="13" el="71" ec="109" bec="0" bev="0" fileid="3" />
                <SequencePoint vc="0" uspid="119" ordinal="22" offset="222" sl="73" sc="13" el="73" ec="22" bec="0" bev="0" fileid="3" />
                <SequencePoint vc="0" uspid="120" ordinal="23" offset="228" sl="74" sc="9" el="74" ec="10" bec="0" bev="0" fileid="3" />
              </SequencePoints>
              <BranchPoints>
                <BranchPoint vc="0" uspid="121" ordinal="0" offset="180" sl="64" path="0" offsetend="182" fileid="3" />
                <BranchPoint vc="0" uspid="122" ordinal="1" offset="180" sl="64" path="1" offsetend="205" fileid="3" />
              </BranchPoints>
              <MethodPoint xsi:type="SequencePoint" vc="0" uspid="97" ordinal="0" offset="0" sl="41" sc="9" el="41" ec="10" bec="0" bev="0" fileid="3" />
            </Method>
            <Method visited="false" cyclomaticComplexity="10" nPathComplexity="64" sequenceCoverage="0" branchCoverage="0" crapScore="110" isConstructor="false" isStatic="false" isGetter="false" isSetter="false">
              <Summary numSequencePoints="63" visitedSequencePoints="0" numBranchPoints="13" visitedBranchPoints="0" sequenceCoverage="0" branchCoverage="0" maxCyclomaticComplexity="10" minCyclomaticComplexity="10" maxCrapScore="110" minCrapScore="110" visitedClasses="0" numClasses="0" visitedMethods="0" numMethods="1" />
              <MetadataToken>100663315</MetadataToken>
              <Name>System.Void ControleDeTarefas_2._0.ConsoleApp.Telas.TelaCompromisso::Visualizar()</Name>
              <FileRef uid="3" />
              <SequencePoints>
                <SequencePoint vc="0" uspid="123" ordinal="0" offset="0" sl="77" sc="9" el="77" ec="10" bec="0" bev="0" fileid="3" />
                <SequencePoint vc="0" uspid="124" ordinal="1" offset="1" sl="78" sc="13" el="78" ec="29" bec="0" bev="0" fileid="3" />
                <SequencePoint vc="0" uspid="125" ordinal="2" offset="7" sl="80" sc="13" el="80" ec="94" bec="0" bev="0" fileid="3" />
                <SequencePoint vc="0" uspid="126" ordinal="3" offset="19" sl="82" sc="13" el="82" ec="66" bec="0" bev="0" fileid="3" />
                <SequencePoint vc="0" uspid="127" ordinal="4" offset="31" sl="84" sc="13" el="84" ec="68" bec="0" bev="0" fileid="3" />
                <SequencePoint vc="0" uspid="128" ordinal="5" offset="42" sl="85" sc="13" el="85" ec="63" bec="0" bev="0" fileid="3" />
                <SequencePoint vc="0" uspid="129" ordinal="6" offset="53" sl="86" sc="13" el="86" ec="47" bec="0" bev="0" fileid="3" />
                <SequencePoint vc="0" uspid="130" ordinal="7" offset="59" sl="87" sc="13" el="87" ec="29" bec="0" bev="0" fileid="3" />
                <SequencePoint vc="0" uspid="131" ordinal="8" offset="65" sl="89" sc="13" el="89" ec="45" bec="4" bev="0" fileid="3" />
                <SequencePoint vc="0" uspid="132" ordinal="9" offset="84" sl="90" sc="17" el="90" ec="90" bec="0" bev="0" fileid="3" />
                <SequencePoint vc="0" uspid="133" ordinal="10" offset="102" sl="91" sc="18" el="91" ec="35" bec="2" bev="0" fileid="3" />
                <SequencePoint vc="0" uspid="134" ordinal="11" offset="120" sl="92" sc="13" el="92" ec="14" bec="0" bev="0" fileid="3" />
                <SequencePoint vc="0" uspid="135" ordinal="12" offset="121" sl="93" sc="17" el="93" ec="73" bec="0" bev="0" fileid="3" />
                <SequencePoint vc="0" uspid="136" ordinal="13" offset="132" sl="94" sc="17" el="94" ec="79" bec="0" bev="0" fileid="3" />
                <SequencePoint vc="0" uspid="137" ordinal="14" offset="144" sl="95" sc="17" el="95" ec="71" bec="0" bev="0" fileid="3" />
                <SequencePoint vc="0" uspid="138" ordinal="15" offset="155" sl="96" sc="17" el="96" ec="77" bec="0" bev="0" fileid="3" />
                <SequencePoint vc="0" uspid="139" ordinal="16" offset="167" sl="98" sc="17" el="98" ec="24" bec="0" bev="0" fileid="3" />
                <SequencePoint vc="0" uspid="140" ordinal="17" offset="168" sl="98" sc="46" el="98" ec="58" bec="0" bev="0" fileid="3" />
                <SequencePoint vc="0" uspid="141" ordinal="18" offset="181" sl="98" sc="26" el="98" ec="42" bec="0" bev="0" fileid="3" />
                <SequencePoint vc="0" uspid="142" ordinal="19" offset="190" sl="99" sc="17" el="99" ec="18" bec="0" bev="0" fileid="3" />
                <SequencePoint vc="0" uspid="143" ordinal="20" offset="191" sl="100" sc="21" el="100" ec="74" bec="4" bev="0" fileid="3" />
                <SequencePoint vc="0" uspid="144" ordinal="21" offset="233" sl="101" sc="21" el="101" ec="22" bec="0" bev="0" fileid="3" />
                <SequencePoint vc="0" uspid="145" ordinal="22" offset="234" sl="102" sc="25" el="102" ec="61" bec="0" bev="0" fileid="3" />
                <SequencePoint vc="0" uspid="146" ordinal="23" offset="266" sl="103" sc="25" el="103" ec="71" bec="0" bev="0" fileid="3" />
                <SequencePoint vc="0" uspid="147" ordinal="24" offset="289" sl="104" sc="25" el="104" ec="67" bec="0" bev="0" fileid="3" />
                <SequencePoint vc="0" uspid="148" ordinal="25" offset="312" sl="105" sc="25" el="105" ec="65" bec="0" bev="0" fileid="3" />
                <SequencePoint vc="0" uspid="149" ordinal="26" offset="344" sl="106" sc="25" el="106" ec="78" bec="0" bev="0" fileid="3" />
                <SequencePoint vc="0" uspid="150" ordinal="27" offset="367" sl="107" sc="25" el="107" ec="80" bec="0" bev="0" fileid="3" />
                <SequencePoint vc="0" uspid="151" ordinal="28" offset="390" sl="108" sc="25" el="108" ec="65" bec="0" bev="0" fileid="3" />
                <SequencePoint vc="0" uspid="152" ordinal="29" offset="413" sl="109" sc="25" el="109" ec="58" bec="0" bev="0" fileid="3" />
                <SequencePoint vc="0" uspid="153" ordinal="30" offset="424" sl="110" sc="25" el="110" ec="105" bec="0" bev="0" fileid="3" />
                <SequencePoint vc="0" uspid="154" ordinal="31" offset="443" sl="111" sc="25" el="111" ec="69" bec="0" bev="0" fileid="3" />
                <SequencePoint vc="0" uspid="155" ordinal="32" offset="466" sl="112" sc="25" el="112" ec="77" bec="0" bev="0" fileid="3" />
                <SequencePoint vc="0" uspid="156" ordinal="33" offset="489" sl="113" sc="25" el="113" ec="71" bec="0" bev="0" fileid="3" />
                <SequencePoint vc="0" uspid="157" ordinal="34" offset="512" sl="114" sc="25" el="114" ec="45" bec="0" bev="0" fileid="3" />
                <SequencePoint vc="0" uspid="158" ordinal="35" offset="518" sl="115" sc="21" el="115" ec="22" bec="0" bev="0" fileid="3" />
                <SequencePoint vc="0" uspid="159" ordinal="36" offset="519" sl="116" sc="17" el="116" ec="18" bec="0" bev="0" fileid="3" />
                <SequencePoint vc="0" uspid="160" ordinal="37" offset="520" sl="98" sc="43" el="98" ec="45" bec="0" bev="0" fileid="3" />
                <SequencePoint vc="0" uspid="161" ordinal="38" offset="549" sl="117" sc="13" el="117" ec="14" bec="0" bev="0" fileid="3" />
                <SequencePoint vc="0" uspid="162" ordinal="39" offset="555" sl="118" sc="18" el="118" ec="35" bec="2" bev="0" fileid="3" />
                <SequencePoint vc="0" uspid="163" ordinal="40" offset="575" sl="119" sc="13" el="119" ec="14" bec="0" bev="0" fileid="3" />
                <SequencePoint vc="0" uspid="164" ordinal="41" offset="576" sl="120" sc="17" el="120" ec="24" bec="0" bev="0" fileid="3" />
                <SequencePoint vc="0" uspid="165" ordinal="42" offset="577" sl="120" sc="46" el="120" ec="58" bec="0" bev="0" fileid="3" />
                <SequencePoint vc="0" uspid="166" ordinal="43" offset="590" sl="120" sc="26" el="120" ec="42" bec="0" bev="0" fileid="3" />
                <SequencePoint vc="0" uspid="167" ordinal="44" offset="599" sl="121" sc="17" el="121" ec="18" bec="0" bev="0" fileid="3" />
                <SequencePoint vc="0" uspid="168" ordinal="45" offset="600" sl="122" sc="21" el="122" ec="57" bec="0" bev="0" fileid="3" />
                <SequencePoint vc="0" uspid="169" ordinal="46" offset="632" sl="123" sc="21" el="123" ec="67" bec="0" bev="0" fileid="3" />
                <SequencePoint vc="0" uspid="170" ordinal="47" offset="655" sl="124" sc="21" el="124" ec="63" bec="0" bev="0" fileid="3" />
                <SequencePoint vc="0" uspid="171" ordinal="48" offset="678" sl="125" sc="21" el="125" ec="61" bec="0" bev="0" fileid="3" />
                <SequencePoint vc="0" uspid="172" ordinal="49" offset="710" sl="126" sc="21" el="126" ec="74" bec="0" bev="0" fileid="3" />
                <SequencePoint vc="0" uspid="173" ordinal="50" offset="733" sl="127" sc="21" el="127" ec="76" bec="0" bev="0" fileid="3" />
                <SequencePoint vc="0" uspid="174" ordinal="51" offset="756" sl="128" sc="21" el="128" ec="61" bec="0" bev="0" fileid="3" />
                <SequencePoint vc="0" uspid="175" ordinal="52" offset="779" sl="129" sc="21" el="129" ec="54" bec="0" bev="0" fileid="3" />
                <SequencePoint vc="0" uspid="176" ordinal="53" offset="790" sl="130" sc="21" el="130" ec="101" bec="0" bev="0" fileid="3" />
                <SequencePoint vc="0" uspid="177" ordinal="54" offset="809" sl="131" sc="21" el="131" ec="65" bec="0" bev="0" fileid="3" />
                <SequencePoint vc="0" uspid="178" ordinal="55" offset="832" sl="132" sc="21" el="132" ec="73" bec="0" bev="0" fileid="3" />
                <SequencePoint vc="0" uspid="179" ordinal="56" offset="855" sl="133" sc="21" el="133" ec="67" bec="0" bev="0" fileid="3" />
                <SequencePoint vc="0" uspid="180" ordinal="57" offset="878" sl="135" sc="21" el="135" ec="41" bec="0" bev="0" fileid="3" />
                <SequencePoint vc="0" uspid="181" ordinal="58" offset="884" sl="136" sc="17" el="136" ec="18" bec="0" bev="0" fileid="3" />
                <SequencePoint vc="0" uspid="182" ordinal="59" offset="885" sl="120" sc="43" el="120" ec="45" bec="0" bev="0" fileid="3" />
                <SequencePoint vc="0" uspid="183" ordinal="60" offset="914" sl="137" sc="13" el="137" ec="14" bec="0" bev="0" fileid="3" />
                <SequencePoint vc="0" uspid="184" ordinal="61" offset="915" sl="138" sc="13" el="138" ec="31" bec="0" bev="0" fileid="3" />
                <SequencePoint vc="0" uspid="185" ordinal="62" offset="921" sl="139" sc="9" el="139" ec="10" bec="0" bev="0" fileid="3" />
              </SequencePoints>
              <BranchPoints>
                <BranchPoint vc="0" uspid="186" ordinal="0" offset="66" sl="89" path="0" offsetend="68" fileid="3" />
                <BranchPoint vc="0" uspid="187" ordinal="1" offset="66" sl="89" path="1" offsetend="71" fileid="3" />
                <BranchPoint vc="0" uspid="188" ordinal="2" offset="82" sl="89" path="0" offsetend="84" fileid="3" />
                <BranchPoint vc="0" uspid="189" ordinal="3" offset="82" sl="89" path="1" offsetend="102" fileid="3" />
                <BranchPoint vc="0" uspid="190" ordinal="4" offset="115" sl="91" path="0" offsetend="120" fileid="3" />
                <BranchPoint vc="0" uspid="191" ordinal="5" offset="115" sl="91" path="1" offsetend="555" fileid="3" />
                <BranchPoint vc="0" uspid="192" ordinal="6" offset="205" sl="100" path="0" offsetend="207" fileid="3" />
                <BranchPoint vc="0" uspid="193" ordinal="7" offset="205" sl="100" path="1" offsetend="223" fileid="3" />
                <BranchPoint vc="0" uspid="194" ordinal="8" offset="228" sl="100" path="0" offsetend="233" fileid="3" />
                <BranchPoint vc="0" uspid="195" ordinal="9" offset="228" sl="100" path="1" offsetend="519" fileid="3" />
                <BranchPoint vc="0" uspid="198" ordinal="12" offset="570" sl="118" path="0" offsetend="575" fileid="3" />
                <BranchPoint vc="0" uspid="199" ordinal="13" offset="570" sl="118" path="1" offsetend="915" fileid="3" />
              </BranchPoints>
              <MethodPoint xsi:type="SequencePoint" vc="0" uspid="123" ordinal="0" offset="0" sl="77" sc="9" el="77" ec="10" bec="0" bev="0" fileid="3" />
            </Method>
            <Method visited="true" cyclomaticComplexity="8" nPathComplexity="64" sequenceCoverage="100" branchCoverage="92.31" crapScore="8" isConstructor="false" isStatic="false" isGetter="false" isSetter="false">
              <Summary numSequencePoints="24" visitedSequencePoints="24" numBranchPoints="13" visitedBranchPoints="12" sequenceCoverage="100" branchCoverage="92.31" maxCyclomaticComplexity="8" minCyclomaticComplexity="8" maxCrapScore="8" minCrapScore="8" visitedClasses="0" numClasses="0" visitedMethods="1" numMethods="1" />
              <MetadataToken>100663316</MetadataToken>
              <Name>System.String ControleDeTarefas_2._0.ConsoleApp.Telas.TelaCompromisso::Validar(System.DateTime,System.String,System.String,System.Collections.Generic.List`1&lt;ControleDeTarefas_2._0.ConsoleApp.Dominio.Compromisso&gt;)</Name>
              <FileRef uid="3" />
              <SequencePoints>
                <SequencePoint vc="4" uspid="202" ordinal="0" offset="0" sl="142" sc="9" el="142" ec="10" bec="0" bev="0" fileid="3" />
                <SequencePoint vc="4" uspid="203" ordinal="1" offset="1" sl="143" sc="13" el="143" ec="73" bec="4" bev="4" fileid="3" />
                <SequencePoint vc="1" uspid="204" ordinal="2" offset="35" sl="144" sc="17" el="144" ec="36" bec="0" bev="0" fileid="3" />
                <SequencePoint vc="3" uspid="205" ordinal="3" offset="46" sl="146" sc="13" el="146" ec="67" bec="0" bev="0" fileid="3" />
                <SequencePoint vc="3" uspid="206" ordinal="4" offset="53" sl="147" sc="13" el="147" ec="66" bec="0" bev="0" fileid="3" />
                <SequencePoint vc="3" uspid="207" ordinal="5" offset="60" sl="149" sc="13" el="149" ec="20" bec="0" bev="0" fileid="3" />
                <SequencePoint vc="3" uspid="208" ordinal="6" offset="61" sl="149" sc="42" el="149" ec="54" bec="0" bev="0" fileid="3" />
                <SequencePoint vc="3" uspid="209" ordinal="7" offset="72" sl="149" sc="22" el="149" ec="38" bec="0" bev="0" fileid="3" />
                <SequencePoint vc="3" uspid="210" ordinal="8" offset="81" sl="150" sc="13" el="150" ec="14" bec="0" bev="0" fileid="3" />
                <SequencePoint vc="3" uspid="211" ordinal="9" offset="82" sl="151" sc="17" el="151" ec="88" bec="0" bev="0" fileid="3" />
                <SequencePoint vc="3" uspid="212" ordinal="10" offset="96" sl="152" sc="17" el="152" ec="87" bec="0" bev="0" fileid="3" />
                <SequencePoint vc="3" uspid="213" ordinal="11" offset="110" sl="154" sc="17" el="154" ec="39" bec="2" bev="1" fileid="3" />
                <SequencePoint vc="3" uspid="214" ordinal="12" offset="129" sl="155" sc="17" el="155" ec="18" bec="0" bev="0" fileid="3" />
                <SequencePoint vc="3" uspid="215" ordinal="13" offset="130" sl="156" sc="21" el="156" ec="102" bec="4" bev="4" fileid="3" />
                <SequencePoint vc="1" uspid="216" ordinal="14" offset="157" sl="157" sc="21" el="157" ec="22" bec="0" bev="0" fileid="3" />
                <SequencePoint vc="1" uspid="217" ordinal="15" offset="158" sl="158" sc="25" el="158" ec="44" bec="0" bev="0" fileid="3" />
                <SequencePoint vc="2" uspid="218" ordinal="16" offset="166" sl="160" sc="26" el="160" ec="66" bec="2" bev="2" fileid="3" />
                <SequencePoint vc="1" uspid="219" ordinal="17" offset="180" sl="161" sc="21" el="161" ec="22" bec="0" bev="0" fileid="3" />
                <SequencePoint vc="1" uspid="220" ordinal="18" offset="181" sl="162" sc="25" el="162" ec="44" bec="0" bev="0" fileid="3" />
                <SequencePoint vc="1" uspid="221" ordinal="19" offset="189" sl="164" sc="17" el="164" ec="18" bec="0" bev="0" fileid="3" />
                <SequencePoint vc="1" uspid="222" ordinal="20" offset="190" sl="166" sc="13" el="166" ec="14" bec="0" bev="0" fileid="3" />
                <SequencePoint vc="4" uspid="223" ordinal="21" offset="191" sl="149" sc="39" el="149" ec="41" bec="0" bev="0" fileid="3" />
                <SequencePoint vc="1" uspid="224" ordinal="22" offset="217" sl="167" sc="13" el="167" ec="29" bec="0" bev="0" fileid="3" />
                <SequencePoint vc="4" uspid="225" ordinal="23" offset="225" sl="168" sc="9" el="168" ec="10" bec="0" bev="0" fileid="3" />
              </SequencePoints>
              <BranchPoints>
                <BranchPoint vc="1" uspid="226" ordinal="0" offset="12" sl="143" path="0" offsetend="14" fileid="3" />
                <BranchPoint vc="3" uspid="227" ordinal="1" offset="12" sl="143" path="1" offsetend="30" fileid="3" />
                <BranchPoint vc="1" uspid="228" ordinal="2" offset="33" sl="143" path="0" offsetend="35" fileid="3" />
                <BranchPoint vc="3" uspid="229" ordinal="3" offset="33" sl="143" path="1" offsetend="46" fileid="3" />
                <BranchPoint vc="3" uspid="230" ordinal="4" offset="127" sl="154" path="0" offsetend="129" fileid="3" />
                <BranchPoint vc="0" uspid="231" ordinal="5" offset="127" sl="154" path="1" offsetend="190" fileid="3" />
                <BranchPoint vc="1" uspid="232" ordinal="6" offset="138" sl="156" path="0" offsetend="140" fileid="3" />
                <BranchPoint vc="2" uspid="233" ordinal="7" offset="138" sl="156" path="1" offsetend="150" fileid="3" />
                <BranchPoint vc="1" uspid="234" ordinal="8" offset="155" sl="156" path="0" offsetend="157" fileid="3" />
                <BranchPoint vc="2" uspid="235" ordinal="9" offset="155" sl="156" path="1" offsetend="166" fileid="3" />
                <BranchPoint vc="1" uspid="236" ordinal="10" offset="178" sl="160" path="0" offsetend="180" fileid="3" />
                <BranchPoint vc="1" uspid="237" ordinal="11" offset="178" sl="160" path="1" offsetend="189" fileid="3" />
              </BranchPoints>
              <MethodPoint xsi:type="SequencePoint" vc="4" uspid="202" ordinal="0" offset="0" sl="142" sc="9" el="142" ec="10" bec="0" bev="0" fileid="3" />
            </Method>
            <Method visited="true" cyclomaticComplexity="1" nPathComplexity="0" sequenceCoverage="100" branchCoverage="100" crapScore="1" isConstructor="true" isStatic="true" isGetter="false" isSetter="false">
              <Summary numSequencePoints="1" visitedSequencePoints="1" numBranchPoints="1" visitedBranchPoints="1" sequenceCoverage="100" branchCoverage="100" maxCyclomaticComplexity="1" minCyclomaticComplexity="1" maxCrapScore="1" minCrapScore="1" visitedClasses="0" numClasses="0" visitedMethods="1" numMethods="1" />
              <MetadataToken>100663317</MetadataToken>
              <Name>System.Void ControleDeTarefas_2._0.ConsoleApp.Telas.TelaCompromisso::.cctor()</Name>
              <FileRef uid="3" />
              <SequencePoints>
                <SequencePoint vc="1" uspid="240" ordinal="0" offset="0" sl="15" sc="9" el="15" ec="84" bec="0" bev="0" fileid="3" />
              </SequencePoints>
              <BranchPoints />
              <MethodPoint xsi:type="SequencePoint" vc="1" uspid="240" ordinal="0" offset="0" sl="15" sc="9" el="15" ec="84" bec="0" bev="0" fileid="3" />
            </Method>
          </Methods>
        </Class>
        <Class>
          <Summary numSequencePoints="70" visitedSequencePoints="19" numBranchPoints="25" visitedBranchPoints="15" sequenceCoverage="27.14" branchCoverage="60" maxCyclomaticComplexity="5" minCyclomaticComplexity="1" maxCrapScore="30" minCrapScore="1" visitedClasses="1" numClasses="1" visitedMethods="4" numMethods="7" />
          <FullName>ControleDeTarefas_2._0.ConsoleApp.Telas.TelaContato</FullName>
          <Methods>
            <Method visited="true" cyclomaticComplexity="1" nPathComplexity="0" sequenceCoverage="100" branchCoverage="100" crapScore="1" isConstructor="true" isStatic="false" isGetter="false" isSetter="false">
              <Summary numSequencePoints="4" visitedSequencePoints="4" numBranchPoints="1" visitedBranchPoints="1" sequenceCoverage="100" branchCoverage="100" maxCyclomaticComplexity="1" minCyclomaticComplexity="1" maxCrapScore="1" minCrapScore="1" visitedClasses="0" numClasses="0" visitedMethods="1" numMethods="1" />
              <MetadataToken>100663318</MetadataToken>
              <Name>System.Void ControleDeTarefas_2._0.ConsoleApp.Telas.TelaContato::.ctor(ControleDeTarefas_2._0.ConsoleApp.Controladores.ControladorContatos)</Name>
              <FileRef uid="4" />
              <SequencePoints>
                <SequencePoint vc="36" uspid="241" ordinal="0" offset="0" sl="16" sc="63" el="16" ec="104" bec="0" bev="0" fileid="4" />
                <SequencePoint vc="36" uspid="242" ordinal="1" offset="13" sl="17" sc="9" el="17" ec="10" bec="0" bev="0" fileid="4" />
                <SequencePoint vc="36" uspid="243" ordinal="2" offset="14" sl="18" sc="13" el="18" ec="47" bec="0" bev="0" fileid="4" />
                <SequencePoint vc="36" uspid="244" ordinal="3" offset="21" sl="19" sc="9" el="19" ec="10" bec="0" bev="0" fileid="4" />
              </SequencePoints>
              <BranchPoints />
              <MethodPoint xsi:type="SequencePoint" vc="36" uspid="241" ordinal="0" offset="0" sl="16" sc="63" el="16" ec="104" bec="0" bev="0" fileid="4" />
            </Method>
            <Method visited="false" cyclomaticComplexity="1" nPathComplexity="0" sequenceCoverage="0" branchCoverage="0" crapScore="2" isConstructor="false" isStatic="false" isGetter="false" isSetter="false">
              <Summary numSequencePoints="11" visitedSequencePoints="0" numBranchPoints="1" visitedBranchPoints="0" sequenceCoverage="0" branchCoverage="0" maxCyclomaticComplexity="1" minCyclomaticComplexity="1" maxCrapScore="2" minCrapScore="2" visitedClasses="0" numClasses="0" visitedMethods="0" numMethods="1" />
              <MetadataToken>100663319</MetadataToken>
              <Name>System.String ControleDeTarefas_2._0.ConsoleApp.Telas.TelaContato::ObterOpcao()</Name>
              <FileRef uid="4" />
              <SequencePoints>
                <SequencePoint vc="0" uspid="245" ordinal="0" offset="0" sl="22" sc="9" el="22" ec="10" bec="0" bev="0" fileid="4" />
                <SequencePoint vc="0" uspid="246" ordinal="1" offset="1" sl="23" sc="13" el="23" ec="69" bec="0" bev="0" fileid="4" />
                <SequencePoint vc="0" uspid="247" ordinal="2" offset="12" sl="24" sc="13" el="24" ec="68" bec="0" bev="0" fileid="4" />
                <SequencePoint vc="0" uspid="248" ordinal="3" offset="23" sl="25" sc="13" el="25" ec="63" bec="0" bev="0" fileid="4" />
                <SequencePoint vc="0" uspid="249" ordinal="4" offset="34" sl="26" sc="13" el="26" ec="67" bec="0" bev="0" fileid="4" />
                <SequencePoint vc="0" uspid="250" ordinal="5" offset="45" sl="28" sc="13" el="28" ec="55" bec="0" bev="0" fileid="4" />
                <SequencePoint vc="0" uspid="251" ordinal="6" offset="56" sl="29" sc="13" el="29" ec="33" bec="0" bev="0" fileid="4" />
                <SequencePoint vc="0" uspid="252" ordinal="7" offset="62" sl="31" sc="13" el="31" ec="38" bec="0" bev="0" fileid="4" />
                <SequencePoint vc="0" uspid="253" ordinal="8" offset="73" sl="32" sc="13" el="32" ec="47" bec="0" bev="0" fileid="4" />
                <SequencePoint vc="0" uspid="254" ordinal="9" offset="79" sl="34" sc="13" el="34" ec="26" bec="0" bev="0" fileid="4" />
                <SequencePoint vc="0" uspid="255" ordinal="10" offset="83" sl="35" sc="9" el="35" ec="10" bec="0" bev="0" fileid="4" />
              </SequencePoints>
              <BranchPoints />
              <MethodPoint xsi:type="SequencePoint" vc="0" uspid="245" ordinal="0" offset="0" sl="22" sc="9" el="22" ec="10" bec="0" bev="0" fileid="4" />
            </Method>
            <Method visited="false" cyclomaticComplexity="2" nPathComplexity="2" sequenceCoverage="0" branchCoverage="0" crapScore="6" isConstructor="false" isStatic="false" isGetter="false" isSetter="false">
              <Summary numSequencePoints="19" visitedSequencePoints="0" numBranchPoints="3" visitedBranchPoints="0" sequenceCoverage="0" branchCoverage="0" maxCyclomaticComplexity="2" minCyclomaticComplexity="2" maxCrapScore="6" minCrapScore="6" visitedClasses="0" numClasses="0" visitedMethods="0" numMethods="1" />
              <MetadataToken>100663320</MetadataToken>
              <Name>ControleDeTarefas_2._0.ConsoleApp.Dominio.Contatos ControleDeTarefas_2._0.ConsoleApp.Telas.TelaContato::ObterRegistro(ControleDeTarefas_2._0.ConsoleApp.Telas.TipoAcao)</Name>
              <FileRef uid="4" />
              <SequencePoints>
                <SequencePoint vc="0" uspid="256" ordinal="0" offset="0" sl="38" sc="9" el="38" ec="10" bec="0" bev="0" fileid="4" />
                <SequencePoint vc="0" uspid="257" ordinal="1" offset="1" sl="39" sc="13" el="39" ec="57" bec="0" bev="0" fileid="4" />
                <SequencePoint vc="0" uspid="258" ordinal="2" offset="12" sl="40" sc="13" el="40" ec="46" bec="0" bev="0" fileid="4" />
                <SequencePoint vc="0" uspid="259" ordinal="3" offset="18" sl="42" sc="13" el="42" ec="58" bec="0" bev="0" fileid="4" />
                <SequencePoint vc="0" uspid="260" ordinal="4" offset="29" sl="43" sc="13" el="43" ec="47" bec="0" bev="0" fileid="4" />
                <SequencePoint vc="0" uspid="261" ordinal="5" offset="35" sl="45" sc="13" el="45" ec="71" bec="0" bev="0" fileid="4" />
                <SequencePoint vc="0" uspid="262" ordinal="6" offset="46" sl="46" sc="13" el="46" ec="50" bec="0" bev="0" fileid="4" />
                <SequencePoint vc="0" uspid="263" ordinal="7" offset="52" sl="48" sc="13" el="48" ec="60" bec="0" bev="0" fileid="4" />
                <SequencePoint vc="0" uspid="264" ordinal="8" offset="63" sl="49" sc="13" el="49" ec="49" bec="0" bev="0" fileid="4" />
                <SequencePoint vc="0" uspid="265" ordinal="9" offset="69" sl="51" sc="13" el="51" ec="58" bec="0" bev="0" fileid="4" />
                <SequencePoint vc="0" uspid="266" ordinal="10" offset="80" sl="52" sc="13" el="52" ec="47" bec="0" bev="0" fileid="4" />
                <SequencePoint vc="0" uspid="267" ordinal="11" offset="87" sl="54" sc="13" el="54" ec="54" bec="2" bev="0" fileid="4" />
                <SequencePoint vc="0" uspid="268" ordinal="12" offset="111" sl="55" sc="13" el="55" ec="14" bec="0" bev="0" fileid="4" />
                <SequencePoint vc="0" uspid="269" ordinal="13" offset="112" sl="56" sc="17" el="56" ec="105" bec="0" bev="0" fileid="4" />
                <SequencePoint vc="0" uspid="270" ordinal="14" offset="125" sl="57" sc="17" el="57" ec="51" bec="0" bev="0" fileid="4" />
                <SequencePoint vc="0" uspid="271" ordinal="15" offset="133" sl="58" sc="13" el="58" ec="14" bec="0" bev="0" fileid="4" />
                <SequencePoint vc="0" uspid="272" ordinal="16" offset="134" sl="60" sc="13" el="60" ec="78" bec="0" bev="0" fileid="4" />
                <SequencePoint vc="0" uspid="273" ordinal="17" offset="147" sl="62" sc="13" el="62" ec="22" bec="0" bev="0" fileid="4" />
                <SequencePoint vc="0" uspid="274" ordinal="18" offset="153" sl="63" sc="9" el="63" ec="10" bec="0" bev="0" fileid="4" />
              </SequencePoints>
              <BranchPoints>
                <BranchPoint vc="0" uspid="275" ordinal="0" offset="109" sl="54" path="0" offsetend="111" fileid="4" />
                <BranchPoint vc="0" uspid="276" ordinal="1" offset="109" sl="54" path="1" offsetend="134" fileid="4" />
              </BranchPoints>
              <MethodPoint xsi:type="SequencePoint" vc="0" uspid="256" ordinal="0" offset="0" sl="38" sc="9" el="38" ec="10" bec="0" bev="0" fileid="4" />
            </Method>
            <Method visited="false" cyclomaticComplexity="5" nPathComplexity="4" sequenceCoverage="0" branchCoverage="0" crapScore="30" isConstructor="false" isStatic="false" isGetter="false" isSetter="false">
              <Summary numSequencePoints="21" visitedSequencePoints="0" numBranchPoints="5" visitedBranchPoints="0" sequenceCoverage="0" branchCoverage="0" maxCyclomaticComplexity="5" minCyclomaticComplexity="5" maxCrapScore="30" minCrapScore="30" visitedClasses="0" numClasses="0" visitedMethods="0" numMethods="1" />
              <MetadataToken>100663321</MetadataToken>
              <Name>System.Void ControleDeTarefas_2._0.ConsoleApp.Telas.TelaContato::Visualizar()</Name>
              <FileRef uid="4" />
              <SequencePoints>
                <SequencePoint vc="0" uspid="277" ordinal="0" offset="0" sl="66" sc="9" el="66" ec="10" bec="0" bev="0" fileid="4" />
                <SequencePoint vc="0" uspid="278" ordinal="1" offset="1" sl="67" sc="13" el="67" ec="29" bec="0" bev="0" fileid="4" />
                <SequencePoint vc="0" uspid="279" ordinal="2" offset="7" sl="69" sc="13" el="69" ec="62" bec="0" bev="0" fileid="4" />
                <SequencePoint vc="0" uspid="280" ordinal="3" offset="19" sl="71" sc="13" el="71" ec="80" bec="0" bev="0" fileid="4" />
                <SequencePoint vc="0" uspid="281" ordinal="4" offset="31" sl="73" sc="13" el="73" ec="41" bec="4" bev="0" fileid="4" />
                <SequencePoint vc="0" uspid="282" ordinal="5" offset="50" sl="74" sc="17" el="74" ec="86" bec="0" bev="0" fileid="4" />
                <SequencePoint vc="0" uspid="283" ordinal="6" offset="63" sl="76" sc="13" el="76" ec="20" bec="0" bev="0" fileid="4" />
                <SequencePoint vc="0" uspid="284" ordinal="7" offset="64" sl="76" sc="42" el="76" ec="50" bec="0" bev="0" fileid="4" />
                <SequencePoint vc="0" uspid="285" ordinal="8" offset="76" sl="76" sc="22" el="76" ec="38" bec="0" bev="0" fileid="4" />
                <SequencePoint vc="0" uspid="286" ordinal="9" offset="84" sl="77" sc="13" el="77" ec="14" bec="0" bev="0" fileid="4" />
                <SequencePoint vc="0" uspid="287" ordinal="10" offset="85" sl="78" sc="17" el="78" ec="56" bec="0" bev="0" fileid="4" />
                <SequencePoint vc="0" uspid="288" ordinal="11" offset="116" sl="79" sc="17" el="79" ec="60" bec="0" bev="0" fileid="4" />
                <SequencePoint vc="0" uspid="289" ordinal="12" offset="138" sl="80" sc="17" el="80" ec="62" bec="0" bev="0" fileid="4" />
                <SequencePoint vc="0" uspid="290" ordinal="13" offset="160" sl="81" sc="17" el="81" ec="68" bec="0" bev="0" fileid="4" />
                <SequencePoint vc="0" uspid="291" ordinal="14" offset="182" sl="82" sc="17" el="82" ec="66" bec="0" bev="0" fileid="4" />
                <SequencePoint vc="0" uspid="292" ordinal="15" offset="204" sl="83" sc="17" el="83" ec="62" bec="0" bev="0" fileid="4" />
                <SequencePoint vc="0" uspid="293" ordinal="16" offset="226" sl="84" sc="17" el="84" ec="37" bec="0" bev="0" fileid="4" />
                <SequencePoint vc="0" uspid="294" ordinal="17" offset="232" sl="85" sc="13" el="85" ec="14" bec="0" bev="0" fileid="4" />
                <SequencePoint vc="0" uspid="295" ordinal="18" offset="233" sl="76" sc="39" el="76" ec="41" bec="0" bev="0" fileid="4" />
                <SequencePoint vc="0" uspid="296" ordinal="19" offset="262" sl="87" sc="13" el="87" ec="31" bec="0" bev="0" fileid="4" />
                <SequencePoint vc="0" uspid="297" ordinal="20" offset="268" sl="88" sc="9" el="88" ec="10" bec="0" bev="0" fileid="4" />
              </SequencePoints>
              <BranchPoints>
                <BranchPoint vc="0" uspid="298" ordinal="0" offset="32" sl="73" path="0" offsetend="34" fileid="4" />
                <BranchPoint vc="0" uspid="299" ordinal="1" offset="32" sl="73" path="1" offsetend="37" fileid="4" />
                <BranchPoint vc="0" uspid="300" ordinal="2" offset="48" sl="73" path="0" offsetend="50" fileid="4" />
                <BranchPoint vc="0" uspid="301" ordinal="3" offset="48" sl="73" path="1" offsetend="63" fileid="4" />
              </BranchPoints>
              <MethodPoint xsi:type="SequencePoint" vc="0" uspid="277" ordinal="0" offset="0" sl="66" sc="9" el="66" ec="10" bec="0" bev="0" fileid="4" />
            </Method>
            <Method visited="true" cyclomaticComplexity="3" nPathComplexity="4" sequenceCoverage="100" branchCoverage="100" crapScore="3" isConstructor="false" isStatic="false" isGetter="false" isSetter="false">
              <Summary numSequencePoints="5" visitedSequencePoints="5" numBranchPoints="5" visitedBranchPoints="5" sequenceCoverage="100" branchCoverage="100" maxCyclomaticComplexity="3" minCyclomaticComplexity="3" maxCrapScore="3" minCrapScore="3" visitedClasses="0" numClasses="0" visitedMethods="1" numMethods="1" />
              <MetadataToken>100663322</MetadataToken>
              <Name>System.String ControleDeTarefas_2._0.ConsoleApp.Telas.TelaContato::Validar(System.String,System.String)</Name>
              <FileRef uid="4" />
              <SequencePoints>
                <SequencePoint vc="4" uspid="304" ordinal="0" offset="0" sl="90" sc="9" el="90" ec="10" bec="0" bev="0" fileid="4" />
                <SequencePoint vc="4" uspid="305" ordinal="1" offset="1" sl="91" sc="13" el="91" ec="66" bec="4" bev="4" fileid="4" />
                <SequencePoint vc="1" uspid="306" ordinal="2" offset="24" sl="92" sc="17" el="92" ec="33" bec="0" bev="0" fileid="4" />
                <SequencePoint vc="3" uspid="307" ordinal="3" offset="32" sl="93" sc="13" el="93" ec="31" bec="0" bev="0" fileid="4" />
                <SequencePoint vc="4" uspid="308" ordinal="4" offset="40" sl="95" sc="9" el="95" ec="10" bec="0" bev="0" fileid="4" />
              </SequencePoints>
              <BranchPoints>
                <BranchPoint vc="2" uspid="309" ordinal="0" offset="8" sl="91" path="0" offsetend="10" fileid="4" />
                <BranchPoint vc="2" uspid="310" ordinal="1" offset="8" sl="91" path="1" offsetend="19" fileid="4" />
                <BranchPoint vc="1" uspid="311" ordinal="2" offset="22" sl="91" path="0" offsetend="24" fileid="4" />
                <BranchPoint vc="3" uspid="312" ordinal="3" offset="22" sl="91" path="1" offsetend="32" fileid="4" />
              </BranchPoints>
              <MethodPoint xsi:type="SequencePoint" vc="4" uspid="304" ordinal="0" offset="0" sl="90" sc="9" el="90" ec="10" bec="0" bev="0" fileid="4" />
            </Method>
            <Method visited="true" cyclomaticComplexity="3" nPathComplexity="4" sequenceCoverage="100" branchCoverage="100" crapScore="3" isConstructor="false" isStatic="false" isGetter="false" isSetter="false">
              <Summary numSequencePoints="5" visitedSequencePoints="5" numBranchPoints="5" visitedBranchPoints="5" sequenceCoverage="100" branchCoverage="100" maxCyclomaticComplexity="3" minCyclomaticComplexity="3" maxCrapScore="3" minCrapScore="3" visitedClasses="0" numClasses="0" visitedMethods="1" numMethods="1" />
              <MetadataToken>100663323</MetadataToken>
              <Name>System.Boolean ControleDeTarefas_2._0.ConsoleApp.Telas.TelaContato::ValidarEmail(System.String)</Name>
              <FileRef uid="4" />
              <SequencePoints>
                <SequencePoint vc="4" uspid="313" ordinal="0" offset="0" sl="97" sc="9" el="97" ec="10" bec="0" bev="0" fileid="4" />
                <SequencePoint vc="4" uspid="314" ordinal="1" offset="1" sl="98" sc="13" el="98" ec="60" bec="4" bev="4" fileid="4" />
                <SequencePoint vc="2" uspid="315" ordinal="2" offset="32" sl="99" sc="17" el="99" ec="29" bec="0" bev="0" fileid="4" />
                <SequencePoint vc="2" uspid="316" ordinal="3" offset="36" sl="100" sc="13" el="100" ec="26" bec="0" bev="0" fileid="4" />
                <SequencePoint vc="4" uspid="317" ordinal="4" offset="40" sl="101" sc="9" el="101" ec="10" bec="0" bev="0" fileid="4" />
              </SequencePoints>
              <BranchPoints>
                <BranchPoint vc="2" uspid="318" ordinal="0" offset="12" sl="98" path="0" offsetend="14" fileid="4" />
                <BranchPoint vc="2" uspid="319" ordinal="1" offset="12" sl="98" path="1" offsetend="27" fileid="4" />
                <BranchPoint vc="2" uspid="320" ordinal="2" offset="30" sl="98" path="0" offsetend="32" fileid="4" />
                <BranchPoint vc="2" uspid="321" ordinal="3" offset="30" sl="98" path="1" offsetend="36" fileid="4" />
              </BranchPoints>
              <MethodPoint xsi:type="SequencePoint" vc="4" uspid="313" ordinal="0" offset="0" sl="97" sc="9" el="97" ec="10" bec="0" bev="0" fileid="4" />
            </Method>
            <Method visited="true" cyclomaticComplexity="3" nPathComplexity="4" sequenceCoverage="100" branchCoverage="80" crapScore="3" isConstructor="false" isStatic="false" isGetter="false" isSetter="false">
              <Summary numSequencePoints="5" visitedSequencePoints="5" numBranchPoints="5" visitedBranchPoints="4" sequenceCoverage="100" branchCoverage="80" maxCyclomaticComplexity="3" minCyclomaticComplexity="3" maxCrapScore="3" minCrapScore="3" visitedClasses="0" numClasses="0" visitedMethods="1" numMethods="1" />
              <MetadataToken>100663324</MetadataToken>
              <Name>System.Boolean ControleDeTarefas_2._0.ConsoleApp.Telas.TelaContato::ValidarTelefone(System.String)</Name>
              <FileRef uid="4" />
              <SequencePoints>
                <SequencePoint vc="2" uspid="322" ordinal="0" offset="0" sl="103" sc="9" el="103" ec="10" bec="0" bev="0" fileid="4" />
                <SequencePoint vc="2" uspid="323" ordinal="1" offset="1" sl="104" sc="13" el="104" ec="61" bec="4" bev="3" fileid="4" />
                <SequencePoint vc="1" uspid="324" ordinal="2" offset="27" sl="105" sc="17" el="105" ec="29" bec="0" bev="0" fileid="4" />
                <SequencePoint vc="1" uspid="325" ordinal="3" offset="31" sl="106" sc="13" el="106" ec="26" bec="0" bev="0" fileid="4" />
                <SequencePoint vc="2" uspid="326" ordinal="4" offset="35" sl="107" sc="9" el="107" ec="10" bec="0" bev="0" fileid="4" />
              </SequencePoints>
              <BranchPoints>
                <BranchPoint vc="2" uspid="327" ordinal="0" offset="8" sl="104" path="0" offsetend="10" fileid="4" />
                <BranchPoint vc="0" uspid="328" ordinal="1" offset="8" sl="104" path="1" offsetend="22" fileid="4" />
                <BranchPoint vc="1" uspid="329" ordinal="2" offset="25" sl="104" path="0" offsetend="27" fileid="4" />
                <BranchPoint vc="1" uspid="330" ordinal="3" offset="25" sl="104" path="1" offsetend="31" fileid="4" />
              </BranchPoints>
              <MethodPoint xsi:type="SequencePoint" vc="2" uspid="322" ordinal="0" offset="0" sl="103" sc="9" el="103" ec="10" bec="0" bev="0" fileid="4" />
            </Method>
          </Methods>
        </Class>
        <Class>
          <Summary numSequencePoints="99" visitedSequencePoints="4" numBranchPoints="30" visitedBranchPoints="1" sequenceCoverage="4.04" branchCoverage="3.33" maxCyclomaticComplexity="10" minCyclomaticComplexity="1" maxCrapScore="110" minCrapScore="1" visitedClasses="1" numClasses="1" visitedMethods="1" numMethods="6" />
          <FullName>ControleDeTarefas_2._0.ConsoleApp.Telas.TelaTarefa</FullName>
          <Methods>
            <Method visited="true" cyclomaticComplexity="1" nPathComplexity="0" sequenceCoverage="100" branchCoverage="100" crapScore="1" isConstructor="true" isStatic="false" isGetter="false" isSetter="false">
              <Summary numSequencePoints="4" visitedSequencePoints="4" numBranchPoints="1" visitedBranchPoints="1" sequenceCoverage="100" branchCoverage="100" maxCyclomaticComplexity="1" minCyclomaticComplexity="1" maxCrapScore="1" minCrapScore="1" visitedClasses="0" numClasses="0" visitedMethods="1" numMethods="1" />
              <MetadataToken>100663325</MetadataToken>
              <Name>System.Void ControleDeTarefas_2._0.ConsoleApp.Telas.TelaTarefa::.ctor(ControleDeTarefas_2._0.ConsoleApp.Controladores.ControladorTarefa)</Name>
              <FileRef uid="5" />
              <SequencePoints>
                <SequencePoint vc="9" uspid="331" ordinal="0" offset="0" sl="16" sc="60" el="16" ec="99" bec="0" bev="0" fileid="5" />
                <SequencePoint vc="9" uspid="332" ordinal="1" offset="13" sl="17" sc="9" el="17" ec="10" bec="0" bev="0" fileid="5" />
                <SequencePoint vc="9" uspid="333" ordinal="2" offset="14" sl="18" sc="13" el="18" ec="45" bec="0" bev="0" fileid="5" />
                <SequencePoint vc="9" uspid="334" ordinal="3" offset="21" sl="19" sc="9" el="19" ec="10" bec="0" bev="0" fileid="5" />
              </SequencePoints>
              <BranchPoints />
              <MethodPoint xsi:type="SequencePoint" vc="9" uspid="331" ordinal="0" offset="0" sl="16" sc="60" el="16" ec="99" bec="0" bev="0" fileid="5" />
            </Method>
            <Method visited="false" cyclomaticComplexity="1" nPathComplexity="0" sequenceCoverage="0" branchCoverage="0" crapScore="2" isConstructor="false" isStatic="false" isGetter="false" isSetter="false">
              <Summary numSequencePoints="11" visitedSequencePoints="0" numBranchPoints="1" visitedBranchPoints="0" sequenceCoverage="0" branchCoverage="0" maxCyclomaticComplexity="1" minCyclomaticComplexity="1" maxCrapScore="2" minCrapScore="2" visitedClasses="0" numClasses="0" visitedMethods="0" numMethods="1" />
              <MetadataToken>100663326</MetadataToken>
              <Name>System.String ControleDeTarefas_2._0.ConsoleApp.Telas.TelaTarefa::ObterOpcao()</Name>
              <FileRef uid="5" />
              <SequencePoints>
                <SequencePoint vc="0" uspid="335" ordinal="0" offset="0" sl="22" sc="9" el="22" ec="10" bec="0" bev="0" fileid="5" />
                <SequencePoint vc="0" uspid="336" ordinal="1" offset="1" sl="23" sc="13" el="23" ec="68" bec="0" bev="0" fileid="5" />
                <SequencePoint vc="0" uspid="337" ordinal="2" offset="12" sl="24" sc="13" el="24" ec="67" bec="0" bev="0" fileid="5" />
                <SequencePoint vc="0" uspid="338" ordinal="3" offset="23" sl="25" sc="13" el="25" ec="63" bec="0" bev="0" fileid="5" />
                <SequencePoint vc="0" uspid="339" ordinal="4" offset="34" sl="26" sc="13" el="26" ec="67" bec="0" bev="0" fileid="5" />
                <SequencePoint vc="0" uspid="340" ordinal="5" offset="45" sl="28" sc="13" el="28" ec="55" bec="0" bev="0" fileid="5" />
                <SequencePoint vc="0" uspid="341" ordinal="6" offset="56" sl="29" sc="13" el="29" ec="33" bec="0" bev="0" fileid="5" />
                <SequencePoint vc="0" uspid="342" ordinal="7" offset="62" sl="31" sc="13" el="31" ec="38" bec="0" bev="0" fileid="5" />
                <SequencePoint vc="0" uspid="343" ordinal="8" offset="73" sl="32" sc="13" el="32" ec="47" bec="0" bev="0" fileid="5" />
                <SequencePoint vc="0" uspid="344" ordinal="9" offset="79" sl="34" sc="13" el="34" ec="26" bec="0" bev="0" fileid="5" />
                <SequencePoint vc="0" uspid="345" ordinal="10" offset="83" sl="35" sc="9" el="35" ec="10" bec="0" bev="0" fileid="5" />
              </SequencePoints>
              <BranchPoints />
              <MethodPoint xsi:type="SequencePoint" vc="0" uspid="335" ordinal="0" offset="0" sl="22" sc="9" el="22" ec="10" bec="0" bev="0" fileid="5" />
            </Method>
            <Method visited="false" cyclomaticComplexity="3" nPathComplexity="4" sequenceCoverage="0" branchCoverage="0" crapScore="12" isConstructor="false" isStatic="false" isGetter="false" isSetter="false">
              <Summary numSequencePoints="22" visitedSequencePoints="0" numBranchPoints="5" visitedBranchPoints="0" sequenceCoverage="0" branchCoverage="0" maxCyclomaticComplexity="3" minCyclomaticComplexity="3" maxCrapScore="12" minCrapScore="12" visitedClasses="0" numClasses="0" visitedMethods="0" numMethods="1" />
              <MetadataToken>100663327</MetadataToken>
              <Name>ControleDeTarefas_2._0.ConsoleApp.ConsoleApp.Tarefa ControleDeTarefas_2._0.ConsoleApp.Telas.TelaTarefa::ObterRegistro(ControleDeTarefas_2._0.ConsoleApp.Telas.TipoAcao)</Name>
              <FileRef uid="5" />
              <SequencePoints>
                <SequencePoint vc="0" uspid="346" ordinal="0" offset="0" sl="38" sc="9" el="38" ec="10" bec="0" bev="0" fileid="5" />
                <SequencePoint vc="0" uspid="347" ordinal="1" offset="1" sl="39" sc="13" el="39" ec="58" bec="0" bev="0" fileid="5" />
                <SequencePoint vc="0" uspid="348" ordinal="2" offset="12" sl="40" sc="13" el="40" ec="48" bec="0" bev="0" fileid="5" />
                <SequencePoint vc="0" uspid="349" ordinal="3" offset="18" sl="42" sc="13" el="42" ec="94" bec="0" bev="0" fileid="5" />
                <SequencePoint vc="0" uspid="350" ordinal="4" offset="29" sl="43" sc="13" el="43" ec="66" bec="0" bev="0" fileid="5" />
                <SequencePoint vc="0" uspid="351" ordinal="5" offset="40" sl="45" sc="13" el="45" ec="51" bec="0" bev="0" fileid="5" />
                <SequencePoint vc="0" uspid="352" ordinal="6" offset="48" sl="46" sc="13" el="46" ec="48" bec="2" bev="0" fileid="5" />
                <SequencePoint vc="0" uspid="353" ordinal="7" offset="58" sl="47" sc="13" el="47" ec="14" bec="0" bev="0" fileid="5" />
                <SequencePoint vc="0" uspid="354" ordinal="8" offset="59" sl="48" sc="17" el="48" ec="85" bec="0" bev="0" fileid="5" />
                <SequencePoint vc="0" uspid="355" ordinal="9" offset="70" sl="49" sc="17" el="49" ec="70" bec="0" bev="0" fileid="5" />
                <SequencePoint vc="0" uspid="356" ordinal="10" offset="81" sl="50" sc="13" el="50" ec="14" bec="0" bev="0" fileid="5" />
                <SequencePoint vc="0" uspid="357" ordinal="11" offset="82" sl="52" sc="13" el="52" ec="90" bec="0" bev="0" fileid="5" />
                <SequencePoint vc="0" uspid="358" ordinal="12" offset="93" sl="53" sc="13" el="53" ec="75" bec="0" bev="0" fileid="5" />
                <SequencePoint vc="0" uspid="359" ordinal="13" offset="104" sl="56" sc="13" el="56" ec="44" bec="2" bev="0" fileid="5" />
                <SequencePoint vc="0" uspid="360" ordinal="14" offset="118" sl="57" sc="13" el="57" ec="14" bec="0" bev="0" fileid="5" />
                <SequencePoint vc="0" uspid="361" ordinal="15" offset="119" sl="58" sc="17" el="58" ec="87" bec="0" bev="0" fileid="5" />
                <SequencePoint vc="0" uspid="362" ordinal="16" offset="130" sl="59" sc="17" el="59" ec="72" bec="0" bev="0" fileid="5" />
                <SequencePoint vc="0" uspid="363" ordinal="17" offset="142" sl="60" sc="13" el="60" ec="14" bec="0" bev="0" fileid="5" />
                <SequencePoint vc="0" uspid="364" ordinal="18" offset="145" sl="62" sc="17" el="62" ec="64" bec="0" bev="0" fileid="5" />
                <SequencePoint vc="0" uspid="365" ordinal="19" offset="157" sl="64" sc="13" el="64" ec="109" bec="0" bev="0" fileid="5" />
                <SequencePoint vc="0" uspid="366" ordinal="20" offset="170" sl="66" sc="13" el="66" ec="27" bec="0" bev="0" fileid="5" />
                <SequencePoint vc="0" uspid="367" ordinal="21" offset="176" sl="67" sc="9" el="67" ec="10" bec="0" bev="0" fileid="5" />
              </SequencePoints>
              <BranchPoints>
                <BranchPoint vc="0" uspid="368" ordinal="0" offset="56" sl="46" path="0" offsetend="58" fileid="5" />
                <BranchPoint vc="0" uspid="369" ordinal="1" offset="56" sl="46" path="1" offsetend="82" fileid="5" />
                <BranchPoint vc="0" uspid="370" ordinal="2" offset="116" sl="56" path="0" offsetend="118" fileid="5" />
                <BranchPoint vc="0" uspid="371" ordinal="3" offset="116" sl="56" path="1" offsetend="145" fileid="5" />
              </BranchPoints>
              <MethodPoint xsi:type="SequencePoint" vc="0" uspid="346" ordinal="0" offset="0" sl="38" sc="9" el="38" ec="10" bec="0" bev="0" fileid="5" />
            </Method>
            <Method visited="false" cyclomaticComplexity="6" nPathComplexity="16" sequenceCoverage="0" branchCoverage="0" crapScore="42" isConstructor="false" isStatic="false" isGetter="false" isSetter="false">
              <Summary numSequencePoints="24" visitedSequencePoints="0" numBranchPoints="9" visitedBranchPoints="0" sequenceCoverage="0" branchCoverage="0" maxCyclomaticComplexity="6" minCyclomaticComplexity="6" maxCrapScore="42" minCrapScore="42" visitedClasses="0" numClasses="0" visitedMethods="0" numMethods="1" />
              <MetadataToken>100663328</MetadataToken>
              <Name>System.Void ControleDeTarefas_2._0.ConsoleApp.Telas.TelaTarefa::Visualizar()</Name>
              <FileRef uid="5" />
              <SequencePoints>
                <SequencePoint vc="0" uspid="372" ordinal="0" offset="0" sl="70" sc="9" el="70" ec="10" bec="0" bev="0" fileid="5" />
[...]
                <BranchPoint vc="0" uspid="904" ordinal="1" offset="231" sl="41" path="1" offsetend="74" fileid="13" />
              </BranchPoints>
              <MethodPoint xsi:type="SequencePoint" vc="0" uspid="878" ordinal="0" offset="0" sl="16" sc="9" el="16" ec="10" bec="0" bev="0" fileid="13" />
            </Method>
            <Method visited="false" cyclomaticComplexity="1" nPathComplexity="0" sequenceCoverage="0" branchCoverage="0" crapScore="2" isConstructor="false" isStatic="false" isGetter="false" isSetter="false">
              <Summary numSequencePoints="9" visitedSequencePoints="0" numBranchPoints="1" visitedBranchPoints="0" sequenceCoverage="0" branchCoverage="0" maxCyclomaticComplexity="1" minCyclomaticComplexity="1" maxCrapScore="2" minCrapScore="2" visitedClasses="0" numClasses="0" visitedMethods="0" numMethods="1" />
              <MetadataToken>100663402</MetadataToken>
              <Name>System.String ControleDeTarefas_2._0.ConsoleApp.Controladores.ControladorTarefa::InserirNovo(ControleDeTarefas_2._0.ConsoleApp.ConsoleApp.Tarefa)</Name>
              <FileRef uid="13" />
              <SequencePoints>
                <SequencePoint vc="0" uspid="905" ordinal="0" offset="0" sl="62" sc="9" el="62" ec="10" bec="0" bev="0" fileid="13" />
                <SequencePoint vc="0" uspid="906" ordinal="1" offset="1" sl="63" sc="13" el="79" ec="21" bec="0" bev="0" fileid="13" />
                <SequencePoint vc="0" uspid="907" ordinal="2" offset="7" sl="82" sc="13" el="82" ec="14" bec="0" bev="0" fileid="13" />
                <SequencePoint vc="0" uspid="908" ordinal="3" offset="8" sl="83" sc="17" el="83" ec="80" bec="0" bev="0" fileid="13" />
                <SequencePoint vc="0" uspid="909" ordinal="4" offset="19" sl="84" sc="17" el="84" ec="50" bec="0" bev="0" fileid="13" />
                <SequencePoint vc="0" uspid="910" ordinal="5" offset="27" sl="86" sc="13" el="86" ec="18" bec="0" bev="0" fileid="13" />
                <SequencePoint vc="0" uspid="911" ordinal="6" offset="28" sl="87" sc="13" el="87" ec="14" bec="0" bev="0" fileid="13" />
                <SequencePoint vc="0" uspid="912" ordinal="7" offset="29" sl="88" sc="17" el="88" ec="45" bec="0" bev="0" fileid="13" />
                <SequencePoint vc="0" uspid="913" ordinal="8" offset="37" sl="90" sc="9" el="90" ec="10" bec="0" bev="0" fileid="13" />
              </SequencePoints>
              <BranchPoints />
              <MethodPoint xsi:type="SequencePoint" vc="0" uspid="905" ordinal="0" offset="0" sl="62" sc="9" el="62" ec="10" bec="0" bev="0" fileid="13" />
            </Method>
            <Method visited="false" cyclomaticComplexity="2" nPathComplexity="2" sequenceCoverage="0" branchCoverage="0" crapScore="6" isConstructor="false" isStatic="false" isGetter="false" isSetter="false">
              <Summary numSequencePoints="23" visitedSequencePoints="0" numBranchPoints="3" visitedBranchPoints="0" sequenceCoverage="0" branchCoverage="0" maxCyclomaticComplexity="2" minCyclomaticComplexity="2" maxCrapScore="6" minCrapScore="6" visitedClasses="0" numClasses="0" visitedMethods="0" numMethods="1" />
              <MetadataToken>100663403</MetadataToken>
              <Name>ControleDeTarefas_2._0.ConsoleApp.ConsoleApp.Tarefa ControleDeTarefas_2._0.ConsoleApp.Controladores.ControladorTarefa::SelecionarRegistroPorId(System.Int32)</Name>
              <FileRef uid="13" />
              <SequencePoints>
                <SequencePoint vc="0" uspid="914" ordinal="0" offset="0" sl="93" sc="9" el="93" ec="10" bec="0" bev="0" fileid="13" />
                <SequencePoint vc="0" uspid="915" ordinal="1" offset="1" sl="94" sc="13" el="94" ec="65" bec="0" bev="0" fileid="13" />
                <SequencePoint vc="0" uspid="916" ordinal="2" offset="7" sl="95" sc="13" el="95" ec="66" bec="0" bev="0" fileid="13" />
                <SequencePoint vc="0" uspid="917" ordinal="3" offset="20" sl="96" sc="13" el="96" ec="36" bec="0" bev="0" fileid="13" />
                <SequencePoint vc="0" uspid="918" ordinal="4" offset="27" sl="98" sc="13" el="98" ec="58" bec="0" bev="0" fileid="13" />
                <SequencePoint vc="0" uspid="919" ordinal="5" offset="33" sl="99" sc="13" el="99" ec="57" bec="0" bev="0" fileid="13" />
                <SequencePoint vc="0" uspid="920" ordinal="6" offset="41" sl="101" sc="13" el="112" ec="35" bec="0" bev="0" fileid="13" />
                <SequencePoint vc="0" uspid="921" ordinal="7" offset="47" sl="114" sc="13" el="114" ec="53" bec="0" bev="0" fileid="13" />
                <SequencePoint vc="0" uspid="922" ordinal="8" offset="55" sl="115" sc="13" el="115" ec="72" bec="0" bev="0" fileid="13" />
                <SequencePoint vc="0" uspid="923" ordinal="9" offset="78" sl="117" sc="13" el="117" ec="74" bec="0" bev="0" fileid="13" />
                <SequencePoint vc="0" uspid="924" ordinal="10" offset="85" sl="119" sc="13" el="119" ec="47" bec="2" bev="0" fileid="13" />
                <SequencePoint vc="0" uspid="925" ordinal="11" offset="100" sl="120" sc="17" el="120" ec="29" bec="0" bev="0" fileid="13" />
                <SequencePoint vc="0" uspid="926" ordinal="12" offset="108" sl="122" sc="13" el="122" ec="59" bec="0" bev="0" fileid="13" />
                <SequencePoint vc="0" uspid="927" ordinal="13" offset="126" sl="123" sc="13" el="123" ec="69" bec="0" bev="0" fileid="13" />
                <SequencePoint vc="0" uspid="928" ordinal="14" offset="144" sl="124" sc="13" el="124" ec="75" bec="0" bev="0" fileid="13" />
                <SequencePoint vc="0" uspid="929" ordinal="15" offset="162" sl="125" sc="13" el="125" ec="85" bec="0" bev="0" fileid="13" />
                <SequencePoint vc="0" uspid="930" ordinal="16" offset="180" sl="126" sc="13" el="126" ec="89" bec="0" bev="0" fileid="13" />
                <SequencePoint vc="0" uspid="931" ordinal="17" offset="198" sl="127" sc="13" el="127" ec="84" bec="0" bev="0" fileid="13" />
                <SequencePoint vc="0" uspid="932" ordinal="18" offset="216" sl="129" sc="13" el="129" ec="103" bec="0" bev="0" fileid="13" />
                <SequencePoint vc="0" uspid="933" ordinal="19" offset="233" sl="130" sc="13" el="130" ec="24" bec="0" bev="0" fileid="13" />
                <SequencePoint vc="0" uspid="934" ordinal="20" offset="243" sl="132" sc="13" el="132" ec="37" bec="0" bev="0" fileid="13" />
                <SequencePoint vc="0" uspid="935" ordinal="21" offset="250" sl="134" sc="13" el="134" ec="23" bec="0" bev="0" fileid="13" />
                <SequencePoint vc="0" uspid="936" ordinal="22" offset="256" sl="135" sc="9" el="135" ec="10" bec="0" bev="0" fileid="13" />
              </SequencePoints>
              <BranchPoints>
                <BranchPoint vc="0" uspid="937" ordinal="0" offset="98" sl="119" path="0" offsetend="100" fileid="13" />
                <BranchPoint vc="0" uspid="938" ordinal="1" offset="98" sl="119" path="1" offsetend="108" fileid="13" />
              </BranchPoints>
              <MethodPoint xsi:type="SequencePoint" vc="0" uspid="914" ordinal="0" offset="0" sl="93" sc="9" el="93" ec="10" bec="0" bev="0" fileid="13" />
            </Method>
            <Method visited="false" cyclomaticComplexity="1" nPathComplexity="0" sequenceCoverage="0" branchCoverage="0" crapScore="2" isConstructor="false" isStatic="false" isGetter="false" isSetter="false">
              <Summary numSequencePoints="9" visitedSequencePoints="0" numBranchPoints="1" visitedBranchPoints="0" sequenceCoverage="0" branchCoverage="0" maxCyclomaticComplexity="1" minCyclomaticComplexity="1" maxCrapScore="2" minCrapScore="2" visitedClasses="0" numClasses="0" visitedMethods="0" numMethods="1" />
              <MetadataToken>100663404</MetadataToken>
              <Name>System.String ControleDeTarefas_2._0.ConsoleApp.Controladores.ControladorTarefa::EditarRegistro(System.Int32,ControleDeTarefas_2._0.ConsoleApp.ConsoleApp.Tarefa)</Name>
              <FileRef uid="13" />
              <SequencePoints>
                <SequencePoint vc="0" uspid="939" ordinal="0" offset="0" sl="138" sc="9" el="138" ec="10" bec="0" bev="0" fileid="13" />
                <SequencePoint vc="0" uspid="940" ordinal="1" offset="1" sl="139" sc="13" el="147" ec="31" bec="0" bev="0" fileid="13" />
                <SequencePoint vc="0" uspid="941" ordinal="2" offset="7" sl="149" sc="13" el="149" ec="14" bec="0" bev="0" fileid="13" />
                <SequencePoint vc="0" uspid="942" ordinal="3" offset="8" sl="150" sc="17" el="150" ec="96" bec="0" bev="0" fileid="13" />
                <SequencePoint vc="0" uspid="943" ordinal="4" offset="19" sl="151" sc="17" el="151" ec="50" bec="0" bev="0" fileid="13" />
                <SequencePoint vc="0" uspid="944" ordinal="5" offset="27" sl="153" sc="13" el="153" ec="18" bec="0" bev="0" fileid="13" />
                <SequencePoint vc="0" uspid="945" ordinal="6" offset="28" sl="154" sc="13" el="154" ec="14" bec="0" bev="0" fileid="13" />
                <SequencePoint vc="0" uspid="946" ordinal="7" offset="29" sl="155" sc="17" el="155" ec="45" bec="0" bev="0" fileid="13" />
                <SequencePoint vc="0" uspid="947" ordinal="8" offset="37" sl="157" sc="9" el="157" ec="10" bec="0" bev="0" fileid="13" />
              </SequencePoints>
              <BranchPoints />
              <MethodPoint xsi:type="SequencePoint" vc="0" uspid="939" ordinal="0" offset="0" sl="138" sc="9" el="138" ec="10" bec="0" bev="0" fileid="13" />
            </Method>
            <Method visited="false" cyclomaticComplexity="1" nPathComplexity="0" sequenceCoverage="0" branchCoverage="0" crapScore="2" isConstructor="false" isStatic="false" isGetter="false" isSetter="false">
              <Summary numSequencePoints="9" visitedSequencePoints="0" numBranchPoints="1" visitedBranchPoints="0" sequenceCoverage="0" branchCoverage="0" maxCyclomaticComplexity="1" minCyclomaticComplexity="1" maxCrapScore="2" minCrapScore="2" visitedClasses="0" numClasses="0" visitedMethods="0" numMethods="1" />
              <MetadataToken>100663405</MetadataToken>
              <Name>System.String ControleDeTarefas_2._0.ConsoleApp.Controladores.ControladorTarefa::ExcluirRegistro(ControleDeTarefas_2._0.ConsoleApp.ConsoleApp.Tarefa)</Name>
              <FileRef uid="13" />
              <SequencePoints>
                <SequencePoint vc="0" uspid="948" ordinal="0" offset="0" sl="160" sc="9" el="160" ec="10" bec="0" bev="0" fileid="13" />
                <SequencePoint vc="0" uspid="949" ordinal="1" offset="1" sl="161" sc="13" el="164" ec="31" bec="0" bev="0" fileid="13" />
                <SequencePoint vc="0" uspid="950" ordinal="2" offset="7" sl="166" sc="13" el="166" ec="14" bec="0" bev="0" fileid="13" />
                <SequencePoint vc="0" uspid="951" ordinal="3" offset="8" sl="167" sc="17" el="167" ec="82" bec="0" bev="0" fileid="13" />
                <SequencePoint vc="0" uspid="952" ordinal="4" offset="19" sl="168" sc="17" el="168" ec="48" bec="0" bev="0" fileid="13" />
                <SequencePoint vc="0" uspid="953" ordinal="5" offset="27" sl="170" sc="13" el="170" ec="18" bec="0" bev="0" fileid="13" />
                <SequencePoint vc="0" uspid="954" ordinal="6" offset="28" sl="171" sc="13" el="171" ec="14" bec="0" bev="0" fileid="13" />
                <SequencePoint vc="0" uspid="955" ordinal="7" offset="29" sl="172" sc="17" el="172" ec="42" bec="0" bev="0" fileid="13" />
                <SequencePoint vc="0" uspid="956" ordinal="8" offset="37" sl="174" sc="9" el="174" ec="10" bec="0" bev="0" fileid="13" />
              </SequencePoints>
              <BranchPoints />
              <MethodPoint xsi:type="SequencePoint" vc="0" uspid="948" ordinal="0" offset="0" sl="160" sc="9" el="160" ec="10" bec="0" bev="0" fileid="13" />
            </Method>
            <Method visited="false" cyclomaticComplexity="4" nPathComplexity="8" sequenceCoverage="0" branchCoverage="0" crapScore="20" isConstructor="false" isStatic="false" isGetter="false" isSetter="false">
              <Summary numSequencePoints="36" visitedSequencePoints="0" numBranchPoints="7" visitedBranchPoints="0" sequenceCoverage="0" branchCoverage="0" maxCyclomaticComplexity="4" minCyclomaticComplexity="4" maxCrapScore="20" minCrapScore="20" visitedClasses="0" numClasses="0" visitedMethods="0" numMethods="1" />
              <MetadataToken>100663406</MetadataToken>
              <Name>System.Void ControleDeTarefas_2._0.ConsoleApp.Controladores.ControladorTarefa::ExecutarCodigo(System.String,ControleDeTarefas_2._0.ConsoleApp.ConsoleApp.Tarefa,ControleDeTarefas_2._0.ConsoleApp.Telas.TipoExecucao,System.Int32)</Name>
              <FileRef uid="13" />
              <SequencePoints>
                <SequencePoint vc="0" uspid="957" ordinal="0" offset="0" sl="177" sc="9" el="177" ec="10" bec="0" bev="0" fileid="13" />
                <SequencePoint vc="0" uspid="958" ordinal="1" offset="1" sl="178" sc="13" el="178" ec="65" bec="0" bev="0" fileid="13" />
                <SequencePoint vc="0" uspid="959" ordinal="2" offset="7" sl="179" sc="13" el="179" ec="66" bec="0" bev="0" fileid="13" />
                <SequencePoint vc="0" uspid="960" ordinal="3" offset="20" sl="180" sc="13" el="180" ec="36" bec="0" bev="0" fileid="13" />
                <SequencePoint vc="0" uspid="961" ordinal="4" offset="27" sl="182" sc="13" el="182" ec="59" bec="0" bev="0" fileid="13" />
                <SequencePoint vc="0" uspid="962" ordinal="5" offset="33" sl="183" sc="13" el="183" ec="58" bec="0" bev="0" fileid="13" />
                <SequencePoint vc="0" uspid="963" ordinal="6" offset="41" sl="185" sc="13" el="185" ec="56" bec="2" bev="0" fileid="13" />
                <SequencePoint vc="0" uspid="964" ordinal="7" offset="49" sl="186" sc="13" el="186" ec="14" bec="0" bev="0" fileid="13" />
                <SequencePoint vc="0" uspid="965" ordinal="8" offset="50" sl="187" sc="17" el="187" ec="55" bec="0" bev="0" fileid="13" />
                <SequencePoint vc="0" uspid="966" ordinal="9" offset="58" sl="189" sc="17" el="189" ec="76" bec="0" bev="0" fileid="13" />
                <SequencePoint vc="0" uspid="967" ordinal="10" offset="86" sl="191" sc="17" el="191" ec="51" bec="0" bev="0" fileid="13" />
                <SequencePoint vc="0" uspid="968" ordinal="11" offset="93" sl="192" sc="13" el="192" ec="14" bec="0" bev="0" fileid="13" />
                <SequencePoint vc="0" uspid="969" ordinal="12" offset="99" sl="193" sc="18" el="193" ec="60" bec="2" bev="0" fileid="13" />
                <SequencePoint vc="0" uspid="970" ordinal="13" offset="110" sl="194" sc="13" el="194" ec="14" bec="0" bev="0" fileid="13" />
                <SequencePoint vc="0" uspid="971" ordinal="14" offset="111" sl="195" sc="17" el="195" ec="55" bec="0" bev="0" fileid="13" />
                <SequencePoint vc="0" uspid="972" ordinal="15" offset="119" sl="197" sc="17" el="197" ec="78" bec="0" bev="0" fileid="13" />
                <SequencePoint vc="0" uspid="973" ordinal="16" offset="143" sl="198" sc="17" el="198" ec="84" bec="0" bev="0" fileid="13" />
                <SequencePoint vc="0" uspid="974" ordinal="17" offset="166" sl="199" sc="17" el="199" ec="92" bec="0" bev="0" fileid="13" />
                <SequencePoint vc="0" uspid="975" ordinal="18" offset="194" sl="200" sc="17" el="200" ec="94" bec="0" bev="0" fileid="13" />
                <SequencePoint vc="0" uspid="976" ordinal="19" offset="222" sl="201" sc="17" el="201" ec="110" bec="0" bev="0" fileid="13" />
                <SequencePoint vc="0" uspid="977" ordinal="20" offset="250" sl="203" sc="17" el="203" ec="51" bec="0" bev="0" fileid="13" />
                <SequencePoint vc="0" uspid="978" ordinal="21" offset="257" sl="204" sc="13" el="204" ec="14" bec="0" bev="0" fileid="13" />
                <SequencePoint vc="0" uspid="979" ordinal="22" offset="263" sl="205" sc="18" el="205" ec="61" bec="2" bev="0" fileid="13" />
                <SequencePoint vc="0" uspid="980" ordinal="23" offset="276" sl="206" sc="13" el="206" ec="14" bec="0" bev="0" fileid="13" />
                <SequencePoint vc="0" uspid="981" ordinal="24" offset="277" sl="207" sc="17" el="208" ec="45" bec="0" bev="0" fileid="13" />
                <SequencePoint vc="0" uspid="982" ordinal="25" offset="290" sl="210" sc="17" el="210" ec="55" bec="0" bev="0" fileid="13" />
                <SequencePoint vc="0" uspid="983" ordinal="26" offset="298" sl="211" sc="17" el="211" ec="84" bec="0" bev="0" fileid="13" />
                <SequencePoint vc="0" uspid="984" ordinal="27" offset="321" sl="212" sc="17" el="212" ec="92" bec="0" bev="0" fileid="13" />
                <SequencePoint vc="0" uspid="985" ordinal="28" offset="349" sl="213" sc="17" el="213" ec="94" bec="0" bev="0" fileid="13" />
                <SequencePoint vc="0" uspid="986" ordinal="29" offset="377" sl="214" sc="17" el="214" ec="98" bec="0" bev="0" fileid="13" />
                <SequencePoint vc="0" uspid="987" ordinal="30" offset="405" sl="215" sc="17" el="215" ec="110" bec="0" bev="0" fileid="13" />
                <SequencePoint vc="0" uspid="988" ordinal="31" offset="433" sl="217" sc="17" el="217" ec="61" bec="0" bev="0" fileid="13" />
                <SequencePoint vc="0" uspid="989" ordinal="32" offset="441" sl="219" sc="17" el="219" ec="51" bec="0" bev="0" fileid="13" />
                <SequencePoint vc="0" uspid="990" ordinal="33" offset="455" sl="220" sc="13" el="220" ec="14" bec="0" bev="0" fileid="13" />
                <SequencePoint vc="0" uspid="991" ordinal="34" offset="456" sl="221" sc="13" el="221" ec="37" bec="0" bev="0" fileid="13" />
                <SequencePoint vc="0" uspid="992" ordinal="35" offset="463" sl="222" sc="9" el="222" ec="10" bec="0" bev="0" fileid="13" />
              </SequencePoints>
              <BranchPoints>
                <BranchPoint vc="0" uspid="993" ordinal="0" offset="47" sl="185" path="0" offsetend="49" fileid="13" />
                <BranchPoint vc="0" uspid="994" ordinal="1" offset="47" sl="185" path="1" offsetend="99" fileid="13" />
                <BranchPoint vc="0" uspid="995" ordinal="2" offset="105" sl="193" path="0" offsetend="110" fileid="13" />
                <BranchPoint vc="0" uspid="996" ordinal="3" offset="105" sl="193" path="1" offsetend="263" fileid="13" />
                <BranchPoint vc="0" uspid="997" ordinal="4" offset="271" sl="205" path="0" offsetend="276" fileid="13" />
                <BranchPoint vc="0" uspid="998" ordinal="5" offset="271" sl="205" path="1" offsetend="456" fileid="13" />
              </BranchPoints>
              <MethodPoint xsi:type="SequencePoint" vc="0" uspid="957" ordinal="0" offset="0" sl="177" sc="9" el="177" ec="10" bec="0" bev="0" fileid="13" />
            </Method>
            <Method visited="true" cyclomaticComplexity="1" nPathComplexity="0" sequenceCoverage="100" branchCoverage="100" crapScore="1" isConstructor="true" isStatic="false" isGetter="false" isSetter="false">
              <Summary numSequencePoints="1" visitedSequencePoints="1" numBranchPoints="1" visitedBranchPoints="1" sequenceCoverage="100" branchCoverage="100" maxCyclomaticComplexity="1" minCyclomaticComplexity="1" maxCrapScore="1" minCrapScore="1" visitedClasses="0" numClasses="0" visitedMethods="1" numMethods="1" />
              <MetadataToken>100663407</MetadataToken>
              <Name>System.Void ControleDeTarefas_2._0.ConsoleApp.Controladores.ControladorTarefa::.ctor()</Name>
              <FileRef uid="13" />
              <SequencePoints>
                <SequencePoint vc="9" uspid="999" ordinal="0" offset="0" sl="14" sc="9" el="14" ec="146" bec="0" bev="0" fileid="13" />
              </SequencePoints>
              <BranchPoints />
              <MethodPoint xsi:type="SequencePoint" vc="9" uspid="999" ordinal="0" offset="0" sl="14" sc="9" el="14" ec="146" bec="0" bev="0" fileid="13" />
            </Method>
          </Methods>
        </Class>
      </Classes>
    </Module>
  </Modules>
</CoverageSession>