<?xml version="1.0" encoding="utf-8"?>
<CoverageSession xmlns:xsd="http://www.w3.org/2001/XMLSchema" xmlns:xsi="http://www.w3.org/2001/XMLSchema-instance" Version="4.7.922.0">
  <Summary numSequencePoints="557" visitedSequencePoints="65" numBranchPoints="150" visitedBranchPoints="35" sequenceCoverage="11.67" branchCoverage="23.33" maxCyclomaticComplexity="10" minCyclomaticComplexity="1" maxCrapScore="110" minCrapScore="1" visitedClasses="8" numClasses="10" visitedMethods="17" numMethods="64" />
  <Modules>
    <Module hash="19-24-AD-76-28-2B-55-E7-AD-D7-DA-61-E3-1E-E1-CB-A3-A4-56-78">
      <Summary numSequencePoints="557" visitedSequencePoints="65" numBranchPoints="150" visitedBranchPoints="35" sequenceCoverage="11.67" branchCoverage="23.33" maxCyclomaticComplexity="10" minCyclomaticComplexity="1" maxCrapScore="110" minCrapScore="1" visitedClasses="8" numClasses="10" visitedMethods="17" numMethods="64" />
      <ModulePath>C:\Users\Michaltchuk\Desktop\NDD\ControleDeTarefas\ControleDeTarefas_2.0\Testes\bin\Debug\fine-code-coverage\build-output\ControleDeTarefas_2.0.ConsoleApp.exe</ModulePath>
      <ModuleTime>2021-06-21T23:18:57.7911894Z</ModuleTime>
      <ModuleName>ControleDeTarefas_2.0.ConsoleApp</ModuleName>
      <Files>
        <File uid="1" fullPath="C:\Users\Michaltchuk\Desktop\NDD\ControleDeTarefas\ControleDeTarefas_2.0\ControleDeTarefas_2.0.ConsoleApp\Program.cs" />
        <File uid="2" fullPath="C:\Users\Michaltchuk\Desktop\NDD\ControleDeTarefas\ControleDeTarefas_2.0\ControleDeTarefas_2.0.ConsoleApp\Telas\TelaCadastro.cs" />
        <File uid="3" fullPath="C:\Users\Michaltchuk\Desktop\NDD\ControleDeTarefas\ControleDeTarefas_2.0\ControleDeTarefas_2.0.ConsoleApp\Telas\TelaContato.cs" />
        <File uid="4" fullPath="C:\Users\Michaltchuk\Desktop\NDD\ControleDeTarefas\ControleDeTarefas_2.0\ControleDeTarefas_2.0.ConsoleApp\Telas\TelaTarefa.cs" />
        <File uid="5" fullPath="C:\Users\Michaltchuk\Desktop\NDD\ControleDeTarefas\ControleDeTarefas_2.0\ControleDeTarefas_2.0.ConsoleApp\Dominio\Tarefa.cs" />
        <File uid="6" fullPath="C:\Users\Michaltchuk\Desktop\NDD\ControleDeTarefas\ControleDeTarefas_2.0\ControleDeTarefas_2.0.ConsoleApp\Telas\TelaBase.cs" />
        <File uid="7" fullPath="C:\Users\Michaltchuk\Desktop\NDD\ControleDeTarefas\ControleDeTarefas_2.0\ControleDeTarefas_2.0.ConsoleApp\Telas\TelaPrincipal.cs" />
        <File uid="8" fullPath="C:\Users\Michaltchuk\Desktop\NDD\ControleDeTarefas\ControleDeTarefas_2.0\ControleDeTarefas_2.0.ConsoleApp\Dominio\Contatos.cs" />
        <File uid="9" fullPath="C:\Users\Michaltchuk\Desktop\NDD\ControleDeTarefas\ControleDeTarefas_2.0\ControleDeTarefas_2.0.ConsoleApp\Controladores\ControladorContatos.cs" />
        <File uid="10" fullPath="C:\Users\Michaltchuk\Desktop\NDD\ControleDeTarefas\ControleDeTarefas_2.0\ControleDeTarefas_2.0.ConsoleApp\Controladores\ControladorTarefa.cs" />
      </Files>
      <Classes>
        <Class>
          <Summary numSequencePoints="22" visitedSequencePoints="0" numBranchPoints="14" visitedBranchPoints="0" sequenceCoverage="0" branchCoverage="0" maxCyclomaticComplexity="7" minCyclomaticComplexity="1" maxCrapScore="56" minCrapScore="2" visitedClasses="0" numClasses="1" visitedMethods="0" numMethods="2" />
          <FullName>ControleDeTarefas_2._0.ConsoleApp.Program</FullName>
          <Methods>
            <Method visited="false" cyclomaticComplexity="7" nPathComplexity="64" sequenceCoverage="0" branchCoverage="0" crapScore="56" isConstructor="false" isStatic="true" isGetter="false" isSetter="false">
              <Summary numSequencePoints="21" visitedSequencePoints="0" numBranchPoints="13" visitedBranchPoints="0" sequenceCoverage="0" branchCoverage="0" maxCyclomaticComplexity="7" minCyclomaticComplexity="7" maxCrapScore="56" minCrapScore="56" visitedClasses="0" numClasses="0" visitedMethods="0" numMethods="1" />
              <MetadataToken>100663297</MetadataToken>
              <Name>System.Void ControleDeTarefas_2._0.ConsoleApp.Program::Main(System.String[])</Name>
              <FileRef uid="1" />
              <SequencePoints>
                <SequencePoint vc="0" uspid="1" ordinal="0" offset="0" sl="16" sc="9" el="16" ec="10" bec="0" bev="0" fileid="1" />
                <SequencePoint vc="0" uspid="2" ordinal="1" offset="6" sl="18" sc="13" el="18" ec="14" bec="0" bev="0" fileid="1" />
                <SequencePoint vc="0" uspid="3" ordinal="2" offset="7" sl="19" sc="17" el="19" ec="88" bec="0" bev="0" fileid="1" />
                <SequencePoint vc="0" uspid="4" ordinal="3" offset="23" sl="21" sc="17" el="21" ec="45" bec="2" bev="0" fileid="1" />
                <SequencePoint vc="0" uspid="5" ordinal="4" offset="31" sl="22" sc="21" el="22" ec="27" bec="0" bev="0" fileid="1" />
                <SequencePoint vc="0" uspid="6" ordinal="5" offset="36" sl="24" sc="17" el="24" ec="33" bec="0" bev="0" fileid="1" />
                <SequencePoint vc="0" uspid="7" ordinal="6" offset="42" sl="26" sc="17" el="26" ec="61" bec="0" bev="0" fileid="1" />
                <SequencePoint vc="0" uspid="8" ordinal="7" offset="49" sl="28" sc="17" el="28" ec="75" bec="2" bev="0" fileid="1" />
                <SequencePoint vc="0" uspid="9" ordinal="8" offset="65" sl="29" sc="21" el="29" ec="30" bec="0" bev="0" fileid="1" />
                <SequencePoint vc="0" uspid="10" ordinal="9" offset="67" sl="31" sc="21" el="31" ec="38" bec="2" bev="0" fileid="1" />
                <SequencePoint vc="0" uspid="11" ordinal="10" offset="84" sl="32" sc="25" el="32" ec="63" bec="0" bev="0" fileid="1" />
                <SequencePoint vc="0" uspid="12" ordinal="11" offset="93" sl="34" sc="26" el="34" ec="43" bec="2" bev="0" fileid="1" />
                <SequencePoint vc="0" uspid="13" ordinal="12" offset="110" sl="35" sc="25" el="35" ec="63" bec="0" bev="0" fileid="1" />
                <SequencePoint vc="0" uspid="14" ordinal="13" offset="119" sl="37" sc="26" el="37" ec="43" bec="2" bev="0" fileid="1" />
                <SequencePoint vc="0" uspid="15" ordinal="14" offset="136" sl="38" sc="25" el="38" ec="58" bec="0" bev="0" fileid="1" />
                <SequencePoint vc="0" uspid="16" ordinal="15" offset="145" sl="40" sc="26" el="40" ec="43" bec="2" bev="0" fileid="1" />
                <SequencePoint vc="0" uspid="17" ordinal="16" offset="162" sl="41" sc="25" el="41" ec="59" bec="0" bev="0" fileid="1" />
                <SequencePoint vc="0" uspid="18" ordinal="17" offset="169" sl="43" sc="17" el="43" ec="33" bec="0" bev="0" fileid="1" />
                <SequencePoint vc="0" uspid="19" ordinal="18" offset="175" sl="44" sc="13" el="44" ec="14" bec="0" bev="0" fileid="1" />
                <SequencePoint vc="0" uspid="20" ordinal="19" offset="176" sl="17" sc="13" el="17" ec="25" bec="0" bev="0" fileid="1" />
                <SequencePoint vc="0" uspid="21" ordinal="20" offset="184" sl="45" sc="9" el="45" ec="10" bec="0" bev="0" fileid="1" />
              </SequencePoints>
              <BranchPoints>
                <BranchPoint vc="0" uspid="22" ordinal="0" offset="29" sl="21" path="0" offsetchain="31" offsetend="184" fileid="1" />
                <BranchPoint vc="0" uspid="23" ordinal="1" offset="29" sl="21" path="1" offsetend="36" fileid="1" />
                <BranchPoint vc="0" uspid="24" ordinal="2" offset="63" sl="28" path="0" offsetchain="65" offsetend="176" fileid="1" />
                <BranchPoint vc="0" uspid="25" ordinal="3" offset="63" sl="28" path="1" offsetend="67" fileid="1" />
                <BranchPoint vc="0" uspid="26" ordinal="4" offset="82" sl="31" path="0" offsetend="84" fileid="1" />
                <BranchPoint vc="0" uspid="27" ordinal="5" offset="82" sl="31" path="1" offsetend="93" fileid="1" />
                <BranchPoint vc="0" uspid="28" ordinal="6" offset="108" sl="34" path="0" offsetend="110" fileid="1" />
                <BranchPoint vc="0" uspid="29" ordinal="7" offset="108" sl="34" path="1" offsetend="119" fileid="1" />
                <BranchPoint vc="0" uspid="30" ordinal="8" offset="134" sl="37" path="0" offsetend="136" fileid="1" />
                <BranchPoint vc="0" uspid="31" ordinal="9" offset="134" sl="37" path="1" offsetend="145" fileid="1" />
                <BranchPoint vc="0" uspid="32" ordinal="10" offset="160" sl="40" path="0" offsetend="162" fileid="1" />
                <BranchPoint vc="0" uspid="33" ordinal="11" offset="160" sl="40" path="1" offsetend="169" fileid="1" />
              </BranchPoints>
              <MethodPoint xsi:type="SequencePoint" vc="0" uspid="1" ordinal="0" offset="0" sl="16" sc="9" el="16" ec="10" bec="0" bev="0" fileid="1" />
            </Method>
            <Method visited="false" cyclomaticComplexity="1" nPathComplexity="0" sequenceCoverage="0" branchCoverage="0" crapScore="2" isConstructor="true" isStatic="false" isGetter="false" isSetter="false">
              <Summary numSequencePoints="0" visitedSequencePoints="0" numBranchPoints="0" visitedBranchPoints="0" sequenceCoverage="0" branchCoverage="0" maxCyclomaticComplexity="1" minCyclomaticComplexity="1" maxCrapScore="2" minCrapScore="2" visitedClasses="0" numClasses="0" visitedMethods="0" numMethods="0" />
              <MetadataToken>100663298</MetadataToken>
              <Name>System.Void ControleDeTarefas_2._0.ConsoleApp.Program::.ctor()</Name>
              <SequencePoints />
              <BranchPoints />
              <MethodPoint vc="0" uspid="34" ordinal="0" offset="0" />
            </Method>
            <Method visited="false" cyclomaticComplexity="1" nPathComplexity="0" sequenceCoverage="0" branchCoverage="0" crapScore="2" isConstructor="true" isStatic="true" isGetter="false" isSetter="false">
              <Summary numSequencePoints="1" visitedSequencePoints="0" numBranchPoints="1" visitedBranchPoints="0" sequenceCoverage="0" branchCoverage="0" maxCyclomaticComplexity="1" minCyclomaticComplexity="1" maxCrapScore="2" minCrapScore="2" visitedClasses="0" numClasses="0" visitedMethods="0" numMethods="1" />
              <MetadataToken>100663299</MetadataToken>
              <Name>System.Void ControleDeTarefas_2._0.ConsoleApp.Program::.cctor()</Name>
              <FileRef uid="1" />
              <SequencePoints>
                <SequencePoint vc="0" uspid="35" ordinal="0" offset="0" sl="13" sc="9" el="13" ec="66" bec="0" bev="0" fileid="1" />
              </SequencePoints>
              <BranchPoints />
              <MethodPoint xsi:type="SequencePoint" vc="0" uspid="35" ordinal="0" offset="0" sl="13" sc="9" el="13" ec="66" bec="0" bev="0" fileid="1" />
            </Method>
          </Methods>
        </Class>
        <Class>
          <Summary numSequencePoints="39" visitedSequencePoints="4" numBranchPoints="11" visitedBranchPoints="1" sequenceCoverage="10.26" branchCoverage="9.09" maxCyclomaticComplexity="2" minCyclomaticComplexity="1" maxCrapScore="6" minCrapScore="1" visitedClasses="1" numClasses="1" visitedMethods="1" numMethods="5" />
          <FullName>ControleDeTarefas_2._0.ConsoleApp.Telas.TelaCadastros`1</FullName>
          <Methods>
            <Method visited="true" cyclomaticComplexity="1" nPathComplexity="0" sequenceCoverage="100" branchCoverage="100" crapScore="1" isConstructor="true" isStatic="false" isGetter="false" isSetter="false">
              <Summary numSequencePoints="4" visitedSequencePoints="4" numBranchPoints="1" visitedBranchPoints="1" sequenceCoverage="100" branchCoverage="100" maxCyclomaticComplexity="1" minCyclomaticComplexity="1" maxCrapScore="1" minCrapScore="1" visitedClasses="0" numClasses="0" visitedMethods="1" numMethods="1" />
              <MetadataToken>100663305</MetadataToken>
              <Name>System.Void ControleDeTarefas_2._0.ConsoleApp.Telas.TelaCadastros`1::.ctor(System.String,ControleDeTarefas_2._0.ConsoleApp.Controladores.Controlador`1&lt;T&gt;)</Name>
              <FileRef uid="2" />
              <SequencePoints>
                <SequencePoint vc="12" uspid="36" ordinal="0" offset="0" sl="19" sc="9" el="19" ec="72" bec="0" bev="0" fileid="2" />
                <SequencePoint vc="12" uspid="37" ordinal="1" offset="7" sl="20" sc="9" el="20" ec="10" bec="0" bev="0" fileid="2" />
                <SequencePoint vc="12" uspid="38" ordinal="2" offset="8" sl="21" sc="13" el="21" ec="44" bec="0" bev="0" fileid="2" />
                <SequencePoint vc="12" uspid="39" ordinal="3" offset="15" sl="22" sc="9" el="22" ec="10" bec="0" bev="0" fileid="2" />
              </SequencePoints>
              <BranchPoints />
              <MethodPoint xsi:type="SequencePoint" vc="12" uspid="36" ordinal="0" offset="0" sl="19" sc="9" el="19" ec="72" bec="0" bev="0" fileid="2" />
            </Method>
            <Method visited="false" cyclomaticComplexity="2" nPathComplexity="2" sequenceCoverage="0" branchCoverage="0" crapScore="6" isConstructor="false" isStatic="false" isGetter="false" isSetter="false">
              <Summary numSequencePoints="8" visitedSequencePoints="0" numBranchPoints="3" visitedBranchPoints="0" sequenceCoverage="0" branchCoverage="0" maxCyclomaticComplexity="2" minCyclomaticComplexity="2" maxCrapScore="6" minCrapScore="6" visitedClasses="0" numClasses="0" visitedMethods="0" numMethods="1" />
              <MetadataToken>100663306</MetadataToken>
              <Name>System.Void ControleDeTarefas_2._0.ConsoleApp.Telas.TelaCadastros`1::InserirNovoRegistro()</Name>
              <FileRef uid="2" />
              <SequencePoints>
                <SequencePoint vc="0" uspid="40" ordinal="0" offset="0" sl="25" sc="9" el="25" ec="10" bec="0" bev="0" fileid="2" />
                <SequencePoint vc="0" uspid="41" ordinal="1" offset="1" sl="26" sc="13" el="26" ec="61" bec="0" bev="0" fileid="2" />
                <SequencePoint vc="0" uspid="42" ordinal="2" offset="13" sl="28" sc="13" el="28" ec="60" bec="0" bev="0" fileid="2" />
                <SequencePoint vc="0" uspid="43" ordinal="3" offset="21" sl="30" sc="13" el="30" ec="73" bec="0" bev="0" fileid="2" />
                <SequencePoint vc="0" uspid="44" ordinal="4" offset="34" sl="32" sc="13" el="32" ec="63" bec="2" bev="0" fileid="2" />
                <SequencePoint vc="0" uspid="45" ordinal="5" offset="49" sl="33" sc="17" el="33" ec="76" bec="0" bev="0" fileid="2" />
                <SequencePoint vc="0" uspid="46" ordinal="6" offset="60" sl="35" sc="17" el="35" ec="73" bec="0" bev="0" fileid="2" />
                <SequencePoint vc="0" uspid="47" ordinal="7" offset="69" sl="36" sc="9" el="36" ec="10" bec="0" bev="0" fileid="2" />
              </SequencePoints>
              <BranchPoints>
                <BranchPoint vc="0" uspid="48" ordinal="0" offset="47" sl="32" path="0" offsetend="49" fileid="2" />
                <BranchPoint vc="0" uspid="49" ordinal="1" offset="47" sl="32" path="1" offsetend="60" fileid="2" />
              </BranchPoints>
              <MethodPoint xsi:type="SequencePoint" vc="0" uspid="40" ordinal="0" offset="0" sl="25" sc="9" el="25" ec="10" bec="0" bev="0" fileid="2" />
            </Method>
            <Method visited="false" cyclomaticComplexity="2" nPathComplexity="2" sequenceCoverage="0" branchCoverage="0" crapScore="6" isConstructor="false" isStatic="false" isGetter="false" isSetter="false">
              <Summary numSequencePoints="12" visitedSequencePoints="0" numBranchPoints="3" visitedBranchPoints="0" sequenceCoverage="0" branchCoverage="0" maxCyclomaticComplexity="2" minCyclomaticComplexity="2" maxCrapScore="6" minCrapScore="6" visitedClasses="0" numClasses="0" visitedMethods="0" numMethods="1" />
              <MetadataToken>100663307</MetadataToken>
              <Name>System.Void ControleDeTarefas_2._0.ConsoleApp.Telas.TelaCadastros`1::EditarRegistro()</Name>
              <FileRef uid="2" />
              <SequencePoints>
                <SequencePoint vc="0" uspid="50" ordinal="0" offset="0" sl="39" sc="9" el="39" ec="10" bec="0" bev="0" fileid="2" />
                <SequencePoint vc="0" uspid="51" ordinal="1" offset="1" sl="40" sc="13" el="40" ec="52" bec="0" bev="0" fileid="2" />
                <SequencePoint vc="0" uspid="52" ordinal="2" offset="13" sl="41" sc="13" el="41" ec="26" bec="0" bev="0" fileid="2" />
                <SequencePoint vc="0" uspid="53" ordinal="3" offset="20" sl="43" sc="13" el="43" ec="79" bec="0" bev="0" fileid="2" />
                <SequencePoint vc="0" uspid="54" ordinal="4" offset="31" sl="44" sc="13" el="44" ec="68" bec="0" bev="0" fileid="2" />
                <SequencePoint vc="0" uspid="55" ordinal="5" offset="42" sl="45" sc="13" el="45" ec="29" bec="0" bev="0" fileid="2" />
                <SequencePoint vc="0" uspid="56" ordinal="6" offset="48" sl="47" sc="13" el="47" ec="59" bec="0" bev="0" fileid="2" />
                <SequencePoint vc="0" uspid="57" ordinal="7" offset="56" sl="48" sc="13" el="48" ec="90" bec="0" bev="0" fileid="2" />
                <SequencePoint vc="0" uspid="58" ordinal="8" offset="70" sl="50" sc="13" el="50" ec="63" bec="2" bev="0" fileid="2" />
                <SequencePoint vc="0" uspid="59" ordinal="9" offset="85" sl="51" sc="17" el="51" ec="76" bec="0" bev="0" fileid="2" />
                <SequencePoint vc="0" uspid="60" ordinal="10" offset="96" sl="53" sc="17" el="53" ec="73" bec="0" bev="0" fileid="2" />
                <SequencePoint vc="0" uspid="61" ordinal="11" offset="105" sl="54" sc="9" el="54" ec="10" bec="0" bev="0" fileid="2" />
              </SequencePoints>
              <BranchPoints>
                <BranchPoint vc="0" uspid="62" ordinal="0" offset="83" sl="50" path="0" offsetend="85" fileid="2" />
                <BranchPoint vc="0" uspid="63" ordinal="1" offset="83" sl="50" path="1" offsetend="96" fileid="2" />
              </BranchPoints>
              <MethodPoint xsi:type="SequencePoint" vc="0" uspid="50" ordinal="0" offset="0" sl="39" sc="9" el="39" ec="10" bec="0" bev="0" fileid="2" />
            </Method>
            <Method visited="false" cyclomaticComplexity="2" nPathComplexity="2" sequenceCoverage="0" branchCoverage="0" crapScore="6" isConstructor="false" isStatic="false" isGetter="false" isSetter="false">
              <Summary numSequencePoints="11" visitedSequencePoints="0" numBranchPoints="3" visitedBranchPoints="0" sequenceCoverage="0" branchCoverage="0" maxCyclomaticComplexity="2" minCyclomaticComplexity="2" maxCrapScore="6" minCrapScore="6" visitedClasses="0" numClasses="0" visitedMethods="0" numMethods="1" />
              <MetadataToken>100663308</MetadataToken>
              <Name>System.Void ControleDeTarefas_2._0.ConsoleApp.Telas.TelaCadastros`1::ExcluirRegistro()</Name>
              <FileRef uid="2" />
              <SequencePoints>
                <SequencePoint vc="0" uspid="64" ordinal="0" offset="0" sl="57" sc="9" el="57" ec="10" bec="0" bev="0" fileid="2" />
                <SequencePoint vc="0" uspid="65" ordinal="1" offset="1" sl="58" sc="13" el="58" ec="53" bec="0" bev="0" fileid="2" />
                <SequencePoint vc="0" uspid="66" ordinal="2" offset="13" sl="59" sc="13" el="59" ec="26" bec="0" bev="0" fileid="2" />
                <SequencePoint vc="0" uspid="67" ordinal="3" offset="20" sl="61" sc="13" el="61" ec="80" bec="0" bev="0" fileid="2" />
                <SequencePoint vc="0" uspid="68" ordinal="4" offset="31" sl="62" sc="13" el="62" ec="68" bec="0" bev="0" fileid="2" />
                <SequencePoint vc="0" uspid="69" ordinal="5" offset="42" sl="64" sc="13" el="64" ec="76" bec="0" bev="0" fileid="2" />
                <SequencePoint vc="0" uspid="70" ordinal="6" offset="55" sl="65" sc="13" el="65" ec="77" bec="0" bev="0" fileid="2" />
                <SequencePoint vc="0" uspid="71" ordinal="7" offset="68" sl="67" sc="13" el="67" ec="61" bec="2" bev="0" fileid="2" />
                <SequencePoint vc="0" uspid="72" ordinal="8" offset="83" sl="68" sc="17" el="68" ec="76" bec="0" bev="0" fileid="2" />
                <SequencePoint vc="0" uspid="73" ordinal="9" offset="94" sl="70" sc="17" el="70" ec="73" bec="0" bev="0" fileid="2" />
                <SequencePoint vc="0" uspid="74" ordinal="10" offset="103" sl="71" sc="9" el="71" ec="10" bec="0" bev="0" fileid="2" />
              </SequencePoints>
              <BranchPoints>
                <BranchPoint vc="0" uspid="75" ordinal="0" offset="81" sl="67" path="0" offsetend="83" fileid="2" />
                <BranchPoint vc="0" uspid="76" ordinal="1" offset="81" sl="67" path="1" offsetend="94" fileid="2" />
              </BranchPoints>
              <MethodPoint xsi:type="SequencePoint" vc="0" uspid="64" ordinal="0" offset="0" sl="57" sc="9" el="57" ec="10" bec="0" bev="0" fileid="2" />
            </Method>
            <Method visited="false" cyclomaticComplexity="1" nPathComplexity="0" sequenceCoverage="0" branchCoverage="0" crapScore="2" isConstructor="false" isStatic="false" isGetter="false" isSetter="false">
              <Summary numSequencePoints="4" visitedSequencePoints="0" numBranchPoints="1" visitedBranchPoints="0" sequenceCoverage="0" branchCoverage="0" maxCyclomaticComplexity="1" minCyclomaticComplexity="1" maxCrapScore="2" minCrapScore="2" visitedClasses="0" numClasses="0" visitedMethods="0" numMethods="1" />
              <MetadataToken>100663309</MetadataToken>
              <Name>System.Boolean ControleDeTarefas_2._0.ConsoleApp.Telas.TelaCadastros`1::VisualizarRegistros()</Name>
              <FileRef uid="2" />
              <SequencePoints>
                <SequencePoint vc="0" uspid="77" ordinal="0" offset="0" sl="74" sc="9" el="74" ec="10" bec="0" bev="0" fileid="2" />
                <SequencePoint vc="0" uspid="78" ordinal="1" offset="1" sl="75" sc="13" el="75" ec="26" bec="0" bev="0" fileid="2" />
                <SequencePoint vc="0" uspid="79" ordinal="2" offset="8" sl="76" sc="13" el="76" ec="25" bec="0" bev="0" fileid="2" />
                <SequencePoint vc="0" uspid="80" ordinal="3" offset="12" sl="77" sc="9" el="77" ec="10" bec="0" bev="0" fileid="2" />
              </SequencePoints>
              <BranchPoints />
              <MethodPoint xsi:type="SequencePoint" vc="0" uspid="77" ordinal="0" offset="0" sl="74" sc="9" el="74" ec="10" bec="0" bev="0" fileid="2" />
            </Method>
          </Methods>
        </Class>
        <Class>
          <Summary numSequencePoints="54" visitedSequencePoints="4" numBranchPoints="10" visitedBranchPoints="1" sequenceCoverage="7.41" branchCoverage="10" maxCyclomaticComplexity="5" minCyclomaticComplexity="1" maxCrapScore="30" minCrapScore="1" visitedClasses="1" numClasses="1" visitedMethods="1" numMethods="4" />
          <FullName>ControleDeTarefas_2._0.ConsoleApp.Telas.TelaContato</FullName>
          <Methods>
            <Method visited="true" cyclomaticComplexity="1" nPathComplexity="0" sequenceCoverage="100" branchCoverage="100" crapScore="1" isConstructor="true" isStatic="false" isGetter="false" isSetter="false">
              <Summary numSequencePoints="4" visitedSequencePoints="4" numBranchPoints="1" visitedBranchPoints="1" sequenceCoverage="100" branchCoverage="100" maxCyclomaticComplexity="1" minCyclomaticComplexity="1" maxCrapScore="1" minCrapScore="1" visitedClasses="0" numClasses="0" visitedMethods="1" numMethods="1" />
              <MetadataToken>100663312</MetadataToken>
              <Name>System.Void ControleDeTarefas_2._0.ConsoleApp.Telas.TelaContato::.ctor(ControleDeTarefas_2._0.ConsoleApp.Controladores.ControladorContatos)</Name>
              <FileRef uid="3" />
              <SequencePoints>
                <SequencePoint vc="6" uspid="81" ordinal="0" offset="0" sl="17" sc="63" el="17" ec="104" bec="0" bev="0" fileid="3" />
                <SequencePoint vc="6" uspid="82" ordinal="1" offset="13" sl="18" sc="9" el="18" ec="10" bec="0" bev="0" fileid="3" />
                <SequencePoint vc="6" uspid="83" ordinal="2" offset="14" sl="19" sc="13" el="19" ec="47" bec="0" bev="0" fileid="3" />
                <SequencePoint vc="6" uspid="84" ordinal="3" offset="21" sl="20" sc="9" el="20" ec="10" bec="0" bev="0" fileid="3" />
              </SequencePoints>
              <BranchPoints />
              <MethodPoint xsi:type="SequencePoint" vc="6" uspid="81" ordinal="0" offset="0" sl="17" sc="63" el="17" ec="104" bec="0" bev="0" fileid="3" />
            </Method>
            <Method visited="false" cyclomaticComplexity="1" nPathComplexity="0" sequenceCoverage="0" branchCoverage="0" crapScore="2" isConstructor="false" isStatic="false" isGetter="false" isSetter="false">
              <Summary numSequencePoints="11" visitedSequencePoints="0" numBranchPoints="1" visitedBranchPoints="0" sequenceCoverage="0" branchCoverage="0" maxCyclomaticComplexity="1" minCyclomaticComplexity="1" maxCrapScore="2" minCrapScore="2" visitedClasses="0" numClasses="0" visitedMethods="0" numMethods="1" />
              <MetadataToken>100663313</MetadataToken>
              <Name>System.String ControleDeTarefas_2._0.ConsoleApp.Telas.TelaContato::ObterOpcao()</Name>
              <FileRef uid="3" />
              <SequencePoints>
                <SequencePoint vc="0" uspid="85" ordinal="0" offset="0" sl="23" sc="9" el="23" ec="10" bec="0" bev="0" fileid="3" />
                <SequencePoint vc="0" uspid="86" ordinal="1" offset="1" sl="24" sc="13" el="24" ec="69" bec="0" bev="0" fileid="3" />
                <SequencePoint vc="0" uspid="87" ordinal="2" offset="12" sl="25" sc="13" el="25" ec="68" bec="0" bev="0" fileid="3" />
                <SequencePoint vc="0" uspid="88" ordinal="3" offset="23" sl="26" sc="13" el="26" ec="63" bec="0" bev="0" fileid="3" />
                <SequencePoint vc="0" uspid="89" ordinal="4" offset="34" sl="27" sc="13" el="27" ec="67" bec="0" bev="0" fileid="3" />
                <SequencePoint vc="0" uspid="90" ordinal="5" offset="45" sl="29" sc="13" el="29" ec="55" bec="0" bev="0" fileid="3" />
                <SequencePoint vc="0" uspid="91" ordinal="6" offset="56" sl="30" sc="13" el="30" ec="33" bec="0" bev="0" fileid="3" />
                <SequencePoint vc="0" uspid="92" ordinal="7" offset="62" sl="32" sc="13" el="32" ec="38" bec="0" bev="0" fileid="3" />
                <SequencePoint vc="0" uspid="93" ordinal="8" offset="73" sl="33" sc="13" el="33" ec="47" bec="0" bev="0" fileid="3" />
                <SequencePoint vc="0" uspid="94" ordinal="9" offset="79" sl="35" sc="13" el="35" ec="26" bec="0" bev="0" fileid="3" />
                <SequencePoint vc="0" uspid="95" ordinal="10" offset="83" sl="36" sc="9" el="36" ec="10" bec="0" bev="0" fileid="3" />
              </SequencePoints>
              <BranchPoints />
              <MethodPoint xsi:type="SequencePoint" vc="0" uspid="85" ordinal="0" offset="0" sl="23" sc="9" el="23" ec="10" bec="0" bev="0" fileid="3" />
            </Method>
            <Method visited="false" cyclomaticComplexity="2" nPathComplexity="2" sequenceCoverage="0" branchCoverage="0" crapScore="6" isConstructor="false" isStatic="false" isGetter="false" isSetter="false">
              <Summary numSequencePoints="18" visitedSequencePoints="0" numBranchPoints="3" visitedBranchPoints="0" sequenceCoverage="0" branchCoverage="0" maxCyclomaticComplexity="2" minCyclomaticComplexity="2" maxCrapScore="6" minCrapScore="6" visitedClasses="0" numClasses="0" visitedMethods="0" numMethods="1" />
              <MetadataToken>100663314</MetadataToken>
              <Name>ControleDeTarefas_2._0.ConsoleApp.Dominio.Contatos ControleDeTarefas_2._0.ConsoleApp.Telas.TelaContato::ObterRegistro(ControleDeTarefas_2._0.ConsoleApp.Telas.TipoAcao)</Name>
              <FileRef uid="3" />
              <SequencePoints>
                <SequencePoint vc="0" uspid="96" ordinal="0" offset="0" sl="39" sc="9" el="39" ec="10" bec="0" bev="0" fileid="3" />
                <SequencePoint vc="0" uspid="97" ordinal="1" offset="1" sl="40" sc="13" el="40" ec="57" bec="0" bev="0" fileid="3" />
                <SequencePoint vc="0" uspid="98" ordinal="2" offset="12" sl="41" sc="13" el="41" ec="46" bec="0" bev="0" fileid="3" />
                <SequencePoint vc="0" uspid="99" ordinal="3" offset="18" sl="43" sc="13" el="43" ec="58" bec="0" bev="0" fileid="3" />
                <SequencePoint vc="0" uspid="100" ordinal="4" offset="29" sl="44" sc="13" el="44" ec="47" bec="0" bev="0" fileid="3" />
                <SequencePoint vc="0" uspid="101" ordinal="5" offset="35" sl="46" sc="13" el="46" ec="71" bec="0" bev="0" fileid="3" />
                <SequencePoint vc="0" uspid="102" ordinal="6" offset="46" sl="47" sc="13" el="47" ec="50" bec="0" bev="0" fileid="3" />
                <SequencePoint vc="0" uspid="103" ordinal="7" offset="52" sl="49" sc="13" el="49" ec="60" bec="0" bev="0" fileid="3" />
                <SequencePoint vc="0" uspid="104" ordinal="8" offset="63" sl="50" sc="13" el="50" ec="49" bec="0" bev="0" fileid="3" />
                <SequencePoint vc="0" uspid="105" ordinal="9" offset="69" sl="52" sc="13" el="52" ec="58" bec="0" bev="0" fileid="3" />
                <SequencePoint vc="0" uspid="106" ordinal="10" offset="80" sl="53" sc="13" el="53" ec="47" bec="0" bev="0" fileid="3" />
                <SequencePoint vc="0" uspid="107" ordinal="11" offset="87" sl="54" sc="13" el="54" ec="63" bec="2" bev="0" fileid="3" />
                <SequencePoint vc="0" uspid="108" ordinal="12" offset="116" sl="55" sc="13" el="55" ec="14" bec="0" bev="0" fileid="3" />
                <SequencePoint vc="0" uspid="109" ordinal="13" offset="117" sl="56" sc="17" el="56" ec="51" bec="0" bev="0" fileid="3" />
                <SequencePoint vc="0" uspid="110" ordinal="14" offset="125" sl="57" sc="13" el="57" ec="14" bec="0" bev="0" fileid="3" />
                <SequencePoint vc="0" uspid="111" ordinal="15" offset="126" sl="59" sc="13" el="59" ec="78" bec="0" bev="0" fileid="3" />
                <SequencePoint vc="0" uspid="112" ordinal="16" offset="139" sl="61" sc="13" el="61" ec="22" bec="0" bev="0" fileid="3" />
                <SequencePoint vc="0" uspid="113" ordinal="17" offset="145" sl="62" sc="9" el="62" ec="10" bec="0" bev="0" fileid="3" />
              </SequencePoints>
              <BranchPoints>
                <BranchPoint vc="0" uspid="114" ordinal="0" offset="114" sl="54" path="0" offsetend="116" fileid="3" />
                <BranchPoint vc="0" uspid="115" ordinal="1" offset="114" sl="54" path="1" offsetend="126" fileid="3" />
              </BranchPoints>
              <MethodPoint xsi:type="SequencePoint" vc="0" uspid="96" ordinal="0" offset="0" sl="39" sc="9" el="39" ec="10" bec="0" bev="0" fileid="3" />
            </Method>
            <Method visited="false" cyclomaticComplexity="5" nPathComplexity="4" sequenceCoverage="0" branchCoverage="0" crapScore="30" isConstructor="false" isStatic="false" isGetter="false" isSetter="false">
              <Summary numSequencePoints="21" visitedSequencePoints="0" numBranchPoints="5" visitedBranchPoints="0" sequenceCoverage="0" branchCoverage="0" maxCyclomaticComplexity="5" minCyclomaticComplexity="5" maxCrapScore="30" minCrapScore="30" visitedClasses="0" numClasses="0" visitedMethods="0" numMethods="1" />
              <MetadataToken>100663315</MetadataToken>
              <Name>System.Void ControleDeTarefas_2._0.ConsoleApp.Telas.TelaContato::Visualizar()</Name>
              <FileRef uid="3" />
              <SequencePoints>
                <SequencePoint vc="0" uspid="116" ordinal="0" offset="0" sl="65" sc="9" el="65" ec="10" bec="0" bev="0" fileid="3" />
                <SequencePoint vc="0" uspid="117" ordinal="1" offset="1" sl="66" sc="13" el="66" ec="29" bec="0" bev="0" fileid="3" />
                <SequencePoint vc="0" uspid="118" ordinal="2" offset="7" sl="68" sc="13" el="68" ec="61" bec="0" bev="0" fileid="3" />
                <SequencePoint vc="0" uspid="119" ordinal="3" offset="19" sl="70" sc="13" el="70" ec="80" bec="0" bev="0" fileid="3" />
                <SequencePoint vc="0" uspid="120" ordinal="4" offset="31" sl="72" sc="13" el="72" ec="41" bec="4" bev="0" fileid="3" />
                <SequencePoint vc="0" uspid="121" ordinal="5" offset="50" sl="73" sc="17" el="73" ec="86" bec="0" bev="0" fileid="3" />
                <SequencePoint vc="0" uspid="122" ordinal="6" offset="63" sl="75" sc="13" el="75" ec="20" bec="0" bev="0" fileid="3" />
                <SequencePoint vc="0" uspid="123" ordinal="7" offset="64" sl="75" sc="42" el="75" ec="50" bec="0" bev="0" fileid="3" />
                <SequencePoint vc="0" uspid="124" ordinal="8" offset="76" sl="75" sc="22" el="75" ec="38" bec="0" bev="0" fileid="3" />
                <SequencePoint vc="0" uspid="125" ordinal="9" offset="84" sl="76" sc="13" el="76" ec="14" bec="0" bev="0" fileid="3" />
                <SequencePoint vc="0" uspid="126" ordinal="10" offset="85" sl="77" sc="17" el="77" ec="56" bec="0" bev="0" fileid="3" />
                <SequencePoint vc="0" uspid="127" ordinal="11" offset="116" sl="78" sc="17" el="78" ec="60" bec="0" bev="0" fileid="3" />
                <SequencePoint vc="0" uspid="128" ordinal="12" offset="138" sl="79" sc="17" el="79" ec="62" bec="0" bev="0" fileid="3" />
                <SequencePoint vc="0" uspid="129" ordinal="13" offset="160" sl="80" sc="17" el="80" ec="68" bec="0" bev="0" fileid="3" />
                <SequencePoint vc="0" uspid="130" ordinal="14" offset="182" sl="81" sc="17" el="81" ec="66" bec="0" bev="0" fileid="3" />
                <SequencePoint vc="0" uspid="131" ordinal="15" offset="204" sl="82" sc="17" el="82" ec="62" bec="0" bev="0" fileid="3" />
                <SequencePoint vc="0" uspid="132" ordinal="16" offset="226" sl="83" sc="17" el="83" ec="37" bec="0" bev="0" fileid="3" />
                <SequencePoint vc="0" uspid="133" ordinal="17" offset="232" sl="84" sc="13" el="84" ec="14" bec="0" bev="0" fileid="3" />
                <SequencePoint vc="0" uspid="134" ordinal="18" offset="233" sl="75" sc="39" el="75" ec="41" bec="0" bev="0" fileid="3" />
                <SequencePoint vc="0" uspid="135" ordinal="19" offset="262" sl="86" sc="13" el="86" ec="31" bec="0" bev="0" fileid="3" />
                <SequencePoint vc="0" uspid="136" ordinal="20" offset="268" sl="87" sc="9" el="87" ec="10" bec="0" bev="0" fileid="3" />
              </SequencePoints>
              <BranchPoints>
                <BranchPoint vc="0" uspid="137" ordinal="0" offset="32" sl="72" path="0" offsetend="34" fileid="3" />
                <BranchPoint vc="0" uspid="138" ordinal="1" offset="32" sl="72" path="1" offsetend="37" fileid="3" />
                <BranchPoint vc="0" uspid="139" ordinal="2" offset="48" sl="72" path="0" offsetend="50" fileid="3" />
                <BranchPoint vc="0" uspid="140" ordinal="3" offset="48" sl="72" path="1" offsetend="63" fileid="3" />
              </BranchPoints>
              <MethodPoint xsi:type="SequencePoint" vc="0" uspid="116" ordinal="0" offset="0" sl="65" sc="9" el="65" ec="10" bec="0" bev="0" fileid="3" />
            </Method>
          </Methods>
        </Class>
        <Class>
          <Summary numSequencePoints="100" visitedSequencePoints="4" numBranchPoints="30" visitedBranchPoints="1" sequenceCoverage="4" branchCoverage="3.33" maxCyclomaticComplexity="10" minCyclomaticComplexity="1" maxCrapScore="110" minCrapScore="1" visitedClasses="1" numClasses="1" visitedMethods="1" numMethods="6" />
          <FullName>ControleDeTarefas_2._0.ConsoleApp.Telas.TelaTarefa</FullName>
          <Methods>
            <Method visited="true" cyclomaticComplexity="1" nPathComplexity="0" sequenceCoverage="100" branchCoverage="100" crapScore="1" isConstructor="true" isStatic="false" isGetter="false" isSetter="false">
              <Summary numSequencePoints="4" visitedSequencePoints="4" numBranchPoints="1" visitedBranchPoints="1" sequenceCoverage="100" branchCoverage="100" maxCyclomaticComplexity="1" minCyclomaticComplexity="1" maxCrapScore="1" minCrapScore="1" visitedClasses="0" numClasses="0" visitedMethods="1" numMethods="1" />
              <MetadataToken>100663316</MetadataToken>
              <Name>System.Void ControleDeTarefas_2._0.ConsoleApp.Telas.TelaTarefa::.ctor(ControleDeTarefas_2._0.ConsoleApp.Controladores.ControladorTarefa)</Name>
              <FileRef uid="4" />
              <SequencePoints>
                <SequencePoint vc="6" uspid="143" ordinal="0" offset="0" sl="16" sc="60" el="16" ec="99" bec="0" bev="0" fileid="4" />
                <SequencePoint vc="6" uspid="144" ordinal="1" offset="13" sl="17" sc="9" el="17" ec="10" bec="0" bev="0" fileid="4" />
                <SequencePoint vc="6" uspid="145" ordinal="2" offset="14" sl="18" sc="13" el="18" ec="45" bec="0" bev="0" fileid="4" />
                <SequencePoint vc="6" uspid="146" ordinal="3" offset="21" sl="19" sc="9" el="19" ec="10" bec="0" bev="0" fileid="4" />
              </SequencePoints>
              <BranchPoints />
              <MethodPoint xsi:type="SequencePoint" vc="6" uspid="143" ordinal="0" offset="0" sl="16" sc="60" el="16" ec="99" bec="0" bev="0" fileid="4" />
            </Method>
            <Method visited="false" cyclomaticComplexity="1" nPathComplexity="0" sequenceCoverage="0" branchCoverage="0" crapScore="2" isConstructor="false" isStatic="false" isGetter="false" isSetter="false">
              <Summary numSequencePoints="11" visitedSequencePoints="0" numBranchPoints="1" visitedBranchPoints="0" sequenceCoverage="0" branchCoverage="0" maxCyclomaticComplexity="1" minCyclomaticComplexity="1" maxCrapScore="2" minCrapScore="2" visitedClasses="0" numClasses="0" visitedMethods="0" numMethods="1" />
              <MetadataToken>100663317</MetadataToken>
              <Name>System.String ControleDeTarefas_2._0.ConsoleApp.Telas.TelaTarefa::ObterOpcao()</Name>
              <FileRef uid="4" />
              <SequencePoints>
                <SequencePoint vc="0" uspid="147" ordinal="0" offset="0" sl="22" sc="9" el="22" ec="10" bec="0" bev="0" fileid="4" />
                <SequencePoint vc="0" uspid="148" ordinal="1" offset="1" sl="23" sc="13" el="23" ec="68" bec="0" bev="0" fileid="4" />
                <SequencePoint vc="0" uspid="149" ordinal="2" offset="12" sl="24" sc="13" el="24" ec="67" bec="0" bev="0" fileid="4" />
                <SequencePoint vc="0" uspid="150" ordinal="3" offset="23" sl="25" sc="13" el="25" ec="63" bec="0" bev="0" fileid="4" />
                <SequencePoint vc="0" uspid="151" ordinal="4" offset="34" sl="26" sc="13" el="26" ec="67" bec="0" bev="0" fileid="4" />
                <SequencePoint vc="0" uspid="152" ordinal="5" offset="45" sl="28" sc="13" el="28" ec="55" bec="0" bev="0" fileid="4" />
                <SequencePoint vc="0" uspid="153" ordinal="6" offset="56" sl="29" sc="13" el="29" ec="33" bec="0" bev="0" fileid="4" />
                <SequencePoint vc="0" uspid="154" ordinal="7" offset="62" sl="31" sc="13" el="31" ec="38" bec="0" bev="0" fileid="4" />
                <SequencePoint vc="0" uspid="155" ordinal="8" offset="73" sl="32" sc="13" el="32" ec="47" bec="0" bev="0" fileid="4" />
                <SequencePoint vc="0" uspid="156" ordinal="9" offset="79" sl="34" sc="13" el="34" ec="26" bec="0" bev="0" fileid="4" />
                <SequencePoint vc="0" uspid="157" ordinal="10" offset="83" sl="35" sc="9" el="35" ec="10" bec="0" bev="0" fileid="4" />
              </SequencePoints>
              <BranchPoints />
              <MethodPoint xsi:type="SequencePoint" vc="0" uspid="147" ordinal="0" offset="0" sl="22" sc="9" el="22" ec="10" bec="0" bev="0" fileid="4" />
            </Method>
            <Method visited="false" cyclomaticComplexity="3" nPathComplexity="4" sequenceCoverage="0" branchCoverage="0" crapScore="12" isConstructor="false" isStatic="false" isGetter="false" isSetter="false">
              <Summary numSequencePoints="22" visitedSequencePoints="0" numBranchPoints="5" visitedBranchPoints="0" sequenceCoverage="0" branchCoverage="0" maxCyclomaticComplexity="3" minCyclomaticComplexity="3" maxCrapScore="12" minCrapScore="12" visitedClasses="0" numClasses="0" visitedMethods="0" numMethods="1" />
              <MetadataToken>100663318</MetadataToken>
              <Name>ControleDeTarefas_2._0.ConsoleApp.ConsoleApp.Tarefa ControleDeTarefas_2._0.ConsoleApp.Telas.TelaTarefa::ObterRegistro(ControleDeTarefas_2._0.ConsoleApp.Telas.TipoAcao)</Name>
              <FileRef uid="4" />
              <SequencePoints>
                <SequencePoint vc="0" uspid="158" ordinal="0" offset="0" sl="38" sc="9" el="38" ec="10" bec="0" bev="0" fileid="4" />
                <SequencePoint vc="0" uspid="159" ordinal="1" offset="1" sl="39" sc="13" el="39" ec="58" bec="0" bev="0" fileid="4" />
                <SequencePoint vc="0" uspid="160" ordinal="2" offset="12" sl="40" sc="13" el="40" ec="48" bec="0" bev="0" fileid="4" />
                <SequencePoint vc="0" uspid="161" ordinal="3" offset="18" sl="42" sc="13" el="42" ec="94" bec="0" bev="0" fileid="4" />
                <SequencePoint vc="0" uspid="162" ordinal="4" offset="29" sl="43" sc="13" el="43" ec="66" bec="0" bev="0" fileid="4" />
                <SequencePoint vc="0" uspid="163" ordinal="5" offset="40" sl="45" sc="13" el="45" ec="51" bec="0" bev="0" fileid="4" />
                <SequencePoint vc="0" uspid="164" ordinal="6" offset="48" sl="46" sc="13" el="46" ec="48" bec="2" bev="0" fileid="4" />
                <SequencePoint vc="0" uspid="165" ordinal="7" offset="58" sl="47" sc="13" el="47" ec="14" bec="0" bev="0" fileid="4" />
                <SequencePoint vc="0" uspid="166" ordinal="8" offset="59" sl="48" sc="17" el="48" ec="85" bec="0" bev="0" fileid="4" />
                <SequencePoint vc="0" uspid="167" ordinal="9" offset="70" sl="49" sc="17" el="49" ec="70" bec="0" bev="0" fileid="4" />
                <SequencePoint vc="0" uspid="168" ordinal="10" offset="81" sl="50" sc="13" el="50" ec="14" bec="0" bev="0" fileid="4" />
                <SequencePoint vc="0" uspid="169" ordinal="11" offset="82" sl="52" sc="13" el="52" ec="90" bec="0" bev="0" fileid="4" />
                <SequencePoint vc="0" uspid="170" ordinal="12" offset="93" sl="53" sc="13" el="53" ec="75" bec="0" bev="0" fileid="4" />
                <SequencePoint vc="0" uspid="171" ordinal="13" offset="104" sl="56" sc="13" el="56" ec="44" bec="2" bev="0" fileid="4" />
                <SequencePoint vc="0" uspid="172" ordinal="14" offset="118" sl="57" sc="13" el="57" ec="14" bec="0" bev="0" fileid="4" />
                <SequencePoint vc="0" uspid="173" ordinal="15" offset="119" sl="58" sc="17" el="58" ec="87" bec="0" bev="0" fileid="4" />
                <SequencePoint vc="0" uspid="174" ordinal="16" offset="130" sl="59" sc="17" el="59" ec="72" bec="0" bev="0" fileid="4" />
                <SequencePoint vc="0" uspid="175" ordinal="17" offset="142" sl="60" sc="13" el="60" ec="14" bec="0" bev="0" fileid="4" />
                <SequencePoint vc="0" uspid="176" ordinal="18" offset="145" sl="62" sc="17" el="62" ec="64" bec="0" bev="0" fileid="4" />
                <SequencePoint vc="0" uspid="177" ordinal="19" offset="157" sl="64" sc="13" el="64" ec="109" bec="0" bev="0" fileid="4" />
                <SequencePoint vc="0" uspid="178" ordinal="20" offset="170" sl="66" sc="13" el="66" ec="27" bec="0" bev="0" fileid="4" />
                <SequencePoint vc="0" uspid="179" ordinal="21" offset="176" sl="67" sc="9" el="67" ec="10" bec="0" bev="0" fileid="4" />
              </SequencePoints>
              <BranchPoints>
                <BranchPoint vc="0" uspid="180" ordinal="0" offset="56" sl="46" path="0" offsetend="58" fileid="4" />
                <BranchPoint vc="0" uspid="181" ordinal="1" offset="56" sl="46" path="1" offsetend="82" fileid="4" />
                <BranchPoint vc="0" uspid="182" ordinal="2" offset="116" sl="56" path="0" offsetend="118" fileid="4" />
                <BranchPoint vc="0" uspid="183" ordinal="3" offset="116" sl="56" path="1" offsetend="145" fileid="4" />
              </BranchPoints>
              <MethodPoint xsi:type="SequencePoint" vc="0" uspid="158" ordinal="0" offset="0" sl="38" sc="9" el="38" ec="10" bec="0" bev="0" fileid="4" />
            </Method>
            <Method visited="false" cyclomaticComplexity="6" nPathComplexity="16" sequenceCoverage="0" branchCoverage="0" crapScore="42" isConstructor="false" isStatic="false" isGetter="false" isSetter="false">
              <Summary numSequencePoints="24" visitedSequencePoints="0" numBranchPoints="9" visitedBranchPoints="0" sequenceCoverage="0" branchCoverage="0" maxCyclomaticComplexity="6" minCyclomaticComplexity="6" maxCrapScore="42" minCrapScore="42" visitedClasses="0" numClasses="0" visitedMethods="0" numMethods="1" />
              <MetadataToken>100663319</MetadataToken>
              <Name>System.Void ControleDeTarefas_2._0.ConsoleApp.Telas.TelaTarefa::Visualizar()</Name>
              <FileRef uid="4" />
              <SequencePoints>
                <SequencePoint vc="0" uspid="184" ordinal="0" offset="0" sl="70" sc="9" el="70" ec="10" bec="0" bev="0" fileid="4" />
                <SequencePoint vc="0" uspid="185" ordinal="1" offset="1" sl="71" sc="13" el="71" ec="29" bec="0" bev="0" fileid="4" />
                <SequencePoint vc="0" uspid="186" ordinal="2" offset="7" sl="73" sc="13" el="73" ec="61" bec="0" bev="0" fileid="4" />
                <SequencePoint vc="0" uspid="187" ordinal="3" offset="19" sl="76" sc="13" el="76" ec="74" bec="0" bev="0" fileid="4" />
                <SequencePoint vc="0" uspid="188" ordinal="4" offset="31" sl="77" sc="13" el="77" ec="65" bec="0" bev="0" fileid="4" />
                <SequencePoint vc="0" uspid="189" ordinal="5" offset="37" sl="78" sc="13" el="78" ec="63" bec="0" bev="0" fileid="4" />
                <SequencePoint vc="0" uspid="190" ordinal="6" offset="43" sl="80" sc="13" el="80" ec="20" bec="0" bev="0" fileid="4" />
                <SequencePoint vc="0" uspid="191" ordinal="7" offset="44" sl="80" sc="39" el="80" ec="46" bec="0" bev="0" fileid="4" />
                <SequencePoint vc="0" uspid="192" ordinal="8" offset="53" sl="80" sc="22" el="80" ec="35" bec="0" bev="0" fileid="4" />
                <SequencePoint vc="0" uspid="193" ordinal="9" offset="62" sl="81" sc="13" el="81" ec="14" bec="0" bev="0" fileid="4" />
                <SequencePoint vc="0" uspid="194" ordinal="10" offset="63" sl="82" sc="17" el="82" ec="55" bec="2" bev="0" fileid="4" />
                <SequencePoint vc="0" uspid="195" ordinal="11" offset="83" sl="83" sc="21" el="83" ec="51" bec="0" bev="0" fileid="4" />
                <SequencePoint vc="0" uspid="196" ordinal="12" offset="94" sl="84" sc="22" el="84" ec="59" bec="2" bev="0" fileid="4" />
                <SequencePoint vc="0" uspid="197" ordinal="13" offset="111" sl="85" sc="21" el="85" ec="49" bec="0" bev="0" fileid="4" />
                <SequencePoint vc="0" uspid="198" ordinal="14" offset="120" sl="86" sc="13" el="86" ec="14" bec="0" bev="0" fileid="4" />
                <SequencePoint vc="0" uspid="199" ordinal="15" offset="121" sl="80" sc="36" el="80" ec="38" bec="0" bev="0" fileid="4" />
                <SequencePoint vc="0" uspid="200" ordinal="16" offset="147" sl="88" sc="13" el="88" ec="56" bec="0" bev="0" fileid="4" />
                <SequencePoint vc="0" uspid="201" ordinal="17" offset="158" sl="89" sc="13" el="89" ec="66" bec="2" bev="0" fileid="4" />
                <SequencePoint vc="0" uspid="202" ordinal="18" offset="176" sl="90" sc="17" el="90" ec="84" bec="0" bev="0" fileid="4" />
                <SequencePoint vc="0" uspid="203" ordinal="19" offset="189" sl="92" sc="13" el="92" ec="58" bec="0" bev="0" fileid="4" />
                <SequencePoint vc="0" uspid="204" ordinal="20" offset="200" sl="93" sc="13" el="93" ec="61" bec="2" bev="0" fileid="4" />
                <SequencePoint vc="0" uspid="205" ordinal="21" offset="218" sl="94" sc="17" el="94" ec="83" bec="0" bev="0" fileid="4" />
                <SequencePoint vc="0" uspid="206" ordinal="22" offset="231" sl="95" sc="13" el="95" ec="31" bec="0" bev="0" fileid="4" />
                <SequencePoint vc="0" uspid="207" ordinal="23" offset="237" sl="96" sc="9" el="96" ec="10" bec="0" bev="0" fileid="4" />
              </SequencePoints>
              <BranchPoints>
                <BranchPoint vc="0" uspid="208" ordinal="0" offset="81" sl="82" path="0" offsetend="83" fileid="4" />
                <BranchPoint vc="0" uspid="209" ordinal="1" offset="81" sl="82" path="1" offsetend="94" fileid="4" />
                <BranchPoint vc="0" uspid="210" ordinal="2" offset="109" sl="84" path="0" offsetend="111" fileid="4" />
                <BranchPoint vc="0" uspid="211" ordinal="3" offset="109" sl="84" path="1" offsetend="120" fileid="4" />
                <BranchPoint vc="0" uspid="214" ordinal="6" offset="174" sl="89" path="0" offsetend="176" fileid="4" />
                <BranchPoint vc="0" uspid="215" ordinal="7" offset="174" sl="89" path="1" offsetend="189" fileid="4" />
                <BranchPoint vc="0" uspid="216" ordinal="8" offset="216" sl="93" path="0" offsetend="218" fileid="4" />
                <BranchPoint vc="0" uspid="217" ordinal="9" offset="216" sl="93" path="1" offsetend="231" fileid="4" />
              </BranchPoints>
              <MethodPoint xsi:type="SequencePoint" vc="0" uspid="184" ordinal="0" offset="0" sl="70" sc="9" el="70" ec="10" bec="0" bev="0" fileid="4" />
            </Method>
            <Method visited="false" cyclomaticComplexity="10" nPathComplexity="32" sequenceCoverage="0" branchCoverage="0" crapScore="110" isConstructor="false" isStatic="false" isGetter="false" isSetter="false">
              <Summary numSequencePoints="29" visitedSequencePoints="0" numBranchPoints="11" visitedBranchPoints="0" sequenceCoverage="0" branchCoverage="0" maxCyclomaticComplexity="10" minCyclomaticComplexity="10" maxCrapScore="110" minCrapScore="110" visitedClasses="0" numClasses="0" visitedMethods="0" numMethods="1" />
              <MetadataToken>100663320</MetadataToken>
              <Name>System.Boolean ControleDeTarefas_2._0.ConsoleApp.Telas.TelaTarefa::EscreverTarefas(System.Collections.Generic.List`1&lt;ControleDeTarefas_2._0.ConsoleApp.ConsoleApp.Tarefa&gt;,System.String)</Name>
              <FileRef uid="4" />
              <SequencePoints>
                <SequencePoint vc="0" uspid="218" ordinal="0" offset="0" sl="100" sc="9" el="100" ec="10" bec="0" bev="0" fileid="4" />
                <SequencePoint vc="0" uspid="219" ordinal="1" offset="1" sl="101" sc="13" el="101" ec="40" bec="4" bev="0" fileid="4" />
                <SequencePoint vc="0" uspid="220" ordinal="2" offset="20" sl="102" sc="17" el="102" ec="29" bec="0" bev="0" fileid="4" />
                <SequencePoint vc="0" uspid="221" ordinal="3" offset="27" sl="103" sc="13" el="103" ec="20" bec="0" bev="0" fileid="4" />
                <SequencePoint vc="0" uspid="222" ordinal="4" offset="28" sl="103" sc="37" el="103" ec="44" bec="0" bev="0" fileid="4" />
                <SequencePoint vc="0" uspid="223" ordinal="5" offset="37" sl="103" sc="22" el="103" ec="33" bec="0" bev="0" fileid="4" />
                <SequencePoint vc="0" uspid="224" ordinal="6" offset="45" sl="104" sc="13" el="104" ec="14" bec="0" bev="0" fileid="4" />
                <SequencePoint vc="0" uspid="225" ordinal="7" offset="46" sl="105" sc="17" el="105" ec="42" bec="2" bev="0" fileid="4" />
                <SequencePoint vc="0" uspid="226" ordinal="8" offset="61" sl="106" sc="21" el="106" ec="47" bec="0" bev="0" fileid="4" />
                <SequencePoint vc="0" uspid="227" ordinal="9" offset="69" sl="107" sc="13" el="107" ec="14" bec="0" bev="0" fileid="4" />
                <SequencePoint vc="0" uspid="228" ordinal="10" offset="70" sl="103" sc="34" el="103" ec="36" bec="0" bev="0" fileid="4" />
                <SequencePoint vc="0" uspid="229" ordinal="11" offset="96" sl="108" sc="13" el="108" ec="20" bec="0" bev="0" fileid="4" />
                <SequencePoint vc="0" uspid="230" ordinal="12" offset="97" sl="108" sc="37" el="108" ec="44" bec="0" bev="0" fileid="4" />
                <SequencePoint vc="0" uspid="231" ordinal="13" offset="107" sl="108" sc="22" el="108" ec="33" bec="0" bev="0" fileid="4" />
                <SequencePoint vc="0" uspid="232" ordinal="14" offset="116" sl="109" sc="13" el="109" ec="14" bec="0" bev="0" fileid="4" />
                <SequencePoint vc="0" uspid="233" ordinal="15" offset="117" sl="110" sc="17" el="110" ec="42" bec="2" bev="0" fileid="4" />
                <SequencePoint vc="0" uspid="234" ordinal="16" offset="133" sl="111" sc="21" el="111" ec="47" bec="0" bev="0" fileid="4" />
                <SequencePoint vc="0" uspid="235" ordinal="17" offset="142" sl="112" sc="13" el="112" ec="14" bec="0" bev="0" fileid="4" />
                <SequencePoint vc="0" uspid="236" ordinal="18" offset="143" sl="108" sc="34" el="108" ec="36" bec="0" bev="0" fileid="4" />
                <SequencePoint vc="0" uspid="237" ordinal="19" offset="169" sl="113" sc="13" el="113" ec="20" bec="0" bev="0" fileid="4" />
                <SequencePoint vc="0" uspid="238" ordinal="20" offset="170" sl="113" sc="37" el="113" ec="44" bec="0" bev="0" fileid="4" />
                <SequencePoint vc="0" uspid="239" ordinal="21" offset="180" sl="113" sc="22" el="113" ec="33" bec="0" bev="0" fileid="4" />
                <SequencePoint vc="0" uspid="240" ordinal="22" offset="189" sl="114" sc="13" el="114" ec="14" bec="0" bev="0" fileid="4" />
                <SequencePoint vc="0" uspid="241" ordinal="23" offset="190" sl="115" sc="17" el="115" ec="42" bec="2" bev="0" fileid="4" />
                <SequencePoint vc="0" uspid="242" ordinal="24" offset="206" sl="116" sc="21" el="116" ec="47" bec="0" bev="0" fileid="4" />
                <SequencePoint vc="0" uspid="243" ordinal="25" offset="215" sl="117" sc="13" el="117" ec="14" bec="0" bev="0" fileid="4" />
                <SequencePoint vc="0" uspid="244" ordinal="26" offset="216" sl="113" sc="34" el="113" ec="36" bec="0" bev="0" fileid="4" />
                <SequencePoint vc="0" uspid="245" ordinal="27" offset="242" sl="118" sc="13" el="118" ec="26" bec="0" bev="0" fileid="4" />
                <SequencePoint vc="0" uspid="246" ordinal="28" offset="246" sl="119" sc="9" el="119" ec="10" bec="0" bev="0" fileid="4" />
              </SequencePoints>
              <BranchPoints>
                <BranchPoint vc="0" uspid="247" ordinal="0" offset="2" sl="101" path="0" offsetend="4" fileid="4" />
                <BranchPoint vc="0" uspid="248" ordinal="1" offset="2" sl="101" path="1" offsetend="7" fileid="4" />
                <BranchPoint vc="0" uspid="249" ordinal="2" offset="18" sl="101" path="0" offsetend="20" fileid="4" />
                <BranchPoint vc="0" uspid="250" ordinal="3" offset="18" sl="101" path="1" offsetend="27" fileid="4" />
                <BranchPoint vc="0" uspid="251" ordinal="4" offset="59" sl="105" path="0" offsetend="61" fileid="4" />
                <BranchPoint vc="0" uspid="252" ordinal="5" offset="59" sl="105" path="1" offsetend="69" fileid="4" />
                <BranchPoint vc="0" uspid="255" ordinal="8" offset="131" sl="110" path="0" offsetend="133" fileid="4" />
                <BranchPoint vc="0" uspid="256" ordinal="9" offset="131" sl="110" path="1" offsetend="142" fileid="4" />
                <BranchPoint vc="0" uspid="259" ordinal="12" offset="204" sl="115" path="0" offsetend="206" fileid="4" />
                <BranchPoint vc="0" uspid="260" ordinal="13" offset="204" sl="115" path="1" offsetend="215" fileid="4" />
              </BranchPoints>
              <MethodPoint xsi:type="SequencePoint" vc="0" uspid="218" ordinal="0" offset="0" sl="100" sc="9" el="100" ec="10" bec="0" bev="0" fileid="4" />
            </Method>
            <Method visited="false" cyclomaticComplexity="2" nPathComplexity="2" sequenceCoverage="0" branchCoverage="0" crapScore="6" isConstructor="false" isStatic="true" isGetter="false" isSetter="false">
              <Summary numSequencePoints="10" visitedSequencePoints="0" numBranchPoints="3" visitedBranchPoints="0" sequenceCoverage="0" branchCoverage="0" maxCyclomaticComplexity="2" minCyclomaticComplexity="2" maxCrapScore="6" minCrapScore="6" visitedClasses="0" numClasses="0" visitedMethods="0" numMethods="1" />
              <MetadataToken>100663321</MetadataToken>
              <Name>System.Void ControleDeTarefas_2._0.ConsoleApp.Telas.TelaTarefa::EscreverItens(ControleDeTarefas_2._0.ConsoleApp.ConsoleApp.Tarefa,System.String)</Name>
              <FileRef uid="4" />
              <SequencePoints>
                <SequencePoint vc="0" uspid="263" ordinal="0" offset="0" sl="122" sc="9" el="122" ec="10" bec="0" bev="0" fileid="4" />
                <SequencePoint vc="0" uspid="264" ordinal="1" offset="1" sl="123" sc="13" el="123" ec="49" bec="0" bev="0" fileid="4" />
                <SequencePoint vc="0" uspid="265" ordinal="2" offset="31" sl="124" sc="13" el="124" ec="57" bec="0" bev="0" fileid="4" />
                <SequencePoint vc="0" uspid="266" ordinal="3" offset="53" sl="125" sc="13" el="125" ec="65" bec="0" bev="0" fileid="4" />
                <SequencePoint vc="0" uspid="267" ordinal="4" offset="83" sl="126" sc="13" el="126" ec="95" bec="0" bev="0" fileid="4" />
                <SequencePoint vc="0" uspid="268" ordinal="5" offset="118" sl="127" sc="13" el="127" ec="37" bec="2" bev="0" fileid="4" />
                <SequencePoint vc="0" uspid="269" ordinal="6" offset="133" sl="128" sc="17" el="128" ec="103" bec="0" bev="0" fileid="4" />
                <SequencePoint vc="0" uspid="270" ordinal="7" offset="168" sl="129" sc="13" el="129" ec="65" bec="0" bev="0" fileid="4" />
                <SequencePoint vc="0" uspid="271" ordinal="8" offset="198" sl="130" sc="13" el="130" ec="33" bec="0" bev="0" fileid="4" />
                <SequencePoint vc="0" uspid="272" ordinal="9" offset="204" sl="131" sc="9" el="131" ec="10" bec="0" bev="0" fileid="4" />
              </SequencePoints>
              <BranchPoints>
                <BranchPoint vc="0" uspid="273" ordinal="0" offset="131" sl="127" path="0" offsetend="133" fileid="4" />
                <BranchPoint vc="0" uspid="274" ordinal="1" offset="131" sl="127" path="1" offsetend="168" fileid="4" />
              </BranchPoints>
              <MethodPoint xsi:type="SequencePoint" vc="0" uspid="263" ordinal="0" offset="0" sl="122" sc="9" el="122" ec="10" bec="0" bev="0" fileid="4" />
            </Method>
          </Methods>
        </Class>
        <Class>
          <Summary numSequencePoints="20" visitedSequencePoints="0" numBranchPoints="13" visitedBranchPoints="0" sequenceCoverage="0" branchCoverage="0" maxCyclomaticComplexity="1" minCyclomaticComplexity="1" maxCrapScore="2" minCrapScore="2" visitedClasses="0" numClasses="1" visitedMethods="0" numMethods="13" />
          <FullName>ControleDeTarefas_2._0.ConsoleApp.ConsoleApp.Tarefa</FullName>
          <Methods>
            <Method visited="false" cyclomaticComplexity="1" nPathComplexity="0" sequenceCoverage="0" branchCoverage="0" crapScore="2" isConstructor="false" isStatic="false" isGetter="true" isSetter="false">
              <Summary numSequencePoints="1" visitedSequencePoints="0" numBranchPoints="1" visitedBranchPoints="0" sequenceCoverage="0" branchCoverage="0" maxCyclomaticComplexity="1" minCyclomaticComplexity="1" maxCrapScore="2" minCrapScore="2" visitedClasses="0" numClasses="0" visitedMethods="0" numMethods="1" />
              <MetadataToken>100663323</MetadataToken>
              <Name>System.Int32 ControleDeTarefas_2._0.ConsoleApp.ConsoleApp.Tarefa::get_Id()</Name>
              <FileRef uid="5" />
              <SequencePoints>
                <SequencePoint vc="0" uspid="275" ordinal="0" offset="0" sl="21" sc="25" el="21" ec="29" bec="0" bev="0" fileid="5" />
              </SequencePoints>
              <BranchPoints />
              <MethodPoint xsi:type="SequencePoint" vc="0" uspid="275" ordinal="0" offset="0" sl="21" sc="25" el="21" ec="29" bec="0" bev="0" fileid="5" />
            </Method>
            <Method visited="false" cyclomaticComplexity="1" nPathComplexity="0" sequenceCoverage="0" branchCoverage="0" crapScore="2" isConstructor="false" isStatic="false" isGetter="false" isSetter="true">
              <Summary numSequencePoints="1" visitedSequencePoints="0" numBranchPoints="1" visitedBranchPoints="0" sequenceCoverage="0" branchCoverage="0" maxCyclomaticComplexity="1" minCyclomaticComplexity="1" maxCrapScore="2" minCrapScore="2" visitedClasses="0" numClasses="0" visitedMethods="0" numMethods="1" />
              <MetadataToken>100663324</MetadataToken>
              <Name>System.Void ControleDeTarefas_2._0.ConsoleApp.ConsoleApp.Tarefa::set_Id(System.Int32)</Name>
              <FileRef uid="5" />
              <SequencePoints>
                <SequencePoint vc="0" uspid="276" ordinal="0" offset="0" sl="21" sc="30" el="21" ec="34" bec="0" bev="0" fileid="5" />
              </SequencePoints>
              <BranchPoints />
              <MethodPoint xsi:type="SequencePoint" vc="0" uspid="276" ordinal="0" offset="0" sl="21" sc="30" el="21" ec="34" bec="0" bev="0" fileid="5" />
            </Method>
            <Method visited="false" cyclomaticComplexity="1" nPathComplexity="0" sequenceCoverage="0" branchCoverage="0" crapScore="2" isConstructor="false" isStatic="false" isGetter="true" isSetter="false">
              <Summary numSequencePoints="1" visitedSequencePoints="0" numBranchPoints="1" visitedBranchPoints="0" sequenceCoverage="0" branchCoverage="0" maxCyclomaticComplexity="1" minCyclomaticComplexity="1" maxCrapScore="2" minCrapScore="2" visitedClasses="0" numClasses="0" visitedMethods="0" numMethods="1" />
              <MetadataToken>100663325</MetadataToken>
              <Name>System.String ControleDeTarefas_2._0.ConsoleApp.ConsoleApp.Tarefa::get_Titulo()</Name>
              <FileRef uid="5" />
              <SequencePoints>
                <SequencePoint vc="0" uspid="277" ordinal="0" offset="0" sl="23" sc="32" el="23" ec="36" bec="0" bev="0" fileid="5" />
              </SequencePoints>
              <BranchPoints />
              <MethodPoint xsi:type="SequencePoint" vc="0" uspid="277" ordinal="0" offset="0" sl="23" sc="32" el="23" ec="36" bec="0" bev="0" fileid="5" />
            </Method>
            <Method visited="false" cyclomaticComplexity="1" nPathComplexity="0" sequenceCoverage="0" branchCoverage="0" crapScore="2" isConstructor="false" isStatic="false" isGetter="false" isSetter="true">
              <Summary numSequencePoints="1" visitedSequencePoints="0" numBranchPoints="1" visitedBranchPoints="0" sequenceCoverage="0" branchCoverage="0" maxCyclomaticComplexity="1" minCyclomaticComplexity="1" maxCrapScore="2" minCrapScore="2" visitedClasses="0" numClasses="0" visitedMethods="0" numMethods="1" />
              <MetadataToken>100663326</MetadataToken>
              <Name>System.Void ControleDeTarefas_2._0.ConsoleApp.ConsoleApp.Tarefa::set_Titulo(System.String)</Name>
              <FileRef uid="5" />
              <SequencePoints>
                <SequencePoint vc="0" uspid="278" ordinal="0" offset="0" sl="23" sc="37" el="23" ec="41" bec="0" bev="0" fileid="5" />
              </SequencePoints>
              <BranchPoints />
              <MethodPoint xsi:type="SequencePoint" vc="0" uspid="278" ordinal="0" offset="0" sl="23" sc="37" el="23" ec="41" bec="0" bev="0" fileid="5" />
            </Method>
            <Method visited="false" cyclomaticComplexity="1" nPathComplexity="0" sequenceCoverage="0" branchCoverage="0" crapScore="2" isConstructor="false" isStatic="false" isGetter="true" isSetter="false">
              <Summary numSequencePoints="1" visitedSequencePoints="0" numBranchPoints="1" visitedBranchPoints="0" sequenceCoverage="0" branchCoverage="0" maxCyclomaticComplexity="1" minCyclomaticComplexity="1" maxCrapScore="2" minCrapScore="2" visitedClasses="0" numClasses="0" visitedMethods="0" numMethods="1" />
              <MetadataToken>100663327</MetadataToken>
              <Name>System.Int32 ControleDeTarefas_2._0.ConsoleApp.ConsoleApp.Tarefa::get_Prioridade()</Name>
              <FileRef uid="5" />
              <SequencePoints>
                <SequencePoint vc="0" uspid="279" ordinal="0" offset="0" sl="25" sc="33" el="25" ec="37" bec="0" bev="0" fileid="5" />
              </SequencePoints>
              <BranchPoints />
              <MethodPoint xsi:type="SequencePoint" vc="0" uspid="279" ordinal="0" offset="0" sl="25" sc="33" el="25" ec="37" bec="0" bev="0" fileid="5" />
            </Method>
            <Method visited="false" cyclomaticComplexity="1" nPathComplexity="0" sequenceCoverage="0" branchCoverage="0" crapScore="2" isConstructor="false" isStatic="false" isGetter="false" isSetter="true">
              <Summary numSequencePoints="1" visitedSequencePoints="0" numBranchPoints="1" visitedBranchPoints="0" sequenceCoverage="0" branchCoverage="0" maxCyclomaticComplexity="1" minCyclomaticComplexity="1" maxCrapScore="2" minCrapScore="2" visitedClasses="0" numClasses="0" visitedMethods="0" numMethods="1" />
              <MetadataToken>100663328</MetadataToken>
              <Name>System.Void ControleDeTarefas_2._0.ConsoleApp.ConsoleApp.Tarefa::set_Prioridade(System.Int32)</Name>
              <FileRef uid="5" />
              <SequencePoints>
                <SequencePoint vc="0" uspid="280" ordinal="0" offset="0" sl="25" sc="38" el="25" ec="42" bec="0" bev="0" fileid="5" />
              </SequencePoints>
              <BranchPoints />
              <MethodPoint xsi:type="SequencePoint" vc="0" uspid="280" ordinal="0" offset="0" sl="25" sc="38" el="25" ec="42" bec="0" bev="0" fileid="5" />
            </Method>
            <Method visited="false" cyclomaticComplexity="1" nPathComplexity="0" sequenceCoverage="0" branchCoverage="0" crapScore="2" isConstructor="false" isStatic="false" isGetter="true" isSetter="false">
              <Summary numSequencePoints="1" visitedSequencePoints="0" numBranchPoints="1" visitedBranchPoints="0" sequenceCoverage="0" branchCoverage="0" maxCyclomaticComplexity="1" minCyclomaticComplexity="1" maxCrapScore="2" minCrapScore="2" visitedClasses="0" numClasses="0" visitedMethods="0" numMethods="1" />
              <MetadataToken>100663329</MetadataToken>
              <Name>System.DateTime ControleDeTarefas_2._0.ConsoleApp.ConsoleApp.Tarefa::get_DataCriacao()</Name>
              <FileRef uid="5" />
              <SequencePoints>
                <SequencePoint vc="0" uspid="281" ordinal="0" offset="0" sl="27" sc="39" el="27" ec="43" bec="0" bev="0" fileid="5" />
              </SequencePoints>
              <BranchPoints />
              <MethodPoint xsi:type="SequencePoint" vc="0" uspid="281" ordinal="0" offset="0" sl="27" sc="39" el="27" ec="43" bec="0" bev="0" fileid="5" />
            </Method>
            <Method visited="false" cyclomaticComplexity="1" nPathComplexity="0" sequenceCoverage="0" branchCoverage="0" crapScore="2" isConstructor="false" isStatic="false" isGetter="false" isSetter="true">
              <Summary numSequencePoints="1" visitedSequencePoints="0" numBranchPoints="1" visitedBranchPoints="0" sequenceCoverage="0" branchCoverage="0" maxCyclomaticComplexity="1" minCyclomaticComplexity="1" maxCrapScore="2" minCrapScore="2" visitedClasses="0" numClasses="0" visitedMethods="0" numMethods="1" />
              <MetadataToken>100663330</MetadataToken>
              <Name>System.Void ControleDeTarefas_2._0.ConsoleApp.ConsoleApp.Tarefa::set_DataCriacao(System.DateTime)</Name>
              <FileRef uid="5" />
              <SequencePoints>
                <SequencePoint vc="0" uspid="282" ordinal="0" offset="0" sl="27" sc="44" el="27" ec="48" bec="0" bev="0" fileid="5" />
              </SequencePoints>
              <BranchPoints />
              <MethodPoint xsi:type="SequencePoint" vc="0" uspid="282" ordinal="0" offset="0" sl="27" sc="44" el="27" ec="48" bec="0" bev="0" fileid="5" />
            </Method>
            <Method visited="false" cyclomaticComplexity="1" nPathComplexity="0" sequenceCoverage="0" branchCoverage="0" crapScore="2" isConstructor="false" isStatic="false" isGetter="true" isSetter="false">
              <Summary numSequencePoints="1" visitedSequencePoints="0" numBranchPoints="1" visitedBranchPoints="0" sequenceCoverage="0" branchCoverage="0" maxCyclomaticComplexity="1" minCyclomaticComplexity="1" maxCrapScore="2" minCrapScore="2" visitedClasses="0" numClasses="0" visitedMethods="0" numMethods="1" />
              <MetadataToken>100663331</MetadataToken>
              <Name>System.DateTime ControleDeTarefas_2._0.ConsoleApp.ConsoleApp.Tarefa::get_DataConclusao()</Name>
              <FileRef uid="5" />
              <SequencePoints>
                <SequencePoint vc="0" uspid="283" ordinal="0" offset="0" sl="29" sc="41" el="29" ec="45" bec="0" bev="0" fileid="5" />
              </SequencePoints>
              <BranchPoints />
              <MethodPoint xsi:type="SequencePoint" vc="0" uspid="283" ordinal="0" offset="0" sl="29" sc="41" el="29" ec="45" bec="0" bev="0" fileid="5" />
            </Method>
            <Method visited="false" cyclomaticComplexity="1" nPathComplexity="0" sequenceCoverage="0" branchCoverage="0" crapScore="2" isConstructor="false" isStatic="false" isGetter="false" isSetter="true">
              <Summary numSequencePoints="1" visitedSequencePoints="0" numBranchPoints="1" visitedBranchPoints="0" sequenceCoverage="0" branchCoverage="0" maxCyclomaticComplexity="1" minCyclomaticComplexity="1" maxCrapScore="2" minCrapScore="2" visitedClasses="0" numClasses="0" visitedMethods="0" numMethods="1" />
              <MetadataToken>100663332</MetadataToken>
              <Name>System.Void ControleDeTarefas_2._0.ConsoleApp.ConsoleApp.Tarefa::set_DataConclusao(System.DateTime)</Name>
              <FileRef uid="5" />
              <SequencePoints>
                <SequencePoint vc="0" uspid="284" ordinal="0" offset="0" sl="29" sc="46" el="29" ec="50" bec="0" bev="0" fileid="5" />
              </SequencePoints>
              <BranchPoints />
              <MethodPoint xsi:type="SequencePoint" vc="0" uspid="284" ordinal="0" offset="0" sl="29" sc="46" el="29" ec="50" bec="0" bev="0" fileid="5" />
            </Method>
            <Method visited="false" cyclomaticComplexity="1" nPathComplexity="0" sequenceCoverage="0" branchCoverage="0" crapScore="2" isConstructor="false" isStatic="false" isGetter="true" isSetter="false">
              <Summary numSequencePoints="1" visitedSequencePoints="0" numBranchPoints="1" visitedBranchPoints="0" sequenceCoverage="0" branchCoverage="0" maxCyclomaticComplexity="1" minCyclomaticComplexity="1" maxCrapScore="2" minCrapScore="2" visitedClasses="0" numClasses="0" visitedMethods="0" numMethods="1" />
              <MetadataToken>100663333</MetadataToken>
              <Name>System.Int32 ControleDeTarefas_2._0.ConsoleApp.ConsoleApp.Tarefa::get_PercentualConcluido()</Name>
              <FileRef uid="5" />
              <SequencePoints>
                <SequencePoint vc="0" uspid="285" ordinal="0" offset="0" sl="31" sc="42" el="31" ec="46" bec="0" bev="0" fileid="5" />
              </SequencePoints>
              <BranchPoints />
              <MethodPoint xsi:type="SequencePoint" vc="0" uspid="285" ordinal="0" offset="0" sl="31" sc="42" el="31" ec="46" bec="0" bev="0" fileid="5" />
            </Method>
            <Method visited="false" cyclomaticComplexity="1" nPathComplexity="0" sequenceCoverage="0" branchCoverage="0" crapScore="2" isConstructor="false" isStatic="false" isGetter="false" isSetter="true">
              <Summary numSequencePoints="1" visitedSequencePoints="0" numBranchPoints="1" visitedBranchPoints="0" sequenceCoverage="0" branchCoverage="0" maxCyclomaticComplexity="1" minCyclomaticComplexity="1" maxCrapScore="2" minCrapScore="2" visitedClasses="0" numClasses="0" visitedMethods="0" numMethods="1" />
              <MetadataToken>100663334</MetadataToken>
              <Name>System.Void ControleDeTarefas_2._0.ConsoleApp.ConsoleApp.Tarefa::set_PercentualConcluido(System.Int32)</Name>
              <FileRef uid="5" />
              <SequencePoints>
                <SequencePoint vc="0" uspid="286" ordinal="0" offset="0" sl="31" sc="47" el="31" ec="51" bec="0" bev="0" fileid="5" />
              </SequencePoints>
              <BranchPoints />
              <MethodPoint xsi:type="SequencePoint" vc="0" uspid="286" ordinal="0" offset="0" sl="31" sc="47" el="31" ec="51" bec="0" bev="0" fileid="5" />
            </Method>
            <Method visited="false" cyclomaticComplexity="1" nPathComplexity="0" sequenceCoverage="0" branchCoverage="0" crapScore="2" isConstructor="true" isStatic="false" isGetter="false" isSetter="false">
              <Summary numSequencePoints="8" visitedSequencePoints="0" numBranchPoints="1" visitedBranchPoints="0" sequenceCoverage="0" branchCoverage="0" maxCyclomaticComplexity="1" minCyclomaticComplexity="1" maxCrapScore="2" minCrapScore="2" visitedClasses="0" numClasses="0" visitedMethods="0" numMethods="1" />
              <MetadataToken>100663322</MetadataToken>
              <Name>System.Void ControleDeTarefas_2._0.ConsoleApp.ConsoleApp.Tarefa::.ctor(System.String,System.Int32,System.DateTime,System.DateTime,System.Int32)</Name>
              <FileRef uid="5" />
              <SequencePoints>
                <SequencePoint vc="0" uspid="287" ordinal="0" offset="0" sl="12" sc="9" el="12" ec="124" bec="0" bev="0" fileid="5" />
                <SequencePoint vc="0" uspid="288" ordinal="1" offset="7" sl="13" sc="9" el="13" ec="10" bec="0" bev="0" fileid="5" />
                <SequencePoint vc="0" uspid="289" ordinal="2" offset="8" sl="14" sc="13" el="14" ec="29" bec="0" bev="0" fileid="5" />
                <SequencePoint vc="0" uspid="290" ordinal="3" offset="16" sl="15" sc="13" el="15" ec="37" bec="0" bev="0" fileid="5" />
                <SequencePoint vc="0" uspid="291" ordinal="4" offset="24" sl="16" sc="13" el="16" ec="39" bec="0" bev="0" fileid="5" />
                <SequencePoint vc="0" uspid="292" ordinal="5" offset="32" sl="17" sc="13" el="17" ec="43" bec="0" bev="0" fileid="5" />
                <SequencePoint vc="0" uspid="293" ordinal="6" offset="41" sl="18" sc="13" el="18" ec="55" bec="0" bev="0" fileid="5" />
                <SequencePoint vc="0" uspid="294" ordinal="7" offset="50" sl="19" sc="9" el="19" ec="10" bec="0" bev="0" fileid="5" />
              </SequencePoints>
              <BranchPoints />
              <MethodPoint xsi:type="SequencePoint" vc="0" uspid="287" ordinal="0" offset="0" sl="12" sc="9" el="12" ec="124" bec="0" bev="0" fileid="5" />
            </Method>
          </Methods>
        </Class>
        <Class>
          <Summary numSequencePoints="32" visitedSequencePoints="9" numBranchPoints="7" visitedBranchPoints="2" sequenceCoverage="28.12" branchCoverage="28.57" maxCyclomaticComplexity="5" minCyclomaticComplexity="1" maxCrapScore="6.14" minCrapScore="2" visitedClasses="1" numClasses="1" visitedMethods="1" numMethods="3" />
          <FullName>ControleDeTarefas_2._0.ConsoleApp.ConsoleApp.TelaBase</FullName>
          <Methods>
            <Method visited="false" cyclomaticComplexity="1" nPathComplexity="0" sequenceCoverage="0" branchCoverage="0" crapScore="2" isConstructor="false" isStatic="false" isGetter="false" isSetter="false">
              <Summary numSequencePoints="11" visitedSequencePoints="0" numBranchPoints="1" visitedBranchPoints="0" sequenceCoverage="0" branchCoverage="0" maxCyclomaticComplexity="1" minCyclomaticComplexity="1" maxCrapScore="2" minCrapScore="2" visitedClasses="0" numClasses="0" visitedMethods="0" numMethods="1" />
              <MetadataToken>100663335</MetadataToken>
              <Name>System.String ControleDeTarefas_2._0.ConsoleApp.ConsoleApp.TelaBase::ObterOpcao()</Name>
              <FileRef uid="6" />
              <SequencePoints>
                <SequencePoint vc="0" uspid="295" ordinal="0" offset="0" sl="11" sc="9" el="11" ec="10" bec="0" bev="0" fileid="6" />
                <SequencePoint vc="0" uspid="296" ordinal="1" offset="1" sl="12" sc="13" el="12" ec="70" bec="0" bev="0" fileid="6" />
                <SequencePoint vc="0" uspid="297" ordinal="2" offset="12" sl="13" sc="13" el="13" ec="69" bec="0" bev="0" fileid="6" />
                <SequencePoint vc="0" uspid="298" ordinal="3" offset="23" sl="14" sc="13" el="14" ec="67" bec="0" bev="0" fileid="6" />
                <SequencePoint vc="0" uspid="299" ordinal="4" offset="34" sl="15" sc="13" el="15" ec="68" bec="0" bev="0" fileid="6" />
                <SequencePoint vc="0" uspid="300" ordinal="5" offset="45" sl="17" sc="13" el="17" ec="55" bec="0" bev="0" fileid="6" />
                <SequencePoint vc="0" uspid="301" ordinal="6" offset="56" sl="18" sc="13" el="18" ec="33" bec="0" bev="0" fileid="6" />
                <SequencePoint vc="0" uspid="302" ordinal="7" offset="62" sl="20" sc="13" el="20" ec="38" bec="0" bev="0" fileid="6" />
                <SequencePoint vc="0" uspid="303" ordinal="8" offset="73" sl="21" sc="13" el="21" ec="47" bec="0" bev="0" fileid="6" />
                <SequencePoint vc="0" uspid="304" ordinal="9" offset="79" sl="23" sc="13" el="23" ec="26" bec="0" bev="0" fileid="6" />
                <SequencePoint vc="0" uspid="305" ordinal="10" offset="83" sl="24" sc="9" el="24" ec="10" bec="0" bev="0" fileid="6" />
              </SequencePoints>
              <BranchPoints />
              <MethodPoint xsi:type="SequencePoint" vc="0" uspid="295" ordinal="0" offset="0" sl="11" sc="9" el="11" ec="10" bec="0" bev="0" fileid="6" />
            </Method>
            <Method visited="true" cyclomaticComplexity="5" nPathComplexity="4" sequenceCoverage="64.29" branchCoverage="40" crapScore="6.14" isConstructor="false" isStatic="false" isGetter="false" isSetter="false">
              <Summary numSequencePoints="14" visitedSequencePoints="9" numBranchPoints="5" visitedBranchPoints="2" sequenceCoverage="64.29" branchCoverage="40" maxCyclomaticComplexity="5" minCyclomaticComplexity="5" maxCrapScore="6.14" minCrapScore="6.14" visitedClasses="0" numClasses="0" visitedMethods="1" numMethods="1" />
              <MetadataToken>100663336</MetadataToken>
              <Name>System.Void ControleDeTarefas_2._0.ConsoleApp.ConsoleApp.TelaBase::ApresentarMensagem(System.String,ControleDeTarefas_2._0.ConsoleApp.ConsoleApp.Telas.TipoMensagem)</Name>
              <FileRef uid="6" />
              <SequencePoints>
                <SequencePoint vc="1" uspid="306" ordinal="0" offset="0" sl="27" sc="9" el="27" ec="10" bec="0" bev="0" fileid="6" />
                <SequencePoint vc="1" uspid="307" ordinal="1" offset="1" sl="28" sc="13" el="28" ec="24" bec="4" bev="1" fileid="6" />
                <SequencePoint vc="0" uspid="308" ordinal="2" offset="25" sl="31" sc="21" el="31" ec="66" bec="0" bev="0" fileid="6" />
                <SequencePoint vc="0" uspid="309" ordinal="3" offset="33" sl="32" sc="21" el="32" ec="27" bec="0" bev="0" fileid="6" />
                <SequencePoint vc="0" uspid="310" ordinal="4" offset="35" sl="35" sc="21" el="35" ec="71" bec="0" bev="0" fileid="6" />
                <SequencePoint vc="0" uspid="311" ordinal="5" offset="42" sl="36" sc="21" el="36" ec="27" bec="0" bev="0" fileid="6" />
                <SequencePoint vc="1" uspid="312" ordinal="6" offset="44" sl="39" sc="21" el="39" ec="64" bec="0" bev="0" fileid="6" />
                <SequencePoint vc="1" uspid="313" ordinal="7" offset="52" sl="40" sc="21" el="40" ec="27" bec="0" bev="0" fileid="6" />
                <SequencePoint vc="0" uspid="314" ordinal="8" offset="54" sl="43" sc="21" el="43" ec="27" bec="0" bev="0" fileid="6" />
                <SequencePoint vc="1" uspid="315" ordinal="9" offset="56" sl="46" sc="13" el="46" ec="33" bec="0" bev="0" fileid="6" />
                <SequencePoint vc="1" uspid="316" ordinal="10" offset="62" sl="47" sc="13" el="47" ec="41" bec="0" bev="0" fileid="6" />
[...]
                <SequencePoint vc="0" uspid="555" ordinal="11" offset="75" sl="42" sc="17" el="42" ec="63" bec="0" bev="0" fileid="10" />
                <SequencePoint vc="0" uspid="556" ordinal="12" offset="93" sl="43" sc="17" el="43" ec="73" bec="0" bev="0" fileid="10" />
                <SequencePoint vc="0" uspid="557" ordinal="13" offset="111" sl="44" sc="17" el="44" ec="79" bec="0" bev="0" fileid="10" />
                <SequencePoint vc="0" uspid="558" ordinal="14" offset="129" sl="45" sc="17" el="45" ec="89" bec="0" bev="0" fileid="10" />
                <SequencePoint vc="0" uspid="559" ordinal="15" offset="147" sl="46" sc="17" el="46" ec="93" bec="0" bev="0" fileid="10" />
                <SequencePoint vc="0" uspid="560" ordinal="16" offset="165" sl="47" sc="17" el="47" ec="97" bec="0" bev="0" fileid="10" />
                <SequencePoint vc="0" uspid="561" ordinal="17" offset="183" sl="49" sc="17" el="49" ec="107" bec="0" bev="0" fileid="10" />
                <SequencePoint vc="0" uspid="562" ordinal="18" offset="200" sl="50" sc="17" el="50" ec="28" bec="0" bev="0" fileid="10" />
                <SequencePoint vc="0" uspid="563" ordinal="19" offset="210" sl="52" sc="17" el="52" ec="33" bec="0" bev="0" fileid="10" />
                <SequencePoint vc="0" uspid="564" ordinal="20" offset="220" sl="53" sc="13" el="53" ec="14" bec="0" bev="0" fileid="10" />
                <SequencePoint vc="0" uspid="565" ordinal="21" offset="221" sl="40" sc="13" el="40" ec="41" bec="2" bev="0" fileid="10" />
                <SequencePoint vc="0" uspid="566" ordinal="22" offset="236" sl="55" sc="13" el="55" ec="37" bec="0" bev="0" fileid="10" />
                <SequencePoint vc="0" uspid="567" ordinal="23" offset="243" sl="57" sc="13" el="57" ec="28" bec="0" bev="0" fileid="10" />
                <SequencePoint vc="0" uspid="568" ordinal="24" offset="249" sl="58" sc="9" el="58" ec="10" bec="0" bev="0" fileid="10" />
              </SequencePoints>
              <BranchPoints>
                <BranchPoint vc="0" uspid="569" ordinal="0" offset="231" sl="40" path="0" offsetend="236" fileid="10" />
                <BranchPoint vc="0" uspid="570" ordinal="1" offset="231" sl="40" path="1" offsetend="74" fileid="10" />
              </BranchPoints>
              <MethodPoint xsi:type="SequencePoint" vc="0" uspid="544" ordinal="0" offset="0" sl="15" sc="9" el="15" ec="10" bec="0" bev="0" fileid="10" />
            </Method>
            <Method visited="false" cyclomaticComplexity="1" nPathComplexity="0" sequenceCoverage="0" branchCoverage="0" crapScore="2" isConstructor="false" isStatic="false" isGetter="false" isSetter="false">
              <Summary numSequencePoints="23" visitedSequencePoints="0" numBranchPoints="1" visitedBranchPoints="0" sequenceCoverage="0" branchCoverage="0" maxCyclomaticComplexity="1" minCyclomaticComplexity="1" maxCrapScore="2" minCrapScore="2" visitedClasses="0" numClasses="0" visitedMethods="0" numMethods="1" />
              <MetadataToken>100663371</MetadataToken>
              <Name>System.String ControleDeTarefas_2._0.ConsoleApp.Controladores.ControladorTarefa::InserirNovo(ControleDeTarefas_2._0.ConsoleApp.ConsoleApp.Tarefa)</Name>
              <FileRef uid="10" />
              <SequencePoints>
                <SequencePoint vc="0" uspid="571" ordinal="0" offset="0" sl="61" sc="9" el="61" ec="10" bec="0" bev="0" fileid="10" />
                <SequencePoint vc="0" uspid="572" ordinal="1" offset="1" sl="62" sc="13" el="62" ec="65" bec="0" bev="0" fileid="10" />
                <SequencePoint vc="0" uspid="573" ordinal="2" offset="7" sl="63" sc="13" el="63" ec="66" bec="0" bev="0" fileid="10" />
                <SequencePoint vc="0" uspid="574" ordinal="3" offset="20" sl="64" sc="13" el="64" ec="36" bec="0" bev="0" fileid="10" />
                <SequencePoint vc="0" uspid="575" ordinal="4" offset="27" sl="66" sc="13" el="66" ec="59" bec="0" bev="0" fileid="10" />
                <SequencePoint vc="0" uspid="576" ordinal="5" offset="33" sl="67" sc="13" el="67" ec="58" bec="0" bev="0" fileid="10" />
                <SequencePoint vc="0" uspid="577" ordinal="6" offset="41" sl="69" sc="13" el="85" ec="21" bec="0" bev="0" fileid="10" />
                <SequencePoint vc="0" uspid="578" ordinal="7" offset="47" sl="87" sc="13" el="88" ec="45" bec="0" bev="0" fileid="10" />
                <SequencePoint vc="0" uspid="579" ordinal="8" offset="59" sl="90" sc="13" el="90" ec="55" bec="0" bev="0" fileid="10" />
                <SequencePoint vc="0" uspid="580" ordinal="9" offset="67" sl="92" sc="13" el="92" ec="14" bec="0" bev="0" fileid="10" />
                <SequencePoint vc="0" uspid="581" ordinal="10" offset="68" sl="93" sc="17" el="93" ec="82" bec="0" bev="0" fileid="10" />
                <SequencePoint vc="0" uspid="582" ordinal="11" offset="91" sl="94" sc="17" el="94" ec="90" bec="0" bev="0" fileid="10" />
                <SequencePoint vc="0" uspid="583" ordinal="12" offset="119" sl="95" sc="17" el="95" ec="92" bec="0" bev="0" fileid="10" />
                <SequencePoint vc="0" uspid="584" ordinal="13" offset="147" sl="96" sc="17" el="96" ec="96" bec="0" bev="0" fileid="10" />
                <SequencePoint vc="0" uspid="585" ordinal="14" offset="175" sl="97" sc="17" el="97" ec="108" bec="0" bev="0" fileid="10" />
                <SequencePoint vc="0" uspid="586" ordinal="15" offset="203" sl="99" sc="17" el="99" ec="61" bec="0" bev="0" fileid="10" />
                <SequencePoint vc="0" uspid="587" ordinal="16" offset="210" sl="101" sc="17" el="101" ec="49" bec="0" bev="0" fileid="10" />
                <SequencePoint vc="0" uspid="588" ordinal="17" offset="223" sl="103" sc="17" el="103" ec="41" bec="0" bev="0" fileid="10" />
                <SequencePoint vc="0" uspid="589" ordinal="18" offset="230" sl="104" sc="17" el="104" ec="50" bec="0" bev="0" fileid="10" />
                <SequencePoint vc="0" uspid="590" ordinal="19" offset="239" sl="106" sc="13" el="106" ec="18" bec="0" bev="0" fileid="10" />
                <SequencePoint vc="0" uspid="591" ordinal="20" offset="240" sl="107" sc="13" el="107" ec="14" bec="0" bev="0" fileid="10" />
                <SequencePoint vc="0" uspid="592" ordinal="21" offset="241" sl="108" sc="17" el="108" ec="45" bec="0" bev="0" fileid="10" />
                <SequencePoint vc="0" uspid="593" ordinal="22" offset="250" sl="110" sc="9" el="110" ec="10" bec="0" bev="0" fileid="10" />
              </SequencePoints>
              <BranchPoints />
              <MethodPoint xsi:type="SequencePoint" vc="0" uspid="571" ordinal="0" offset="0" sl="61" sc="9" el="61" ec="10" bec="0" bev="0" fileid="10" />
            </Method>
            <Method visited="false" cyclomaticComplexity="2" nPathComplexity="2" sequenceCoverage="0" branchCoverage="0" crapScore="6" isConstructor="false" isStatic="false" isGetter="false" isSetter="false">
              <Summary numSequencePoints="23" visitedSequencePoints="0" numBranchPoints="3" visitedBranchPoints="0" sequenceCoverage="0" branchCoverage="0" maxCyclomaticComplexity="2" minCyclomaticComplexity="2" maxCrapScore="6" minCrapScore="6" visitedClasses="0" numClasses="0" visitedMethods="0" numMethods="1" />
              <MetadataToken>100663372</MetadataToken>
              <Name>ControleDeTarefas_2._0.ConsoleApp.ConsoleApp.Tarefa ControleDeTarefas_2._0.ConsoleApp.Controladores.ControladorTarefa::SelecionarRegistroPorId(System.Int32)</Name>
              <FileRef uid="10" />
              <SequencePoints>
                <SequencePoint vc="0" uspid="594" ordinal="0" offset="0" sl="113" sc="9" el="113" ec="10" bec="0" bev="0" fileid="10" />
                <SequencePoint vc="0" uspid="595" ordinal="1" offset="1" sl="114" sc="13" el="114" ec="65" bec="0" bev="0" fileid="10" />
                <SequencePoint vc="0" uspid="596" ordinal="2" offset="7" sl="115" sc="13" el="115" ec="66" bec="0" bev="0" fileid="10" />
                <SequencePoint vc="0" uspid="597" ordinal="3" offset="20" sl="116" sc="13" el="116" ec="36" bec="0" bev="0" fileid="10" />
                <SequencePoint vc="0" uspid="598" ordinal="4" offset="27" sl="118" sc="13" el="118" ec="58" bec="0" bev="0" fileid="10" />
                <SequencePoint vc="0" uspid="599" ordinal="5" offset="33" sl="119" sc="13" el="119" ec="57" bec="0" bev="0" fileid="10" />
                <SequencePoint vc="0" uspid="600" ordinal="6" offset="41" sl="121" sc="13" el="132" ec="35" bec="0" bev="0" fileid="10" />
                <SequencePoint vc="0" uspid="601" ordinal="7" offset="47" sl="134" sc="13" el="134" ec="53" bec="0" bev="0" fileid="10" />
                <SequencePoint vc="0" uspid="602" ordinal="8" offset="55" sl="135" sc="13" el="135" ec="72" bec="0" bev="0" fileid="10" />
                <SequencePoint vc="0" uspid="603" ordinal="9" offset="78" sl="137" sc="13" el="137" ec="74" bec="0" bev="0" fileid="10" />
                <SequencePoint vc="0" uspid="604" ordinal="10" offset="85" sl="139" sc="13" el="139" ec="47" bec="2" bev="0" fileid="10" />
                <SequencePoint vc="0" uspid="605" ordinal="11" offset="100" sl="140" sc="17" el="140" ec="29" bec="0" bev="0" fileid="10" />
                <SequencePoint vc="0" uspid="606" ordinal="12" offset="108" sl="142" sc="13" el="142" ec="59" bec="0" bev="0" fileid="10" />
                <SequencePoint vc="0" uspid="607" ordinal="13" offset="126" sl="143" sc="13" el="143" ec="69" bec="0" bev="0" fileid="10" />
                <SequencePoint vc="0" uspid="608" ordinal="14" offset="144" sl="144" sc="13" el="144" ec="75" bec="0" bev="0" fileid="10" />
                <SequencePoint vc="0" uspid="609" ordinal="15" offset="162" sl="145" sc="13" el="145" ec="85" bec="0" bev="0" fileid="10" />
                <SequencePoint vc="0" uspid="610" ordinal="16" offset="180" sl="146" sc="13" el="146" ec="89" bec="0" bev="0" fileid="10" />
                <SequencePoint vc="0" uspid="611" ordinal="17" offset="198" sl="147" sc="13" el="147" ec="84" bec="0" bev="0" fileid="10" />
                <SequencePoint vc="0" uspid="612" ordinal="18" offset="216" sl="149" sc="13" el="149" ec="103" bec="0" bev="0" fileid="10" />
                <SequencePoint vc="0" uspid="613" ordinal="19" offset="233" sl="150" sc="13" el="150" ec="24" bec="0" bev="0" fileid="10" />
                <SequencePoint vc="0" uspid="614" ordinal="20" offset="243" sl="152" sc="13" el="152" ec="37" bec="0" bev="0" fileid="10" />
                <SequencePoint vc="0" uspid="615" ordinal="21" offset="250" sl="154" sc="13" el="154" ec="23" bec="0" bev="0" fileid="10" />
                <SequencePoint vc="0" uspid="616" ordinal="22" offset="256" sl="155" sc="9" el="155" ec="10" bec="0" bev="0" fileid="10" />
              </SequencePoints>
              <BranchPoints>
                <BranchPoint vc="0" uspid="617" ordinal="0" offset="98" sl="139" path="0" offsetend="100" fileid="10" />
                <BranchPoint vc="0" uspid="618" ordinal="1" offset="98" sl="139" path="1" offsetend="108" fileid="10" />
              </BranchPoints>
              <MethodPoint xsi:type="SequencePoint" vc="0" uspid="594" ordinal="0" offset="0" sl="113" sc="9" el="113" ec="10" bec="0" bev="0" fileid="10" />
            </Method>
            <Method visited="false" cyclomaticComplexity="1" nPathComplexity="0" sequenceCoverage="0" branchCoverage="0" crapScore="2" isConstructor="false" isStatic="false" isGetter="false" isSetter="false">
              <Summary numSequencePoints="21" visitedSequencePoints="0" numBranchPoints="1" visitedBranchPoints="0" sequenceCoverage="0" branchCoverage="0" maxCyclomaticComplexity="1" minCyclomaticComplexity="1" maxCrapScore="2" minCrapScore="2" visitedClasses="0" numClasses="0" visitedMethods="0" numMethods="1" />
              <MetadataToken>100663373</MetadataToken>
              <Name>System.String ControleDeTarefas_2._0.ConsoleApp.Controladores.ControladorTarefa::EditarRegistro(System.Int32,ControleDeTarefas_2._0.ConsoleApp.ConsoleApp.Tarefa)</Name>
              <FileRef uid="10" />
              <SequencePoints>
                <SequencePoint vc="0" uspid="619" ordinal="0" offset="0" sl="158" sc="9" el="158" ec="10" bec="0" bev="0" fileid="10" />
                <SequencePoint vc="0" uspid="620" ordinal="1" offset="1" sl="159" sc="13" el="159" ec="65" bec="0" bev="0" fileid="10" />
                <SequencePoint vc="0" uspid="621" ordinal="2" offset="7" sl="160" sc="13" el="160" ec="66" bec="0" bev="0" fileid="10" />
                <SequencePoint vc="0" uspid="622" ordinal="3" offset="20" sl="161" sc="13" el="161" ec="36" bec="0" bev="0" fileid="10" />
                <SequencePoint vc="0" uspid="623" ordinal="4" offset="27" sl="163" sc="13" el="163" ec="62" bec="0" bev="0" fileid="10" />
                <SequencePoint vc="0" uspid="624" ordinal="5" offset="33" sl="164" sc="13" el="164" ec="61" bec="0" bev="0" fileid="10" />
                <SequencePoint vc="0" uspid="625" ordinal="6" offset="41" sl="166" sc="13" el="174" ec="31" bec="0" bev="0" fileid="10" />
                <SequencePoint vc="0" uspid="626" ordinal="7" offset="47" sl="176" sc="13" el="176" ec="14" bec="0" bev="0" fileid="10" />
                <SequencePoint vc="0" uspid="627" ordinal="8" offset="48" sl="177" sc="17" el="177" ec="65" bec="0" bev="0" fileid="10" />
                <SequencePoint vc="0" uspid="628" ordinal="9" offset="56" sl="179" sc="17" el="179" ec="81" bec="0" bev="0" fileid="10" />
                <SequencePoint vc="0" uspid="629" ordinal="10" offset="79" sl="180" sc="17" el="180" ec="85" bec="0" bev="0" fileid="10" />
                <SequencePoint vc="0" uspid="630" ordinal="11" offset="102" sl="181" sc="17" el="181" ec="93" bec="0" bev="0" fileid="10" />
                <SequencePoint vc="0" uspid="631" ordinal="12" offset="130" sl="182" sc="17" el="182" ec="95" bec="0" bev="0" fileid="10" />
                <SequencePoint vc="0" uspid="632" ordinal="13" offset="158" sl="183" sc="17" el="183" ec="111" bec="0" bev="0" fileid="10" />
                <SequencePoint vc="0" uspid="633" ordinal="14" offset="186" sl="185" sc="17" el="185" ec="54" bec="0" bev="0" fileid="10" />
                <SequencePoint vc="0" uspid="634" ordinal="15" offset="193" sl="187" sc="17" el="187" ec="41" bec="0" bev="0" fileid="10" />
                <SequencePoint vc="0" uspid="635" ordinal="16" offset="200" sl="188" sc="17" el="188" ec="50" bec="0" bev="0" fileid="10" />
                <SequencePoint vc="0" uspid="636" ordinal="17" offset="208" sl="190" sc="13" el="190" ec="18" bec="0" bev="0" fileid="10" />
                <SequencePoint vc="0" uspid="637" ordinal="18" offset="209" sl="191" sc="13" el="191" ec="14" bec="0" bev="0" fileid="10" />
                <SequencePoint vc="0" uspid="638" ordinal="19" offset="210" sl="192" sc="17" el="192" ec="45" bec="0" bev="0" fileid="10" />
                <SequencePoint vc="0" uspid="639" ordinal="20" offset="218" sl="194" sc="9" el="194" ec="10" bec="0" bev="0" fileid="10" />
              </SequencePoints>
              <BranchPoints />
              <MethodPoint xsi:type="SequencePoint" vc="0" uspid="619" ordinal="0" offset="0" sl="158" sc="9" el="158" ec="10" bec="0" bev="0" fileid="10" />
            </Method>
            <Method visited="false" cyclomaticComplexity="1" nPathComplexity="0" sequenceCoverage="0" branchCoverage="0" crapScore="2" isConstructor="false" isStatic="false" isGetter="false" isSetter="false">
              <Summary numSequencePoints="17" visitedSequencePoints="0" numBranchPoints="1" visitedBranchPoints="0" sequenceCoverage="0" branchCoverage="0" maxCyclomaticComplexity="1" minCyclomaticComplexity="1" maxCrapScore="2" minCrapScore="2" visitedClasses="0" numClasses="0" visitedMethods="0" numMethods="1" />
              <MetadataToken>100663374</MetadataToken>
              <Name>System.String ControleDeTarefas_2._0.ConsoleApp.Controladores.ControladorTarefa::ExcluirRegistro(ControleDeTarefas_2._0.ConsoleApp.ConsoleApp.Tarefa)</Name>
              <FileRef uid="10" />
              <SequencePoints>
                <SequencePoint vc="0" uspid="640" ordinal="0" offset="0" sl="197" sc="9" el="197" ec="10" bec="0" bev="0" fileid="10" />
                <SequencePoint vc="0" uspid="641" ordinal="1" offset="1" sl="198" sc="13" el="198" ec="65" bec="0" bev="0" fileid="10" />
                <SequencePoint vc="0" uspid="642" ordinal="2" offset="7" sl="199" sc="13" el="199" ec="66" bec="0" bev="0" fileid="10" />
                <SequencePoint vc="0" uspid="643" ordinal="3" offset="20" sl="200" sc="13" el="200" ec="36" bec="0" bev="0" fileid="10" />
                <SequencePoint vc="0" uspid="644" ordinal="4" offset="27" sl="202" sc="13" el="202" ec="59" bec="0" bev="0" fileid="10" />
                <SequencePoint vc="0" uspid="645" ordinal="5" offset="33" sl="203" sc="13" el="203" ec="58" bec="0" bev="0" fileid="10" />
                <SequencePoint vc="0" uspid="646" ordinal="6" offset="41" sl="205" sc="13" el="208" ec="31" bec="0" bev="0" fileid="10" />
                <SequencePoint vc="0" uspid="647" ordinal="7" offset="47" sl="210" sc="13" el="210" ec="14" bec="0" bev="0" fileid="10" />
                <SequencePoint vc="0" uspid="648" ordinal="8" offset="48" sl="211" sc="17" el="211" ec="59" bec="0" bev="0" fileid="10" />
                <SequencePoint vc="0" uspid="649" ordinal="9" offset="56" sl="213" sc="17" el="213" ec="76" bec="0" bev="0" fileid="10" />
                <SequencePoint vc="0" uspid="650" ordinal="10" offset="84" sl="215" sc="17" el="215" ec="51" bec="0" bev="0" fileid="10" />
                <SequencePoint vc="0" uspid="651" ordinal="11" offset="91" sl="217" sc="17" el="217" ec="41" bec="0" bev="0" fileid="10" />
                <SequencePoint vc="0" uspid="652" ordinal="12" offset="98" sl="218" sc="17" el="218" ec="48" bec="0" bev="0" fileid="10" />
                <SequencePoint vc="0" uspid="653" ordinal="13" offset="106" sl="220" sc="13" el="220" ec="18" bec="0" bev="0" fileid="10" />
                <SequencePoint vc="0" uspid="654" ordinal="14" offset="107" sl="221" sc="13" el="221" ec="14" bec="0" bev="0" fileid="10" />
                <SequencePoint vc="0" uspid="655" ordinal="15" offset="108" sl="222" sc="17" el="222" ec="42" bec="0" bev="0" fileid="10" />
                <SequencePoint vc="0" uspid="656" ordinal="16" offset="116" sl="224" sc="9" el="224" ec="10" bec="0" bev="0" fileid="10" />
              </SequencePoints>
              <BranchPoints />
              <MethodPoint xsi:type="SequencePoint" vc="0" uspid="640" ordinal="0" offset="0" sl="197" sc="9" el="197" ec="10" bec="0" bev="0" fileid="10" />
            </Method>
            <Method visited="true" cyclomaticComplexity="1" nPathComplexity="0" sequenceCoverage="100" branchCoverage="100" crapScore="1" isConstructor="true" isStatic="false" isGetter="false" isSetter="false">
              <Summary numSequencePoints="1" visitedSequencePoints="1" numBranchPoints="1" visitedBranchPoints="1" sequenceCoverage="100" branchCoverage="100" maxCyclomaticComplexity="1" minCyclomaticComplexity="1" maxCrapScore="1" minCrapScore="1" visitedClasses="0" numClasses="0" visitedMethods="1" numMethods="1" />
              <MetadataToken>100663375</MetadataToken>
              <Name>System.Void ControleDeTarefas_2._0.ConsoleApp.Controladores.ControladorTarefa::.ctor()</Name>
              <FileRef uid="10" />
              <SequencePoints>
                <SequencePoint vc="6" uspid="657" ordinal="0" offset="0" sl="13" sc="9" el="13" ec="146" bec="0" bev="0" fileid="10" />
              </SequencePoints>
              <BranchPoints />
              <MethodPoint xsi:type="SequencePoint" vc="6" uspid="657" ordinal="0" offset="0" sl="13" sc="9" el="13" ec="146" bec="0" bev="0" fileid="10" />
            </Method>
          </Methods>
        </Class>
      </Classes>
    </Module>
  </Modules>
</CoverageSession>